#
# A fatal error has been detected by the Java Runtime Environment:
#
#  Internal Error (javaClasses.cpp:129), pid=26374, tid=140007734867712
#  fatal error: Invalid layout of preloaded class
#
# JRE version: 7.0_07-b10
# Java VM: Java HotSpot(TM) 64-Bit Server VM (23.3-b01 mixed mode linux-amd64 compressed oops)
# Failed to write core dump. Core dumps have been disabled. To enable core dumping, try "ulimit -c unlimited" before starting Java again
#
# If you would like to submit a bug report, please visit:
#   http://bugreport.sun.com/bugreport/crash.jsp
#

---------------  T H R E A D  ---------------

Current thread (0x00007f5610007000):  JavaThread "Unknown thread" [_thread_in_vm, id=26376, stack(0x00007f56173d7000,0x00007f56174d8000)]

Stack: [0x00007f56173d7000,0x00007f56174d8000],  sp=0x00007f56174d6800,  free space=1022k
Native frames: (J=compiled Java code, j=interpreted, Vv=VM code, C=native code)
V  [libjvm.so+0x8a511a]  VMError::report_and_die()+0x2ea
V  [libjvm.so+0x40ae59]  report_fatal(char const*, int, char const*)+0x59
V  [libjvm.so+0x555897]  compute_offset(int&, klassOopDesc*, Symbol*, Symbol*, bool)+0x137
V  [libjvm.so+0x556a59]  java_lang_String::compute_offsets()+0x39
V  [libjvm.so+0x8341d3]  SystemDictionary::initialize_preloaded_classes(Thread*)+0x143
V  [libjvm.so+0x880314]  Universe::genesis(Thread*)+0x474
V  [libjvm.so+0x8807c4]  universe2_init()+0x24
V  [libjvm.so+0x503cad]  init_globals()+0xbd
V  [libjvm.so+0x866d62]  Threads::create_vm(JavaVMInitArgs*, bool*)+0x1e2
V  [libjvm.so+0x563b64]  JNI_CreateJavaVM+0x74
C  [libjli.so+0x337e]  JavaMain+0x9e


---------------  P R O C E S S  ---------------

Java Threads: ( => current thread )

Other Threads:

=>0x00007f5610007000 (exited) JavaThread "Unknown thread" [_thread_in_vm, id=26376, stack(0x00007f56173d7000,0x00007f56174d8000)]

VM state:not at safepoint (not fully initialized)

VM Mutex/Monitor currently owned by a thread: None

GC Heap History (0 events):
No events

Deoptimization events (0 events):
No events

Internal exceptions (0 events):
No events

Events (10 events):
Event: 0.005 loading class 0x00007f56100311e0 done
Event: 0.005 loading class 0x00007f5610030a80 done
Event: 0.005 loading class 0x00007f5610030a50
Event: 0.005 loading class 0x00007f561005bc40
Event: 0.006 loading class 0x00007f561005bc40 done
Event: 0.006 loading class 0x00007f561005bc80
Event: 0.006 loading class 0x00007f561005bc80 done
Event: 0.006 loading class 0x00007f561005bcc0
Event: 0.006 loading class 0x00007f561005bcc0 done
Event: 0.006 loading class 0x00007f5610030a50 done


Dynamic libraries:
00400000-00401000 r-xp 00000000 08:01 3810547                            /usr/java/jdk1.7.0_07/bin/java
00600000-00601000 rw-p 00000000 08:01 3810547                            /usr/java/jdk1.7.0_07/bin/java
00c4d000-00c6e000 rw-p 00000000 00:00 0                                  [heap]
77ec00000-7800c0000 rw-p 00000000 00:00 0 
7800c0000-783e00000 rw-p 00000000 00:00 0 
783e00000-7890c0000 rw-p 00000000 00:00 0 
7890c0000-7d6a00000 rw-p 00000000 00:00 0 
7d6a00000-7d9360000 rw-p 00000000 00:00 0 
7d9360000-800000000 rw-p 00000000 00:00 0 
7f55dff60000-7f55e4000000 rw-p 00000000 00:00 0 
7f55e4000000-7f55e4021000 rw-p 00000000 00:00 0 
7f55e4021000-7f55e8000000 ---p 00000000 00:00 0 
7f55ec000000-7f55ec021000 rw-p 00000000 00:00 0 
7f55ec021000-7f55f0000000 ---p 00000000 00:00 0 
7f55f2fd8000-7f55f4000000 rw-p 00000000 00:00 0 
7f55f4000000-7f55f4021000 rw-p 00000000 00:00 0 
7f55f4021000-7f55f8000000 ---p 00000000 00:00 0 
7f55f8000000-7f55f8021000 rw-p 00000000 00:00 0 
7f55f8021000-7f55fc000000 ---p 00000000 00:00 0 
7f55fc000000-7f55fc021000 rw-p 00000000 00:00 0 
7f55fc021000-7f5600000000 ---p 00000000 00:00 0 
7f5600000000-7f5600021000 rw-p 00000000 00:00 0 
7f5600021000-7f5604000000 ---p 00000000 00:00 0 
7f5604000000-7f5604021000 rw-p 00000000 00:00 0 
7f5604021000-7f5608000000 ---p 00000000 00:00 0 
7f5608000000-7f5608021000 rw-p 00000000 00:00 0 
7f5608021000-7f560c000000 ---p 00000000 00:00 0 
7f560ce09000-7f560d000000 rw-p 00000000 00:00 0 
7f560d000000-7f560d270000 rwxp 00000000 00:00 0 
7f560d270000-7f5610065000 rw-p 00000000 00:00 0 
7f5610065000-7f5614000000 ---p 00000000 00:00 0 
7f5614039000-7f56140ff000 r--s 0116f000 08:01 5509709                    /usr/local/android-sdk-linux/platforms/android-17/android.jar
7f56140ff000-7f5614100000 ---p 00000000 00:00 0 
7f5614100000-7f5614200000 rw-p 00000000 00:00 0                          [stack:26384]
7f5614200000-7f5614201000 ---p 00000000 00:00 0 
7f5614201000-7f5614301000 rw-p 00000000 00:00 0                          [stack:26383]
7f5614301000-7f5614302000 ---p 00000000 00:00 0 
7f5614302000-7f5614402000 rw-p 00000000 00:00 0                          [stack:26382]
7f5614402000-7f5614403000 ---p 00000000 00:00 0 
7f5614403000-7f5614503000 rw-p 00000000 00:00 0                          [stack:26381]
7f5614503000-7f5614504000 ---p 00000000 00:00 0 
7f5614504000-7f5614604000 rw-p 00000000 00:00 0                          [stack:26380]
7f5614604000-7f5614605000 ---p 00000000 00:00 0 
7f5614605000-7f5614705000 rw-p 00000000 00:00 0                          [stack:26379]
7f5614705000-7f5614706000 ---p 00000000 00:00 0 
7f5614706000-7f5614806000 rw-p 00000000 00:00 0                          [stack:26378]
7f5614806000-7f5614807000 ---p 00000000 00:00 0 
7f5614807000-7f5614931000 rw-p 00000000 00:00 0                          [stack:26377]
7f5614931000-7f5614b9d000 rw-p 00000000 00:00 0 
7f5614b9d000-7f5614ba8000 rw-p 00000000 00:00 0 
7f5614ba8000-7f5614bc6000 rw-p 00000000 00:00 0 
7f5614bc6000-7f5614bf0000 rw-p 00000000 00:00 0 
7f5614bf0000-7f5614e5c000 rw-p 00000000 00:00 0 
7f5614e5c000-7f5614e71000 rw-p 00000000 00:00 0 
7f5614e71000-7f5614fa7000 rw-p 00000000 00:00 0 
7f5614fa7000-7f5614fb2000 rw-p 00000000 00:00 0 
7f5614fb2000-7f5615068000 rw-p 00000000 00:00 0 
7f5615068000-7f5615082000 r-xp 00000000 08:01 4199757                    /usr/java/jdk1.7.0_07/jre/lib/amd64/libzip.so
7f5615082000-7f5615282000 ---p 0001a000 08:01 4199757                    /usr/java/jdk1.7.0_07/jre/lib/amd64/libzip.so
7f5615282000-7f5615283000 rw-p 0001a000 08:01 4199757                    /usr/java/jdk1.7.0_07/jre/lib/amd64/libzip.so
7f5615283000-7f56152ac000 r-xp 00000000 08:01 4199747                    /usr/java/jdk1.7.0_07/jre/lib/amd64/libjava.so
7f56152ac000-7f56154ac000 ---p 00029000 08:01 4199747                    /usr/java/jdk1.7.0_07/jre/lib/amd64/libjava.so
7f56154ac000-7f56154ae000 rw-p 00029000 08:01 4199747                    /usr/java/jdk1.7.0_07/jre/lib/amd64/libjava.so
7f56154ae000-7f56154bb000 r-xp 00000000 08:01 4199745                    /usr/java/jdk1.7.0_07/jre/lib/amd64/libverify.so
7f56154bb000-7f56156ba000 ---p 0000d000 08:01 4199745                    /usr/java/jdk1.7.0_07/jre/lib/amd64/libverify.so
7f56156ba000-7f56156bc000 rw-p 0000c000 08:01 4199745                    /usr/java/jdk1.7.0_07/jre/lib/amd64/libverify.so
7f56156bc000-7f56156c3000 r-xp 00000000 08:01 4461605                    /lib/x86_64-linux-gnu/librt-2.19.so
7f56156c3000-7f56158c2000 ---p 00007000 08:01 4461605                    /lib/x86_64-linux-gnu/librt-2.19.so
7f56158c2000-7f56158c3000 r--p 00006000 08:01 4461605                    /lib/x86_64-linux-gnu/librt-2.19.so
7f56158c3000-7f56158c4000 rw-p 00007000 08:01 4461605                    /lib/x86_64-linux-gnu/librt-2.19.so
7f56158c4000-7f56159c9000 r-xp 00000000 08:01 4461581                    /lib/x86_64-linux-gnu/libm-2.19.so
7f56159c9000-7f5615bc8000 ---p 00105000 08:01 4461581                    /lib/x86_64-linux-gnu/libm-2.19.so
7f5615bc8000-7f5615bc9000 r--p 00104000 08:01 4461581                    /lib/x86_64-linux-gnu/libm-2.19.so
7f5615bc9000-7f5615bca000 rw-p 00105000 08:01 4461581                    /lib/x86_64-linux-gnu/libm-2.19.so
7f5615bca000-7f5616611000 r-xp 00000000 08:01 4460135                    /usr/java/jdk1.7.0_07/jre/lib/amd64/server/libjvm.so
7f5616611000-7f5616810000 ---p 00a47000 08:01 4460135                    /usr/java/jdk1.7.0_07/jre/lib/amd64/server/libjvm.so
7f5616810000-7f56168b3000 rw-p 00a46000 08:01 4460135                    /usr/java/jdk1.7.0_07/jre/lib/amd64/server/libjvm.so
7f56168b3000-7f56168ef000 rw-p 00000000 00:00 0 
7f56168ef000-7f5616aaa000 r-xp 00000000 08:01 4461603                    /lib/x86_64-linux-gnu/libc-2.19.so
7f5616aaa000-7f5616caa000 ---p 001bb000 08:01 4461603                    /lib/x86_64-linux-gnu/libc-2.19.so
7f5616caa000-7f5616cae000 r--p 001bb000 08:01 4461603                    /lib/x86_64-linux-gnu/libc-2.19.so
7f5616cae000-7f5616cb0000 rw-p 001bf000 08:01 4461603                    /lib/x86_64-linux-gnu/libc-2.19.so
7f5616cb0000-7f5616cb5000 rw-p 00000000 00:00 0 
7f5616cb5000-7f5616cb8000 r-xp 00000000 08:01 4461597                    /lib/x86_64-linux-gnu/libdl-2.19.so
7f5616cb8000-7f5616eb7000 ---p 00003000 08:01 4461597                    /lib/x86_64-linux-gnu/libdl-2.19.so
7f5616eb7000-7f5616eb8000 r--p 00002000 08:01 4461597                    /lib/x86_64-linux-gnu/libdl-2.19.so
7f5616eb8000-7f5616eb9000 rw-p 00003000 08:01 4461597                    /lib/x86_64-linux-gnu/libdl-2.19.so
7f5616eb9000-7f5616ecf000 r-xp 00000000 08:01 4333405                    /usr/java/jdk1.7.0_07/jre/lib/amd64/jli/libjli.so
7f5616ecf000-7f56170ce000 ---p 00016000 08:01 4333405                    /usr/java/jdk1.7.0_07/jre/lib/amd64/jli/libjli.so
7f56170ce000-7f56170cf000 rw-p 00015000 08:01 4333405                    /usr/java/jdk1.7.0_07/jre/lib/amd64/jli/libjli.so
7f56170cf000-7f56170e8000 r-xp 00000000 08:01 4461592                    /lib/x86_64-linux-gnu/libpthread-2.19.so
7f56170e8000-7f56172e7000 ---p 00019000 08:01 4461592                    /lib/x86_64-linux-gnu/libpthread-2.19.so
7f56172e7000-7f56172e8000 r--p 00018000 08:01 4461592                    /lib/x86_64-linux-gnu/libpthread-2.19.so
7f56172e8000-7f56172e9000 rw-p 00019000 08:01 4461592                    /lib/x86_64-linux-gnu/libpthread-2.19.so
7f56172e9000-7f56172ed000 rw-p 00000000 00:00 0 
7f56172ed000-7f5617310000 r-xp 00000000 08:01 4461600                    /lib/x86_64-linux-gnu/ld-2.19.so
7f561731b000-7f5617384000 rw-p 00000000 00:00 0 
7f5617384000-7f56173a2000 rw-p 00000000 00:00 0 
7f56173a2000-7f56173d7000 r--s 00000000 08:01 1050420                    /var/cache/nscd/passwd
7f56173d7000-7f56173da000 ---p 00000000 00:00 0 
7f56173da000-7f56174dc000 rw-p 00000000 00:00 0                          [stack:26376]
7f5617501000-7f5617503000 rw-p 00000000 00:00 0 
7f5617503000-7f561750b000 rw-s 00000000 08:01 1838592                    /tmp/hsperfdata_millza04/26374
7f561750b000-7f561750c000 rw-p 00000000 00:00 0 
7f561750c000-7f561750d000 r--p 00000000 00:00 0 
7f561750d000-7f561750f000 rw-p 00000000 00:00 0 
7f561750f000-7f5617510000 r--p 00022000 08:01 4461600                    /lib/x86_64-linux-gnu/ld-2.19.so
7f5617510000-7f5617511000 rw-p 00023000 08:01 4461600                    /lib/x86_64-linux-gnu/ld-2.19.so
7f5617511000-7f5617512000 rw-p 00000000 00:00 0 
7fff450e9000-7fff4510a000 rw-p 00000000 00:00 0                          [stack]
7fff451fe000-7fff45200000 r-xp 00000000 00:00 0                          [vdso]
ffffffffff600000-ffffffffff601000 r-xp 00000000 00:00 0                  [vsyscall]

VM Arguments:
jvm_args: -Dfile.encoding=UTF-8 -Xbootclasspath/p:/usr/local/android-sdk-linux/platforms/android-17/android.jar 
java_command: com.example.cs112bandroid.BattleshipAdvisorGUI
Launcher Type: SUN_STANDARD

Environment Variables:
JAVA_HOME=/usr/java/latest
CLASSPATH=.:/Courses/general/src:/Courses/cs111
PATH=.:/Accounts/turing/students/s18/millza04/bin:/bin:/usr/bin:/usr/local/bin:/Courses/general/bin:/usr/local/lejos_nxj/bin:/usr/games:/usr/local/lejos_nxj/bin
LD_LIBRARY_PATH=/usr/local/lejos_nxj/bin:/usr/lib:/usr/local/lib
SHELL=/bin/bash
DISPLAY=:0.0

Signal Handlers:
SIGSEGV: [libjvm.so+0x8a5a80], sa_mask[0]=0x7ffbfeff, sa_flags=0x10000004
SIGBUS: [libjvm.so+0x8a5a80], sa_mask[0]=0x7ffbfeff, sa_flags=0x10000004
SIGFPE: [libjvm.so+0x741b60], sa_mask[0]=0x7ffbfeff, sa_flags=0x10000004
SIGPIPE: [libjvm.so+0x741b60], sa_mask[0]=0x7ffbfeff, sa_flags=0x10000004
SIGXFSZ: [libjvm.so+0x741b60], sa_mask[0]=0x7ffbfeff, sa_flags=0x10000004
SIGILL: [libjvm.so+0x741b60], sa_mask[0]=0x7ffbfeff, sa_flags=0x10000004
SIGUSR1: SIG_DFL, sa_mask[0]=0x00000000, sa_flags=0x00000000
SIGUSR2: [libjvm.so+0x7414b0], sa_mask[0]=0x00000004, sa_flags=0x10000004
SIGHUP: SIG_DFL, sa_mask[0]=0x00000000, sa_flags=0x00000000
SIGINT: SIG_DFL, sa_mask[0]=0x00000000, sa_flags=0x00000000
SIGTERM: SIG_DFL, sa_mask[0]=0x00000000, sa_flags=0x00000000
SIGQUIT: SIG_DFL, sa_mask[0]=0x00000000, sa_flags=0x00000000


---------------  S Y S T E M  ---------------

OS:jessie/sid

uname:Linux 3.13.0-43-generic #72-Ubuntu SMP Mon Dec 8 19:35:06 UTC 2014 x86_64
libc:glibc 2.19 NPTL 2.19 
rlimit: STACK 8192k, CORE 0k, NPROC 63361, NOFILE 4096, AS infinity
load average:0.44 0.39 0.33

/proc/meminfo:
MemTotal:        8131852 kB
MemFree:         2137116 kB
Buffers:          406312 kB
Cached:          2953044 kB
SwapCached:            0 kB
Active:          3648964 kB
Inactive:        1714064 kB
Active(anon):    2006188 kB
Inactive(anon):    10996 kB
Active(file):    1642776 kB
Inactive(file):  1703068 kB
Unevictable:          32 kB
Mlocked:              32 kB
SwapTotal:       8342524 kB
SwapFree:        8342524 kB
Dirty:                64 kB
Writeback:             0 kB
AnonPages:       2004028 kB
Mapped:           288324 kB
Shmem:             13388 kB
Slab:             309440 kB
SReclaimable:     255704 kB
SUnreclaim:        53736 kB
KernelStack:        5936 kB
PageTables:        41492 kB
NFS_Unstable:          0 kB
Bounce:                0 kB
WritebackTmp:          0 kB
CommitLimit:    12408448 kB
Committed_AS:    5785484 kB
VmallocTotal:   34359738367 kB
VmallocUsed:      113516 kB
VmallocChunk:   34359589924 kB
HardwareCorrupted:     0 kB
AnonHugePages:   1290240 kB
HugePages_Total:       0
HugePages_Free:        0
HugePages_Rsvd:        0
HugePages_Surp:        0
Hugepagesize:       2048 kB
DirectMap4k:      359888 kB
DirectMap2M:     7985152 kB


CPU:total 8 (4 cores per cpu, 2 threads per core) family 6 model 42 stepping 7, cmov, cx8, fxsr, mmx, sse, sse2, sse3, ssse3, sse4.1, sse4.2, popcnt, avx, ht, tsc, tscinvbit

/proc/cpuinfo:
processor	: 0
vendor_id	: GenuineIntel
cpu family	: 6
model		: 42
model name	: Intel(R) Core(TM) i7-2600 CPU @ 3.40GHz
stepping	: 7
microcode	: 0x14
cpu MHz		: 3401.000
cache size	: 8192 KB
physical id	: 0
siblings	: 8
core id		: 0
cpu cores	: 4
apicid		: 0
initial apicid	: 0
fpu		: yes
fpu_exception	: yes
cpuid level	: 13
wp		: yes
flags		: fpu vme de pse tsc msr pae mce cx8 apic sep mtrr pge mca cmov pat pse36 clflush dts acpi mmx fxsr sse sse2 ss ht tm pbe syscall nx rdtscp lm constant_tsc arch_perfmon pebs bts rep_good nopl xtopology nonstop_tsc aperfmperf eagerfpu pni pclmulqdq dtes64 monitor ds_cpl vmx smx est tm2 ssse3 cx16 xtpr pdcm pcid sse4_1 sse4_2 x2apic popcnt tsc_deadline_timer aes xsave avx lahf_lm ida arat epb xsaveopt pln pts dtherm tpr_shadow vnmi flexpriority ept vpid
bogomips	: 6784.63
clflush size	: 64
cache_alignment	: 64
address sizes	: 36 bits physical, 48 bits virtual
power management:

processor	: 1
vendor_id	: GenuineIntel
cpu family	: 6
model		: 42
model name	: Intel(R) Core(TM) i7-2600 CPU @ 3.40GHz
stepping	: 7
microcode	: 0x14
cpu MHz		: 1600.000
cache size	: 8192 KB
physical id	: 0
siblings	: 8
core id		: 1
cpu cores	: 4
apicid		: 2
initial apicid	: 2
fpu		: yes
fpu_exception	: yes
cpuid level	: 13
wp		: yes
flags		: fpu vme de pse tsc msr pae mce cx8 apic sep mtrr pge mca cmov pat pse36 clflush dts acpi mmx fxsr sse sse2 ss ht tm pbe syscall nx rdtscp lm constant_tsc arch_perfmon pebs bts rep_good nopl xtopology nonstop_tsc aperfmperf eagerfpu pni pclmulqdq dtes64 monitor ds_cpl vmx smx est tm2 ssse3 cx16 xtpr pdcm pcid sse4_1 sse4_2 x2apic popcnt tsc_deadline_timer aes xsave avx lahf_lm ida arat epb xsaveopt pln pts dtherm tpr_shadow vnmi flexpriority ept vpid
bogomips	: 6784.63
clflush size	: 64
cache_alignment	: 64
address sizes	: 36 bits physical, 48 bits virtual
power management:

processor	: 2
vendor_id	: GenuineIntel
cpu family	: 6
model		: 42
model name	: Intel(R) Core(TM) i7-2600 CPU @ 3.40GHz
stepping	: 7
microcode	: 0x14
cpu MHz		: 3400.000
cache size	: 8192 KB
physical id	: 0
siblings	: 8
core id		: 2
cpu cores	: 4
apicid		: 4
initial apicid	: 4
fpu		: yes
fpu_exception	: yes
cpuid level	: 13
wp		: yes
flags		: fpu vme de pse tsc msr pae mce cx8 apic sep mtrr pge mca cmov pat pse36 clflush dts acpi mmx fxsr sse sse2 ss ht tm pbe syscall nx rdtscp lm constant_tsc arch_perfmon pebs bts rep_good nopl xtopology nonstop_tsc aperfmperf eagerfpu pni pclmulqdq dtes64 monitor ds_cpl vmx smx est tm2 ssse3 cx16 xtpr pdcm pcid sse4_1 sse4_2 x2apic popcnt tsc_deadline_timer aes xsave avx lahf_lm ida arat epb xsaveopt pln pts dtherm tpr_shadow vnmi flexpriority ept vpid
bogomips	: 6784.63
clflush size	: 64
cache_alignment	: 64
address sizes	: 36 bits physical, 48 bits virtual
power management:

processor	: 3
vendor_id	: GenuineIntel
cpu family	: 6
model		: 42
model name	: Intel(R) Core(TM) i7-2600 CPU @ 3.40GHz
stepping	: 7
microcode	: 0x14
cpu MHz		: 2200.000
cache size	: 8192 KB
physical id	: 0
siblings	: 8
core id		: 3
cpu cores	: 4
apicid		: 6
initial apicid	: 6
fpu		: yes
fpu_exception	: yes
cpuid level	: 13
wp		: yes
flags		: fpu vme de pse tsc msr pae mce cx8 apic sep mtrr pge mca cmov pat pse36 clflush dts acpi mmx fxsr sse sse2 ss ht tm pbe syscall nx rdtscp lm constant_tsc arch_perfmon pebs bts rep_good nopl xtopology nonstop_tsc aperfmperf eagerfpu pni pclmulqdq dtes64 monitor ds_cpl vmx smx est tm2 ssse3 cx16 xtpr pdcm pcid sse4_1 sse4_2 x2apic popcnt tsc_deadline_timer aes xsave avx lahf_lm ida arat epb xsaveopt pln pts dtherm tpr_shadow vnmi flexpriority ept vpid
bogomips	: 6784.63
clflush size	: 64
cache_alignment	: 64
address sizes	: 36 bits physical, 48 bits virtual
power management:

processor	: 4
vendor_id	: GenuineIntel
cpu family	: 6
model		: 42
model name	: Intel(R) Core(TM) i7-2600 CPU @ 3.40GHz
stepping	: 7
microcode	: 0x14
cpu MHz		: 1600.000
cache size	: 8192 KB
physical id	: 0
siblings	: 8
core id		: 0
cpu cores	: 4
apicid		: 1
initial apicid	: 1
fpu		: yes
fpu_exception	: yes
cpuid level	: 13
wp		: yes
flags		: fpu vme de pse tsc msr pae mce cx8 apic sep mtrr pge mca cmov pat pse36 clflush dts acpi mmx fxsr sse sse2 ss ht tm pbe syscall nx rdtscp lm constant_tsc arch_perfmon pebs bts rep_good nopl xtopology nonstop_tsc aperfmperf eagerfpu pni pclmulqdq dtes64 monitor ds_cpl vmx smx est tm2 ssse3 cx16 xtpr pdcm pcid sse4_1 sse4_2 x2apic popcnt tsc_deadline_timer aes xsave avx lahf_lm ida arat epb xsaveopt pln pts dtherm tpr_shadow vnmi flexpriority ept vpid
bogomips	: 6784.63
clflush size	: 64
cache_alignment	: 64
address sizes	: 36 bits physical, 48 bits virtual
power management:

processor	: 5
vendor_id	: GenuineIntel
cpu family	: 6
model		: 42
model name	: Intel(R) Core(TM) i7-2600 CPU @ 3.40GHz
stepping	: 7
microcode	: 0x14
cpu MHz		: 3401.000
cache size	: 8192 KB
physical id	: 0
siblings	: 8
core id		: 1
cpu cores	: 4
apicid		: 3
initial apicid	: 3
fpu		: yes
fpu_exception	: yes
cpuid level	: 13
wp		: yes
flags		: fpu vme de pse tsc msr pae mce cx8 apic sep mtrr pge mca cmov pat pse36 clflush dts acpi mmx fxsr sse sse2 ss ht tm pbe syscall nx rdtscp lm constant_tsc arch_perfmon pebs bts rep_good nopl xtopology nonstop_tsc aperfmperf eagerfpu pni pclmulqdq dtes64 monitor ds_cpl vmx smx est tm2 ssse3 cx16 xtpr pdcm pcid sse4_1 sse4_2 x2apic popcnt tsc_deadline_timer aes xsave avx lahf_lm ida arat epb xsaveopt pln pts dtherm tpr_shadow vnmi flexpriority ept vpid
bogomips	: 6784.63
clflush size	: 64
cache_alignment	: 64
address sizes	: 36 bits physical, 48 bits virtual
power management:

processor	: 6
vendor_id	: GenuineIntel
cpu family	: 6
model		: 42
model name	: Intel(R) Core(TM) i7-2600 CPU @ 3.40GHz
stepping	: 7
microcode	: 0x14
cpu MHz		: 3401.000
cache size	: 8192 KB
physical id	: 0
siblings	: 8
core id		: 2
cpu cores	: 4
apicid		: 5
initial apicid	: 5
fpu		: yes
fpu_exception	: yes
cpuid level	: 13
wp		: yes
flags		: fpu vme de pse tsc msr pae mce cx8 apic sep mtrr pge mca cmov pat pse36 clflush dts acpi mmx fxsr sse sse2 ss ht tm pbe syscall nx rdtscp lm constant_tsc arch_perfmon pebs bts rep_good nopl xtopology nonstop_tsc aperfmperf eagerfpu pni pclmulqdq dtes64 monitor ds_cpl vmx smx est tm2 ssse3 cx16 xtpr pdcm pcid sse4_1 sse4_2 x2apic popcnt tsc_deadline_timer aes xsave avx lahf_lm ida arat epb xsaveopt pln pts dtherm tpr_shadow vnmi flexpriority ept vpid
bogomips	: 6784.63
clflush size	: 64
cache_alignment	: 64
address sizes	: 36 bits physical, 48 bits virtual
power management:

processor	: 7
vendor_id	: GenuineIntel
cpu family	: 6
model		: 42
model name	: Intel(R) Core(TM) i7-2600 CPU @ 3.40GHz
stepping	: 7
microcode	: 0x14
cpu MHz		: 1600.000
cache size	: 8192 KB
physical id	: 0
siblings	: 8
core id		: 3
cpu cores	: 4
apicid		: 7
initial apicid	: 7
fpu		: yes
fpu_exception	: yes
cpuid level	: 13
wp		: yes
flags		: fpu vme de pse tsc msr pae mce cx8 apic sep mtrr pge mca cmov pat pse36 clflush dts acpi mmx fxsr sse sse2 ss ht tm pbe syscall nx rdtscp lm constant_tsc arch_perfmon pebs bts rep_good nopl xtopology nonstop_tsc aperfmperf eagerfpu pni pclmulqdq dtes64 monitor ds_cpl vmx smx est tm2 ssse3 cx16 xtpr pdcm pcid sse4_1 sse4_2 x2apic popcnt tsc_deadline_timer aes xsave avx lahf_lm ida arat epb xsaveopt pln pts dtherm tpr_shadow vnmi flexpriority ept vpid
bogomips	: 6784.63
clflush size	: 64
cache_alignment	: 64
address sizes	: 36 bits physical, 48 bits virtual
power management:



Memory: 4k page, physical 8131852k(2137116k free), swap 8342524k(8342524k free)

vm_info: Java HotSpot(TM) 64-Bit Server VM (23.3-b01) for linux-amd64 JRE (1.7.0_07-b10), built on Aug 28 2012 17:44:05 by "java_re" with gcc 4.3.0 20080428 (Red Hat 4.3.0-8)

time: Tue Apr 21 17:40:56 2015
elapsed time: 0 seconds

