#
# A fatal error has been detected by the Java Runtime Environment:
#
#  Internal Error (javaClasses.cpp:129), pid=32104, tid=140473715132160
#  fatal error: Invalid layout of preloaded class
#
# JRE version: 7.0_07-b10
# Java VM: Java HotSpot(TM) 64-Bit Server VM (23.3-b01 mixed mode linux-amd64 compressed oops)
# Failed to write core dump. Core dumps have been disabled. To enable core dumping, try "ulimit -c unlimited" before starting Java again
#
# If you would like to submit a bug report, please visit:
#   http://bugreport.sun.com/bugreport/crash.jsp
#

---------------  T H R E A D  ---------------

Current thread (0x00007fc290007000):  JavaThread "Unknown thread" [_thread_in_vm, id=32106, stack(0x00007fc295d40000,0x00007fc295e41000)]

Stack: [0x00007fc295d40000,0x00007fc295e41000],  sp=0x00007fc295e3f800,  free space=1022k
Native frames: (J=compiled Java code, j=interpreted, Vv=VM code, C=native code)
V  [libjvm.so+0x8a511a]  VMError::report_and_die()+0x2ea
V  [libjvm.so+0x40ae59]  report_fatal(char const*, int, char const*)+0x59
V  [libjvm.so+0x555897]  compute_offset(int&, klassOopDesc*, Symbol*, Symbol*, bool)+0x137
V  [libjvm.so+0x556a59]  java_lang_String::compute_offsets()+0x39
V  [libjvm.so+0x8341d3]  SystemDictionary::initialize_preloaded_classes(Thread*)+0x143
V  [libjvm.so+0x880314]  Universe::genesis(Thread*)+0x474
V  [libjvm.so+0x8807c4]  universe2_init()+0x24
V  [libjvm.so+0x503cad]  init_globals()+0xbd
V  [libjvm.so+0x866d62]  Threads::create_vm(JavaVMInitArgs*, bool*)+0x1e2
V  [libjvm.so+0x563b64]  JNI_CreateJavaVM+0x74
C  [libjli.so+0x337e]  JavaMain+0x9e


---------------  P R O C E S S  ---------------

Java Threads: ( => current thread )

Other Threads:

=>0x00007fc290007000 (exited) JavaThread "Unknown thread" [_thread_in_vm, id=32106, stack(0x00007fc295d40000,0x00007fc295e41000)]

VM state:not at safepoint (not fully initialized)

VM Mutex/Monitor currently owned by a thread: None

GC Heap History (0 events):
No events

Deoptimization events (0 events):
No events

Internal exceptions (0 events):
No events

Events (10 events):
Event: 0.005 loading class 0x00007fc290031200 done
Event: 0.005 loading class 0x00007fc290030aa0 done
Event: 0.005 loading class 0x00007fc290030a70
Event: 0.005 loading class 0x00007fc29005bc60
Event: 0.005 loading class 0x00007fc29005bc60 done
Event: 0.005 loading class 0x00007fc29005bca0
Event: 0.005 loading class 0x00007fc29005bca0 done
Event: 0.005 loading class 0x00007fc29005bce0
Event: 0.005 loading class 0x00007fc29005bce0 done
Event: 0.005 loading class 0x00007fc290030a70 done


Dynamic libraries:
00400000-00401000 r-xp 00000000 08:01 789547                             /usr/java/jdk1.7.0_07/bin/java
00600000-00601000 rw-p 00000000 08:01 789547                             /usr/java/jdk1.7.0_07/bin/java
00619000-0063a000 rw-p 00000000 00:00 0                                  [heap]
77ec00000-7800c0000 rw-p 00000000 00:00 0 
7800c0000-783e00000 rw-p 00000000 00:00 0 
783e00000-7890c0000 rw-p 00000000 00:00 0 
7890c0000-7d6a00000 rw-p 00000000 00:00 0 
7d6a00000-7d9360000 rw-p 00000000 00:00 0 
7d9360000-800000000 rw-p 00000000 00:00 0 
7fc263f60000-7fc268000000 rw-p 00000000 00:00 0 
7fc268000000-7fc268021000 rw-p 00000000 00:00 0 
7fc268021000-7fc26c000000 ---p 00000000 00:00 0 
7fc26c000000-7fc26c021000 rw-p 00000000 00:00 0 
7fc26c021000-7fc270000000 ---p 00000000 00:00 0 
7fc270000000-7fc270021000 rw-p 00000000 00:00 0 
7fc270021000-7fc274000000 ---p 00000000 00:00 0 
7fc274000000-7fc274021000 rw-p 00000000 00:00 0 
7fc274021000-7fc278000000 ---p 00000000 00:00 0 
7fc278000000-7fc278021000 rw-p 00000000 00:00 0 
7fc278021000-7fc27c000000 ---p 00000000 00:00 0 
7fc27c000000-7fc27c021000 rw-p 00000000 00:00 0 
7fc27c021000-7fc280000000 ---p 00000000 00:00 0 
7fc280000000-7fc280021000 rw-p 00000000 00:00 0 
7fc280021000-7fc284000000 ---p 00000000 00:00 0 
7fc284000000-7fc284021000 rw-p 00000000 00:00 0 
7fc284021000-7fc288000000 ---p 00000000 00:00 0 
7fc28a75e000-7fc28a955000 rw-p 00000000 00:00 0 
7fc28a955000-7fc28aa1b000 r--s 0116f000 08:01 3037987                    /usr/local/android-sdk-linux/platforms/android-17/android.jar
7fc28aa1b000-7fc28ba43000 rw-p 00000000 00:00 0 
7fc28ba43000-7fc28ba44000 ---p 00000000 00:00 0 
7fc28ba44000-7fc28bb44000 rw-p 00000000 00:00 0                          [stack:32117]
7fc28bb44000-7fc28bb45000 ---p 00000000 00:00 0 
7fc28bb45000-7fc28bc45000 rw-p 00000000 00:00 0                          [stack:32116]
7fc28bc45000-7fc28bc46000 ---p 00000000 00:00 0 
7fc28bc46000-7fc28bd46000 rw-p 00000000 00:00 0                          [stack:32115]
7fc28bd46000-7fc28bd47000 ---p 00000000 00:00 0 
7fc28bd47000-7fc28be47000 rw-p 00000000 00:00 0                          [stack:32114]
7fc28be47000-7fc28be48000 ---p 00000000 00:00 0 
7fc28be48000-7fc28bf48000 rw-p 00000000 00:00 0                          [stack:32113]
7fc28bf48000-7fc28bf49000 ---p 00000000 00:00 0 
7fc28bf49000-7fc28c049000 rw-p 00000000 00:00 0                          [stack:32112]
7fc28c049000-7fc28c04a000 ---p 00000000 00:00 0 
7fc28c04a000-7fc28c14a000 rw-p 00000000 00:00 0                          [stack:32111]
7fc28c14a000-7fc28c14b000 ---p 00000000 00:00 0 
7fc28c14b000-7fc28c275000 rw-p 00000000 00:00 0                          [stack:32110]
7fc28c275000-7fc28c4e1000 rw-p 00000000 00:00 0 
7fc28c4e1000-7fc28c4ec000 rw-p 00000000 00:00 0 
7fc28c4ec000-7fc28c50a000 rw-p 00000000 00:00 0 
7fc28c50a000-7fc28c534000 rw-p 00000000 00:00 0 
7fc28c534000-7fc28c7a0000 rw-p 00000000 00:00 0 
7fc28c7a0000-7fc28c7b5000 rw-p 00000000 00:00 0 
7fc28c7b5000-7fc28c8eb000 rw-p 00000000 00:00 0 
7fc28c8eb000-7fc28c8f6000 rw-p 00000000 00:00 0 
7fc28c8f6000-7fc28c9ac000 rw-p 00000000 00:00 0 
7fc28c9ac000-7fc28cc1c000 rwxp 00000000 00:00 0 
7fc28cc1c000-7fc28f9ac000 rw-p 00000000 00:00 0 
7fc28f9ac000-7fc28f9c6000 r-xp 00000000 08:01 1850544                    /usr/java/jdk1.7.0_07/jre/lib/amd64/libzip.so
7fc28f9c6000-7fc28fbc6000 ---p 0001a000 08:01 1850544                    /usr/java/jdk1.7.0_07/jre/lib/amd64/libzip.so
7fc28fbc6000-7fc28fbc7000 rw-p 0001a000 08:01 1850544                    /usr/java/jdk1.7.0_07/jre/lib/amd64/libzip.so
7fc28fbc7000-7fc28fbf0000 r-xp 00000000 08:01 1850504                    /usr/java/jdk1.7.0_07/jre/lib/amd64/libjava.so
7fc28fbf0000-7fc28fdf0000 ---p 00029000 08:01 1850504                    /usr/java/jdk1.7.0_07/jre/lib/amd64/libjava.so
7fc28fdf0000-7fc28fdf2000 rw-p 00029000 08:01 1850504                    /usr/java/jdk1.7.0_07/jre/lib/amd64/libjava.so
7fc28fdf2000-7fc28fdff000 r-xp 00000000 08:01 1850496                    /usr/java/jdk1.7.0_07/jre/lib/amd64/libverify.so
7fc28fdff000-7fc28fffe000 ---p 0000d000 08:01 1850496                    /usr/java/jdk1.7.0_07/jre/lib/amd64/libverify.so
7fc28fffe000-7fc290000000 rw-p 0000c000 08:01 1850496                    /usr/java/jdk1.7.0_07/jre/lib/amd64/libverify.so
7fc290000000-7fc290065000 rw-p 00000000 00:00 0 
7fc290065000-7fc294000000 ---p 00000000 00:00 0 
7fc294025000-7fc29402c000 r-xp 00000000 08:01 5771081                    /lib/x86_64-linux-gnu/librt-2.19.so
7fc29402c000-7fc29422b000 ---p 00007000 08:01 5771081                    /lib/x86_64-linux-gnu/librt-2.19.so
7fc29422b000-7fc29422c000 r--p 00006000 08:01 5771081                    /lib/x86_64-linux-gnu/librt-2.19.so
7fc29422c000-7fc29422d000 rw-p 00007000 08:01 5771081                    /lib/x86_64-linux-gnu/librt-2.19.so
7fc29422d000-7fc294332000 r-xp 00000000 08:01 5767460                    /lib/x86_64-linux-gnu/libm-2.19.so
7fc294332000-7fc294531000 ---p 00105000 08:01 5767460                    /lib/x86_64-linux-gnu/libm-2.19.so
7fc294531000-7fc294532000 r--p 00104000 08:01 5767460                    /lib/x86_64-linux-gnu/libm-2.19.so
7fc294532000-7fc294533000 rw-p 00105000 08:01 5767460                    /lib/x86_64-linux-gnu/libm-2.19.so
7fc294533000-7fc294f7a000 r-xp 00000000 08:01 1972584                    /usr/java/jdk1.7.0_07/jre/lib/amd64/server/libjvm.so
7fc294f7a000-7fc295179000 ---p 00a47000 08:01 1972584                    /usr/java/jdk1.7.0_07/jre/lib/amd64/server/libjvm.so
7fc295179000-7fc29521c000 rw-p 00a46000 08:01 1972584                    /usr/java/jdk1.7.0_07/jre/lib/amd64/server/libjvm.so
7fc29521c000-7fc295258000 rw-p 00000000 00:00 0 
7fc295258000-7fc295413000 r-xp 00000000 08:01 5771078                    /lib/x86_64-linux-gnu/libc-2.19.so
7fc295413000-7fc295613000 ---p 001bb000 08:01 5771078                    /lib/x86_64-linux-gnu/libc-2.19.so
7fc295613000-7fc295617000 r--p 001bb000 08:01 5771078                    /lib/x86_64-linux-gnu/libc-2.19.so
7fc295617000-7fc295619000 rw-p 001bf000 08:01 5771078                    /lib/x86_64-linux-gnu/libc-2.19.so
7fc295619000-7fc29561e000 rw-p 00000000 00:00 0 
7fc29561e000-7fc295621000 r-xp 00000000 08:01 5771068                    /lib/x86_64-linux-gnu/libdl-2.19.so
7fc295621000-7fc295820000 ---p 00003000 08:01 5771068                    /lib/x86_64-linux-gnu/libdl-2.19.so
7fc295820000-7fc295821000 r--p 00002000 08:01 5771068                    /lib/x86_64-linux-gnu/libdl-2.19.so
7fc295821000-7fc295822000 rw-p 00003000 08:01 5771068                    /lib/x86_64-linux-gnu/libdl-2.19.so
7fc295822000-7fc295838000 r-xp 00000000 08:01 1972573                    /usr/java/jdk1.7.0_07/jre/lib/amd64/jli/libjli.so
7fc295838000-7fc295a37000 ---p 00016000 08:01 1972573                    /usr/java/jdk1.7.0_07/jre/lib/amd64/jli/libjli.so
7fc295a37000-7fc295a38000 rw-p 00015000 08:01 1972573                    /usr/java/jdk1.7.0_07/jre/lib/amd64/jli/libjli.so
7fc295a38000-7fc295a51000 r-xp 00000000 08:01 5767501                    /lib/x86_64-linux-gnu/libpthread-2.19.so
7fc295a51000-7fc295c50000 ---p 00019000 08:01 5767501                    /lib/x86_64-linux-gnu/libpthread-2.19.so
7fc295c50000-7fc295c51000 r--p 00018000 08:01 5767501                    /lib/x86_64-linux-gnu/libpthread-2.19.so
7fc295c51000-7fc295c52000 rw-p 00019000 08:01 5767501                    /lib/x86_64-linux-gnu/libpthread-2.19.so
7fc295c52000-7fc295c56000 rw-p 00000000 00:00 0 
7fc295c56000-7fc295c79000 r-xp 00000000 08:01 5771072                    /lib/x86_64-linux-gnu/ld-2.19.so
7fc295c84000-7fc295ced000 rw-p 00000000 00:00 0 
7fc295ced000-7fc295d0b000 rw-p 00000000 00:00 0 
7fc295d0b000-7fc295d40000 r--s 00000000 08:01 2103197                    /var/cache/nscd/passwd
7fc295d40000-7fc295d43000 ---p 00000000 00:00 0 
7fc295d43000-7fc295e45000 rw-p 00000000 00:00 0                          [stack:32106]
7fc295e6a000-7fc295e6c000 rw-p 00000000 00:00 0 
7fc295e6c000-7fc295e74000 rw-s 00000000 08:01 525747                     /tmp/hsperfdata_edwasa01/32104
7fc295e74000-7fc295e75000 rw-p 00000000 00:00 0 
7fc295e75000-7fc295e76000 r--p 00000000 00:00 0 
7fc295e76000-7fc295e78000 rw-p 00000000 00:00 0 
7fc295e78000-7fc295e79000 r--p 00022000 08:01 5771072                    /lib/x86_64-linux-gnu/ld-2.19.so
7fc295e79000-7fc295e7a000 rw-p 00023000 08:01 5771072                    /lib/x86_64-linux-gnu/ld-2.19.so
7fc295e7a000-7fc295e7b000 rw-p 00000000 00:00 0 
7fff5cab4000-7fff5cad5000 rw-p 00000000 00:00 0                          [stack]
7fff5cbe3000-7fff5cbe5000 r-xp 00000000 00:00 0                          [vdso]
ffffffffff600000-ffffffffff601000 r-xp 00000000 00:00 0                  [vsyscall]

VM Arguments:
jvm_args: -Dfile.encoding=UTF-8 -Xbootclasspath/p:/usr/local/android-sdk-linux/platforms/android-17/android.jar 
java_command: com.example.cs112bandroid.BattleshipAdvisorGUI
Launcher Type: SUN_STANDARD

Environment Variables:
JAVA_HOME=/usr/java/latest
CLASSPATH=.:/Courses/general/src:/Courses/cs111
PATH=.:/Accounts/turing/students/s17/edwasa01/bin:/bin:/usr/bin:/usr/local/bin:/Courses/general/bin:/usr/local/lejos_nxj/bin:/usr/games:/usr/local/lejos_nxj/bin
LD_LIBRARY_PATH=/usr/local/lejos_nxj/bin:/usr/lib:/usr/local/lib
SHELL=/bin/bash
DISPLAY=:0.0

Signal Handlers:
SIGSEGV: [libjvm.so+0x8a5a80], sa_mask[0]=0x7ffbfeff, sa_flags=0x10000004
SIGBUS: [libjvm.so+0x8a5a80], sa_mask[0]=0x7ffbfeff, sa_flags=0x10000004
SIGFPE: [libjvm.so+0x741b60], sa_mask[0]=0x7ffbfeff, sa_flags=0x10000004
SIGPIPE: [libjvm.so+0x741b60], sa_mask[0]=0x7ffbfeff, sa_flags=0x10000004
SIGXFSZ: [libjvm.so+0x741b60], sa_mask[0]=0x7ffbfeff, sa_flags=0x10000004
SIGILL: [libjvm.so+0x741b60], sa_mask[0]=0x7ffbfeff, sa_flags=0x10000004
SIGUSR1: SIG_DFL, sa_mask[0]=0x00000000, sa_flags=0x00000000
SIGUSR2: [libjvm.so+0x7414b0], sa_mask[0]=0x00000004, sa_flags=0x10000004
SIGHUP: SIG_DFL, sa_mask[0]=0x00000000, sa_flags=0x00000000
SIGINT: SIG_DFL, sa_mask[0]=0x00000000, sa_flags=0x00000000
SIGTERM: SIG_DFL, sa_mask[0]=0x00000000, sa_flags=0x00000000
SIGQUIT: SIG_DFL, sa_mask[0]=0x00000000, sa_flags=0x00000000


---------------  S Y S T E M  ---------------

OS:jessie/sid

uname:Linux 3.13.0-43-generic #72-Ubuntu SMP Mon Dec 8 19:35:06 UTC 2014 x86_64
libc:glibc 2.19 NPTL 2.19 
rlimit: STACK 8192k, CORE 0k, NPROC 63361, NOFILE 4096, AS infinity
load average:0.28 0.24 0.16

/proc/meminfo:
MemTotal:        8131852 kB
MemFree:         4512960 kB
Buffers:          348444 kB
Cached:          1693796 kB
SwapCached:            0 kB
Active:          1914412 kB
Inactive:        1215144 kB
Active(anon):    1089024 kB
Inactive(anon):    30676 kB
Active(file):     825388 kB
Inactive(file):  1184468 kB
Unevictable:          32 kB
Mlocked:              32 kB
SwapTotal:       8342524 kB
SwapFree:        8342524 kB
Dirty:              4708 kB
Writeback:             0 kB
AnonPages:       1087540 kB
Mapped:           295112 kB
Shmem:             32388 kB
Slab:             203768 kB
SReclaimable:     161472 kB
SUnreclaim:        42296 kB
KernelStack:        4576 kB
PageTables:        36604 kB
NFS_Unstable:          0 kB
Bounce:                0 kB
WritebackTmp:          0 kB
CommitLimit:    12408448 kB
Committed_AS:    3872412 kB
VmallocTotal:   34359738367 kB
VmallocUsed:      111952 kB
VmallocChunk:   34359603268 kB
HardwareCorrupted:     0 kB
AnonHugePages:    534528 kB
HugePages_Total:       0
HugePages_Free:        0
HugePages_Rsvd:        0
HugePages_Surp:        0
Hugepagesize:       2048 kB
DirectMap4k:      273872 kB
DirectMap2M:     8071168 kB


CPU:total 8 (4 cores per cpu, 2 threads per core) family 6 model 42 stepping 7, cmov, cx8, fxsr, mmx, sse, sse2, sse3, ssse3, sse4.1, sse4.2, popcnt, avx, ht, tsc, tscinvbit

/proc/cpuinfo:
processor	: 0
vendor_id	: GenuineIntel
cpu family	: 6
model		: 42
model name	: Intel(R) Core(TM) i7-2600 CPU @ 3.40GHz
stepping	: 7
microcode	: 0x14
cpu MHz		: 1600.000
cache size	: 8192 KB
physical id	: 0
siblings	: 8
core id		: 0
cpu cores	: 4
apicid		: 0
initial apicid	: 0
fpu		: yes
fpu_exception	: yes
cpuid level	: 13
wp		: yes
flags		: fpu vme de pse tsc msr pae mce cx8 apic sep mtrr pge mca cmov pat pse36 clflush dts acpi mmx fxsr sse sse2 ss ht tm pbe syscall nx rdtscp lm constant_tsc arch_perfmon pebs bts rep_good nopl xtopology nonstop_tsc aperfmperf eagerfpu pni pclmulqdq dtes64 monitor ds_cpl vmx smx est tm2 ssse3 cx16 xtpr pdcm pcid sse4_1 sse4_2 x2apic popcnt tsc_deadline_timer aes xsave avx lahf_lm ida arat epb xsaveopt pln pts dtherm tpr_shadow vnmi flexpriority ept vpid
bogomips	: 6785.09
clflush size	: 64
cache_alignment	: 64
address sizes	: 36 bits physical, 48 bits virtual
power management:

processor	: 1
vendor_id	: GenuineIntel
cpu family	: 6
model		: 42
model name	: Intel(R) Core(TM) i7-2600 CPU @ 3.40GHz
stepping	: 7
microcode	: 0x14
cpu MHz		: 3401.000
cache size	: 8192 KB
physical id	: 0
siblings	: 8
core id		: 1
cpu cores	: 4
apicid		: 2
initial apicid	: 2
fpu		: yes
fpu_exception	: yes
cpuid level	: 13
wp		: yes
flags		: fpu vme de pse tsc msr pae mce cx8 apic sep mtrr pge mca cmov pat pse36 clflush dts acpi mmx fxsr sse sse2 ss ht tm pbe syscall nx rdtscp lm constant_tsc arch_perfmon pebs bts rep_good nopl xtopology nonstop_tsc aperfmperf eagerfpu pni pclmulqdq dtes64 monitor ds_cpl vmx smx est tm2 ssse3 cx16 xtpr pdcm pcid sse4_1 sse4_2 x2apic popcnt tsc_deadline_timer aes xsave avx lahf_lm ida arat epb xsaveopt pln pts dtherm tpr_shadow vnmi flexpriority ept vpid
bogomips	: 6785.09
clflush size	: 64
cache_alignment	: 64
address sizes	: 36 bits physical, 48 bits virtual
power management:

processor	: 2
vendor_id	: GenuineIntel
cpu family	: 6
model		: 42
model name	: Intel(R) Core(TM) i7-2600 CPU @ 3.40GHz
stepping	: 7
microcode	: 0x14
cpu MHz		: 1600.000
cache size	: 8192 KB
physical id	: 0
siblings	: 8
core id		: 2
cpu cores	: 4
apicid		: 4
initial apicid	: 4
fpu		: yes
fpu_exception	: yes
cpuid level	: 13
wp		: yes
flags		: fpu vme de pse tsc msr pae mce cx8 apic sep mtrr pge mca cmov pat pse36 clflush dts acpi mmx fxsr sse sse2 ss ht tm pbe syscall nx rdtscp lm constant_tsc arch_perfmon pebs bts rep_good nopl xtopology nonstop_tsc aperfmperf eagerfpu pni pclmulqdq dtes64 monitor ds_cpl vmx smx est tm2 ssse3 cx16 xtpr pdcm pcid sse4_1 sse4_2 x2apic popcnt tsc_deadline_timer aes xsave avx lahf_lm ida arat epb xsaveopt pln pts dtherm tpr_shadow vnmi flexpriority ept vpid
bogomips	: 6785.09
clflush size	: 64
cache_alignment	: 64
address sizes	: 36 bits physical, 48 bits virtual
power management:

processor	: 3
vendor_id	: GenuineIntel
cpu family	: 6
model		: 42
model name	: Intel(R) Core(TM) i7-2600 CPU @ 3.40GHz
stepping	: 7
microcode	: 0x14
cpu MHz		: 1600.000
cache size	: 8192 KB
physical id	: 0
siblings	: 8
core id		: 3
cpu cores	: 4
apicid		: 6
initial apicid	: 6
fpu		: yes
fpu_exception	: yes
cpuid level	: 13
wp		: yes
flags		: fpu vme de pse tsc msr pae mce cx8 apic sep mtrr pge mca cmov pat pse36 clflush dts acpi mmx fxsr sse sse2 ss ht tm pbe syscall nx rdtscp lm constant_tsc arch_perfmon pebs bts rep_good nopl xtopology nonstop_tsc aperfmperf eagerfpu pni pclmulqdq dtes64 monitor ds_cpl vmx smx est tm2 ssse3 cx16 xtpr pdcm pcid sse4_1 sse4_2 x2apic popcnt tsc_deadline_timer aes xsave avx lahf_lm ida arat epb xsaveopt pln pts dtherm tpr_shadow vnmi flexpriority ept vpid
bogomips	: 6785.09
clflush size	: 64
cache_alignment	: 64
address sizes	: 36 bits physical, 48 bits virtual
power management:

processor	: 4
vendor_id	: GenuineIntel
cpu family	: 6
model		: 42
model name	: Intel(R) Core(TM) i7-2600 CPU @ 3.40GHz
stepping	: 7
microcode	: 0x14
cpu MHz		: 1600.000
cache size	: 8192 KB
physical id	: 0
siblings	: 8
core id		: 0
cpu cores	: 4
apicid		: 1
initial apicid	: 1
fpu		: yes
fpu_exception	: yes
cpuid level	: 13
wp		: yes
flags		: fpu vme de pse tsc msr pae mce cx8 apic sep mtrr pge mca cmov pat pse36 clflush dts acpi mmx fxsr sse sse2 ss ht tm pbe syscall nx rdtscp lm constant_tsc arch_perfmon pebs bts rep_good nopl xtopology nonstop_tsc aperfmperf eagerfpu pni pclmulqdq dtes64 monitor ds_cpl vmx smx est tm2 ssse3 cx16 xtpr pdcm pcid sse4_1 sse4_2 x2apic popcnt tsc_deadline_timer aes xsave avx lahf_lm ida arat epb xsaveopt pln pts dtherm tpr_shadow vnmi flexpriority ept vpid
bogomips	: 6785.09
clflush size	: 64
cache_alignment	: 64
address sizes	: 36 bits physical, 48 bits virtual
power management:

processor	: 5
vendor_id	: GenuineIntel
cpu family	: 6
model		: 42
model name	: Intel(R) Core(TM) i7-2600 CPU @ 3.40GHz
stepping	: 7
microcode	: 0x14
cpu MHz		: 3401.000
cache size	: 8192 KB
physical id	: 0
siblings	: 8
core id		: 1
cpu cores	: 4
apicid		: 3
initial apicid	: 3
fpu		: yes
fpu_exception	: yes
cpuid level	: 13
wp		: yes
flags		: fpu vme de pse tsc msr pae mce cx8 apic sep mtrr pge mca cmov pat pse36 clflush dts acpi mmx fxsr sse sse2 ss ht tm pbe syscall nx rdtscp lm constant_tsc arch_perfmon pebs bts rep_good nopl xtopology nonstop_tsc aperfmperf eagerfpu pni pclmulqdq dtes64 monitor ds_cpl vmx smx est tm2 ssse3 cx16 xtpr pdcm pcid sse4_1 sse4_2 x2apic popcnt tsc_deadline_timer aes xsave avx lahf_lm ida arat epb xsaveopt pln pts dtherm tpr_shadow vnmi flexpriority ept vpid
bogomips	: 6785.09
clflush size	: 64
cache_alignment	: 64
address sizes	: 36 bits physical, 48 bits virtual
power management:

processor	: 6
vendor_id	: GenuineIntel
cpu family	: 6
model		: 42
model name	: Intel(R) Core(TM) i7-2600 CPU @ 3.40GHz
stepping	: 7
microcode	: 0x14
cpu MHz		: 1600.000
cache size	: 8192 KB
physical id	: 0
siblings	: 8
core id		: 2
cpu cores	: 4
apicid		: 5
initial apicid	: 5
fpu		: yes
fpu_exception	: yes
cpuid level	: 13
wp		: yes
flags		: fpu vme de pse tsc msr pae mce cx8 apic sep mtrr pge mca cmov pat pse36 clflush dts acpi mmx fxsr sse sse2 ss ht tm pbe syscall nx rdtscp lm constant_tsc arch_perfmon pebs bts rep_good nopl xtopology nonstop_tsc aperfmperf eagerfpu pni pclmulqdq dtes64 monitor ds_cpl vmx smx est tm2 ssse3 cx16 xtpr pdcm pcid sse4_1 sse4_2 x2apic popcnt tsc_deadline_timer aes xsave avx lahf_lm ida arat epb xsaveopt pln pts dtherm tpr_shadow vnmi flexpriority ept vpid
bogomips	: 6785.09
clflush size	: 64
cache_alignment	: 64
address sizes	: 36 bits physical, 48 bits virtual
power management:

processor	: 7
vendor_id	: GenuineIntel
cpu family	: 6
model		: 42
model name	: Intel(R) Core(TM) i7-2600 CPU @ 3.40GHz
stepping	: 7
microcode	: 0x14
cpu MHz		: 1600.000
cache size	: 8192 KB
physical id	: 0
siblings	: 8
core id		: 3
cpu cores	: 4
apicid		: 7
initial apicid	: 7
fpu		: yes
fpu_exception	: yes
cpuid level	: 13
wp		: yes
flags		: fpu vme de pse tsc msr pae mce cx8 apic sep mtrr pge mca cmov pat pse36 clflush dts acpi mmx fxsr sse sse2 ss ht tm pbe syscall nx rdtscp lm constant_tsc arch_perfmon pebs bts rep_good nopl xtopology nonstop_tsc aperfmperf eagerfpu pni pclmulqdq dtes64 monitor ds_cpl vmx smx est tm2 ssse3 cx16 xtpr pdcm pcid sse4_1 sse4_2 x2apic popcnt tsc_deadline_timer aes xsave avx lahf_lm ida arat epb xsaveopt pln pts dtherm tpr_shadow vnmi flexpriority ept vpid
bogomips	: 6785.09
clflush size	: 64
cache_alignment	: 64
address sizes	: 36 bits physical, 48 bits virtual
power management:



Memory: 4k page, physical 8131852k(4512960k free), swap 8342524k(8342524k free)

vm_info: Java HotSpot(TM) 64-Bit Server VM (23.3-b01) for linux-amd64 JRE (1.7.0_07-b10), built on Aug 28 2012 17:44:05 by "java_re" with gcc 4.3.0 20080428 (Red Hat 4.3.0-8)

time: Sun Apr 26 17:35:12 2015
elapsed time: 0 seconds

