#
# A fatal error has been detected by the Java Runtime Environment:
#
#  Internal Error (javaClasses.cpp:129), pid=31845, tid=139633630099200
#  fatal error: Invalid layout of preloaded class
#
# JRE version: 7.0_07-b10
# Java VM: Java HotSpot(TM) 64-Bit Server VM (23.3-b01 mixed mode linux-amd64 compressed oops)
# Failed to write core dump. Core dumps have been disabled. To enable core dumping, try "ulimit -c unlimited" before starting Java again
#
# If you would like to submit a bug report, please visit:
#   http://bugreport.sun.com/bugreport/crash.jsp
#

---------------  T H R E A D  ---------------

Current thread (0x00007efef4007000):  JavaThread "Unknown thread" [_thread_in_vm, id=31847, stack(0x00007efefcdbb000,0x00007efefcebc000)]

Stack: [0x00007efefcdbb000,0x00007efefcebc000],  sp=0x00007efefceba800,  free space=1022k
Native frames: (J=compiled Java code, j=interpreted, Vv=VM code, C=native code)
V  [libjvm.so+0x8a511a]  VMError::report_and_die()+0x2ea
V  [libjvm.so+0x40ae59]  report_fatal(char const*, int, char const*)+0x59
V  [libjvm.so+0x555897]  compute_offset(int&, klassOopDesc*, Symbol*, Symbol*, bool)+0x137
V  [libjvm.so+0x556a59]  java_lang_String::compute_offsets()+0x39
V  [libjvm.so+0x8341d3]  SystemDictionary::initialize_preloaded_classes(Thread*)+0x143
V  [libjvm.so+0x880314]  Universe::genesis(Thread*)+0x474
V  [libjvm.so+0x8807c4]  universe2_init()+0x24
V  [libjvm.so+0x503cad]  init_globals()+0xbd
V  [libjvm.so+0x866d62]  Threads::create_vm(JavaVMInitArgs*, bool*)+0x1e2
V  [libjvm.so+0x563b64]  JNI_CreateJavaVM+0x74
C  [libjli.so+0x337e]  JavaMain+0x9e


---------------  P R O C E S S  ---------------

Java Threads: ( => current thread )

Other Threads:

=>0x00007efef4007000 (exited) JavaThread "Unknown thread" [_thread_in_vm, id=31847, stack(0x00007efefcdbb000,0x00007efefcebc000)]

VM state:not at safepoint (not fully initialized)

VM Mutex/Monitor currently owned by a thread: None

GC Heap History (0 events):
No events

Deoptimization events (0 events):
No events

Internal exceptions (0 events):
No events

Events (10 events):
Event: 0.006 loading class 0x00007efef4031200 done
Event: 0.006 loading class 0x00007efef4030aa0 done
Event: 0.006 loading class 0x00007efef4030a70
Event: 0.006 loading class 0x00007efef405bc60
Event: 0.006 loading class 0x00007efef405bc60 done
Event: 0.006 loading class 0x00007efef405bca0
Event: 0.006 loading class 0x00007efef405bca0 done
Event: 0.006 loading class 0x00007efef405bce0
Event: 0.006 loading class 0x00007efef405bce0 done
Event: 0.007 loading class 0x00007efef4030a70 done


Dynamic libraries:
00400000-00401000 r-xp 00000000 08:01 789547                             /usr/java/jdk1.7.0_07/bin/java
00600000-00601000 rw-p 00000000 08:01 789547                             /usr/java/jdk1.7.0_07/bin/java
01159000-0117a000 rw-p 00000000 00:00 0                                  [heap]
77ec00000-7800c0000 rw-p 00000000 00:00 0 
7800c0000-783e00000 rw-p 00000000 00:00 0 
783e00000-7890c0000 rw-p 00000000 00:00 0 
7890c0000-7d6a00000 rw-p 00000000 00:00 0 
7d6a00000-7d9360000 rw-p 00000000 00:00 0 
7d9360000-800000000 rw-p 00000000 00:00 0 
7efec3f60000-7efec8000000 rw-p 00000000 00:00 0 
7efec8000000-7efec8021000 rw-p 00000000 00:00 0 
7efec8021000-7efecc000000 ---p 00000000 00:00 0 
7efed0000000-7efed0021000 rw-p 00000000 00:00 0 
7efed0021000-7efed4000000 ---p 00000000 00:00 0 
7efed4000000-7efed4021000 rw-p 00000000 00:00 0 
7efed4021000-7efed8000000 ---p 00000000 00:00 0 
7efed8000000-7efed8021000 rw-p 00000000 00:00 0 
7efed8021000-7efedc000000 ---p 00000000 00:00 0 
7efedc000000-7efedc021000 rw-p 00000000 00:00 0 
7efedc021000-7efee0000000 ---p 00000000 00:00 0 
7efee0000000-7efee0021000 rw-p 00000000 00:00 0 
7efee0021000-7efee4000000 ---p 00000000 00:00 0 
7efee4000000-7efee4021000 rw-p 00000000 00:00 0 
7efee4021000-7efee8000000 ---p 00000000 00:00 0 
7efeec000000-7efeec021000 rw-p 00000000 00:00 0 
7efeec021000-7efef0000000 ---p 00000000 00:00 0 
7efef1000000-7efef1270000 rwxp 00000000 00:00 0 
7efef1270000-7efef4065000 rw-p 00000000 00:00 0 
7efef4065000-7efef8000000 ---p 00000000 00:00 0 
7efef87fe000-7efef89f5000 rw-p 00000000 00:00 0 
7efef89f5000-7efef8abb000 r--s 0116f000 08:01 3037987                    /usr/local/android-sdk-linux/platforms/android-17/android.jar
7efef8abb000-7efef9ae3000 rw-p 00000000 00:00 0 
7efef9ae3000-7efef9ae4000 ---p 00000000 00:00 0 
7efef9ae4000-7efef9be4000 rw-p 00000000 00:00 0                          [stack:31855]
7efef9be4000-7efef9be5000 ---p 00000000 00:00 0 
7efef9be5000-7efef9ce5000 rw-p 00000000 00:00 0                          [stack:31854]
7efef9ce5000-7efef9ce6000 ---p 00000000 00:00 0 
7efef9ce6000-7efef9de6000 rw-p 00000000 00:00 0                          [stack:31853]
7efef9de6000-7efef9de7000 ---p 00000000 00:00 0 
7efef9de7000-7efef9ee7000 rw-p 00000000 00:00 0                          [stack:31852]
7efef9ee7000-7efef9ee8000 ---p 00000000 00:00 0 
7efef9ee8000-7efef9fe8000 rw-p 00000000 00:00 0                          [stack:31851]
7efef9fe8000-7efef9fe9000 ---p 00000000 00:00 0 
7efef9fe9000-7efefa0e9000 rw-p 00000000 00:00 0                          [stack:31850]
7efefa0e9000-7efefa0ea000 ---p 00000000 00:00 0 
7efefa0ea000-7efefa1ea000 rw-p 00000000 00:00 0                          [stack:31849]
7efefa1ea000-7efefa1eb000 ---p 00000000 00:00 0 
7efefa1eb000-7efefa315000 rw-p 00000000 00:00 0                          [stack:31848]
7efefa315000-7efefa581000 rw-p 00000000 00:00 0 
7efefa581000-7efefa58c000 rw-p 00000000 00:00 0 
7efefa58c000-7efefa5aa000 rw-p 00000000 00:00 0 
7efefa5aa000-7efefa5d4000 rw-p 00000000 00:00 0 
7efefa5d4000-7efefa840000 rw-p 00000000 00:00 0 
7efefa840000-7efefa855000 rw-p 00000000 00:00 0 
7efefa855000-7efefa98b000 rw-p 00000000 00:00 0 
7efefa98b000-7efefa996000 rw-p 00000000 00:00 0 
7efefa996000-7efefaa4c000 rw-p 00000000 00:00 0 
7efefaa4c000-7efefaa66000 r-xp 00000000 08:01 1850544                    /usr/java/jdk1.7.0_07/jre/lib/amd64/libzip.so
7efefaa66000-7efefac66000 ---p 0001a000 08:01 1850544                    /usr/java/jdk1.7.0_07/jre/lib/amd64/libzip.so
7efefac66000-7efefac67000 rw-p 0001a000 08:01 1850544                    /usr/java/jdk1.7.0_07/jre/lib/amd64/libzip.so
7efefac67000-7efefac90000 r-xp 00000000 08:01 1850504                    /usr/java/jdk1.7.0_07/jre/lib/amd64/libjava.so
7efefac90000-7efefae90000 ---p 00029000 08:01 1850504                    /usr/java/jdk1.7.0_07/jre/lib/amd64/libjava.so
7efefae90000-7efefae92000 rw-p 00029000 08:01 1850504                    /usr/java/jdk1.7.0_07/jre/lib/amd64/libjava.so
7efefae92000-7efefae9f000 r-xp 00000000 08:01 1850496                    /usr/java/jdk1.7.0_07/jre/lib/amd64/libverify.so
7efefae9f000-7efefb09e000 ---p 0000d000 08:01 1850496                    /usr/java/jdk1.7.0_07/jre/lib/amd64/libverify.so
7efefb09e000-7efefb0a0000 rw-p 0000c000 08:01 1850496                    /usr/java/jdk1.7.0_07/jre/lib/amd64/libverify.so
7efefb0a0000-7efefb0a7000 r-xp 00000000 08:01 5771081                    /lib/x86_64-linux-gnu/librt-2.19.so
7efefb0a7000-7efefb2a6000 ---p 00007000 08:01 5771081                    /lib/x86_64-linux-gnu/librt-2.19.so
7efefb2a6000-7efefb2a7000 r--p 00006000 08:01 5771081                    /lib/x86_64-linux-gnu/librt-2.19.so
7efefb2a7000-7efefb2a8000 rw-p 00007000 08:01 5771081                    /lib/x86_64-linux-gnu/librt-2.19.so
7efefb2a8000-7efefb3ad000 r-xp 00000000 08:01 5767460                    /lib/x86_64-linux-gnu/libm-2.19.so
7efefb3ad000-7efefb5ac000 ---p 00105000 08:01 5767460                    /lib/x86_64-linux-gnu/libm-2.19.so
7efefb5ac000-7efefb5ad000 r--p 00104000 08:01 5767460                    /lib/x86_64-linux-gnu/libm-2.19.so
7efefb5ad000-7efefb5ae000 rw-p 00105000 08:01 5767460                    /lib/x86_64-linux-gnu/libm-2.19.so
7efefb5ae000-7efefbff5000 r-xp 00000000 08:01 1972584                    /usr/java/jdk1.7.0_07/jre/lib/amd64/server/libjvm.so
7efefbff5000-7efefc1f4000 ---p 00a47000 08:01 1972584                    /usr/java/jdk1.7.0_07/jre/lib/amd64/server/libjvm.so
7efefc1f4000-7efefc297000 rw-p 00a46000 08:01 1972584                    /usr/java/jdk1.7.0_07/jre/lib/amd64/server/libjvm.so
7efefc297000-7efefc2d3000 rw-p 00000000 00:00 0 
7efefc2d3000-7efefc48e000 r-xp 00000000 08:01 5771078                    /lib/x86_64-linux-gnu/libc-2.19.so
7efefc48e000-7efefc68e000 ---p 001bb000 08:01 5771078                    /lib/x86_64-linux-gnu/libc-2.19.so
7efefc68e000-7efefc692000 r--p 001bb000 08:01 5771078                    /lib/x86_64-linux-gnu/libc-2.19.so
7efefc692000-7efefc694000 rw-p 001bf000 08:01 5771078                    /lib/x86_64-linux-gnu/libc-2.19.so
7efefc694000-7efefc699000 rw-p 00000000 00:00 0 
7efefc699000-7efefc69c000 r-xp 00000000 08:01 5771068                    /lib/x86_64-linux-gnu/libdl-2.19.so
7efefc69c000-7efefc89b000 ---p 00003000 08:01 5771068                    /lib/x86_64-linux-gnu/libdl-2.19.so
7efefc89b000-7efefc89c000 r--p 00002000 08:01 5771068                    /lib/x86_64-linux-gnu/libdl-2.19.so
7efefc89c000-7efefc89d000 rw-p 00003000 08:01 5771068                    /lib/x86_64-linux-gnu/libdl-2.19.so
7efefc89d000-7efefc8b3000 r-xp 00000000 08:01 1972573                    /usr/java/jdk1.7.0_07/jre/lib/amd64/jli/libjli.so
7efefc8b3000-7efefcab2000 ---p 00016000 08:01 1972573                    /usr/java/jdk1.7.0_07/jre/lib/amd64/jli/libjli.so
7efefcab2000-7efefcab3000 rw-p 00015000 08:01 1972573                    /usr/java/jdk1.7.0_07/jre/lib/amd64/jli/libjli.so
7efefcab3000-7efefcacc000 r-xp 00000000 08:01 5767501                    /lib/x86_64-linux-gnu/libpthread-2.19.so
7efefcacc000-7efefcccb000 ---p 00019000 08:01 5767501                    /lib/x86_64-linux-gnu/libpthread-2.19.so
7efefcccb000-7efefcccc000 r--p 00018000 08:01 5767501                    /lib/x86_64-linux-gnu/libpthread-2.19.so
7efefcccc000-7efefcccd000 rw-p 00019000 08:01 5767501                    /lib/x86_64-linux-gnu/libpthread-2.19.so
7efefcccd000-7efefccd1000 rw-p 00000000 00:00 0 
7efefccd1000-7efefccf4000 r-xp 00000000 08:01 5771072                    /lib/x86_64-linux-gnu/ld-2.19.so
7efefccff000-7efefcd68000 rw-p 00000000 00:00 0 
7efefcd68000-7efefcd86000 rw-p 00000000 00:00 0 
7efefcd86000-7efefcdbb000 r--s 00000000 08:01 2103197                    /var/cache/nscd/passwd
7efefcdbb000-7efefcdbe000 ---p 00000000 00:00 0 
7efefcdbe000-7efefcec0000 rw-p 00000000 00:00 0                          [stack:31847]
7efefcee5000-7efefcee7000 rw-p 00000000 00:00 0 
7efefcee7000-7efefceef000 rw-s 00000000 08:01 525745                     /tmp/hsperfdata_edwasa01/31845
7efefceef000-7efefcef0000 rw-p 00000000 00:00 0 
7efefcef0000-7efefcef1000 r--p 00000000 00:00 0 
7efefcef1000-7efefcef3000 rw-p 00000000 00:00 0 
7efefcef3000-7efefcef4000 r--p 00022000 08:01 5771072                    /lib/x86_64-linux-gnu/ld-2.19.so
7efefcef4000-7efefcef5000 rw-p 00023000 08:01 5771072                    /lib/x86_64-linux-gnu/ld-2.19.so
7efefcef5000-7efefcef6000 rw-p 00000000 00:00 0 
7fff831d5000-7fff831f6000 rw-p 00000000 00:00 0                          [stack]
7fff831fe000-7fff83200000 r-xp 00000000 00:00 0                          [vdso]
ffffffffff600000-ffffffffff601000 r-xp 00000000 00:00 0                  [vsyscall]

VM Arguments:
jvm_args: -Dfile.encoding=UTF-8 -Xbootclasspath/p:/usr/local/android-sdk-linux/platforms/android-17/android.jar 
java_command: com.example.cs112bandroid.BattleshipAdvisorGUI
Launcher Type: SUN_STANDARD

Environment Variables:
JAVA_HOME=/usr/java/latest
CLASSPATH=.:/Courses/general/src:/Courses/cs111
PATH=.:/Accounts/turing/students/s17/edwasa01/bin:/bin:/usr/bin:/usr/local/bin:/Courses/general/bin:/usr/local/lejos_nxj/bin:/usr/games:/usr/local/lejos_nxj/bin
LD_LIBRARY_PATH=/usr/local/lejos_nxj/bin:/usr/lib:/usr/local/lib
SHELL=/bin/bash
DISPLAY=:0.0

Signal Handlers:
SIGSEGV: [libjvm.so+0x8a5a80], sa_mask[0]=0x7ffbfeff, sa_flags=0x10000004
SIGBUS: [libjvm.so+0x8a5a80], sa_mask[0]=0x7ffbfeff, sa_flags=0x10000004
SIGFPE: [libjvm.so+0x741b60], sa_mask[0]=0x7ffbfeff, sa_flags=0x10000004
SIGPIPE: [libjvm.so+0x741b60], sa_mask[0]=0x7ffbfeff, sa_flags=0x10000004
SIGXFSZ: [libjvm.so+0x741b60], sa_mask[0]=0x7ffbfeff, sa_flags=0x10000004
SIGILL: [libjvm.so+0x741b60], sa_mask[0]=0x7ffbfeff, sa_flags=0x10000004
SIGUSR1: SIG_DFL, sa_mask[0]=0x00000000, sa_flags=0x00000000
SIGUSR2: [libjvm.so+0x7414b0], sa_mask[0]=0x00000004, sa_flags=0x10000004
SIGHUP: SIG_DFL, sa_mask[0]=0x00000000, sa_flags=0x00000000
SIGINT: SIG_DFL, sa_mask[0]=0x00000000, sa_flags=0x00000000
SIGTERM: SIG_DFL, sa_mask[0]=0x00000000, sa_flags=0x00000000
SIGQUIT: SIG_DFL, sa_mask[0]=0x00000000, sa_flags=0x00000000


---------------  S Y S T E M  ---------------

OS:jessie/sid

uname:Linux 3.13.0-43-generic #72-Ubuntu SMP Mon Dec 8 19:35:06 UTC 2014 x86_64
libc:glibc 2.19 NPTL 2.19 
rlimit: STACK 8192k, CORE 0k, NPROC 63361, NOFILE 4096, AS infinity
load average:0.17 0.22 0.16

/proc/meminfo:
MemTotal:        8131852 kB
MemFree:         4561516 kB
Buffers:          348372 kB
Cached:          1649376 kB
SwapCached:            0 kB
Active:          1866352 kB
Inactive:        1221464 kB
Active(anon):    1092452 kB
Inactive(anon):    30676 kB
Active(file):     773900 kB
Inactive(file):  1190788 kB
Unevictable:          32 kB
Mlocked:              32 kB
SwapTotal:       8342524 kB
SwapFree:        8342524 kB
Dirty:                76 kB
Writeback:             0 kB
AnonPages:       1090832 kB
Mapped:           294292 kB
Shmem:             32388 kB
Slab:             200124 kB
SReclaimable:     157992 kB
SUnreclaim:        42132 kB
KernelStack:        4552 kB
PageTables:        36548 kB
NFS_Unstable:          0 kB
Bounce:                0 kB
WritebackTmp:          0 kB
CommitLimit:    12408448 kB
Committed_AS:    3877096 kB
VmallocTotal:   34359738367 kB
VmallocUsed:      111952 kB
VmallocChunk:   34359603268 kB
HardwareCorrupted:     0 kB
AnonHugePages:    536576 kB
HugePages_Total:       0
HugePages_Free:        0
HugePages_Rsvd:        0
HugePages_Surp:        0
Hugepagesize:       2048 kB
DirectMap4k:      273872 kB
DirectMap2M:     8071168 kB


CPU:total 8 (4 cores per cpu, 2 threads per core) family 6 model 42 stepping 7, cmov, cx8, fxsr, mmx, sse, sse2, sse3, ssse3, sse4.1, sse4.2, popcnt, avx, ht, tsc, tscinvbit

/proc/cpuinfo:
processor	: 0
vendor_id	: GenuineIntel
cpu family	: 6
model		: 42
model name	: Intel(R) Core(TM) i7-2600 CPU @ 3.40GHz
stepping	: 7
microcode	: 0x14
cpu MHz		: 1600.000
cache size	: 8192 KB
physical id	: 0
siblings	: 8
core id		: 0
cpu cores	: 4
apicid		: 0
initial apicid	: 0
fpu		: yes
fpu_exception	: yes
cpuid level	: 13
wp		: yes
flags		: fpu vme de pse tsc msr pae mce cx8 apic sep mtrr pge mca cmov pat pse36 clflush dts acpi mmx fxsr sse sse2 ss ht tm pbe syscall nx rdtscp lm constant_tsc arch_perfmon pebs bts rep_good nopl xtopology nonstop_tsc aperfmperf eagerfpu pni pclmulqdq dtes64 monitor ds_cpl vmx smx est tm2 ssse3 cx16 xtpr pdcm pcid sse4_1 sse4_2 x2apic popcnt tsc_deadline_timer aes xsave avx lahf_lm ida arat epb xsaveopt pln pts dtherm tpr_shadow vnmi flexpriority ept vpid
bogomips	: 6785.09
clflush size	: 64
cache_alignment	: 64
address sizes	: 36 bits physical, 48 bits virtual
power management:

processor	: 1
vendor_id	: GenuineIntel
cpu family	: 6
model		: 42
model name	: Intel(R) Core(TM) i7-2600 CPU @ 3.40GHz
stepping	: 7
microcode	: 0x14
cpu MHz		: 1600.000
cache size	: 8192 KB
physical id	: 0
siblings	: 8
core id		: 1
cpu cores	: 4
apicid		: 2
initial apicid	: 2
fpu		: yes
fpu_exception	: yes
cpuid level	: 13
wp		: yes
flags		: fpu vme de pse tsc msr pae mce cx8 apic sep mtrr pge mca cmov pat pse36 clflush dts acpi mmx fxsr sse sse2 ss ht tm pbe syscall nx rdtscp lm constant_tsc arch_perfmon pebs bts rep_good nopl xtopology nonstop_tsc aperfmperf eagerfpu pni pclmulqdq dtes64 monitor ds_cpl vmx smx est tm2 ssse3 cx16 xtpr pdcm pcid sse4_1 sse4_2 x2apic popcnt tsc_deadline_timer aes xsave avx lahf_lm ida arat epb xsaveopt pln pts dtherm tpr_shadow vnmi flexpriority ept vpid
bogomips	: 6785.09
clflush size	: 64
cache_alignment	: 64
address sizes	: 36 bits physical, 48 bits virtual
power management:

processor	: 2
vendor_id	: GenuineIntel
cpu family	: 6
model		: 42
model name	: Intel(R) Core(TM) i7-2600 CPU @ 3.40GHz
stepping	: 7
microcode	: 0x14
cpu MHz		: 3000.000
cache size	: 8192 KB
physical id	: 0
siblings	: 8
core id		: 2
cpu cores	: 4
apicid		: 4
initial apicid	: 4
fpu		: yes
fpu_exception	: yes
cpuid level	: 13
wp		: yes
flags		: fpu vme de pse tsc msr pae mce cx8 apic sep mtrr pge mca cmov pat pse36 clflush dts acpi mmx fxsr sse sse2 ss ht tm pbe syscall nx rdtscp lm constant_tsc arch_perfmon pebs bts rep_good nopl xtopology nonstop_tsc aperfmperf eagerfpu pni pclmulqdq dtes64 monitor ds_cpl vmx smx est tm2 ssse3 cx16 xtpr pdcm pcid sse4_1 sse4_2 x2apic popcnt tsc_deadline_timer aes xsave avx lahf_lm ida arat epb xsaveopt pln pts dtherm tpr_shadow vnmi flexpriority ept vpid
bogomips	: 6785.09
clflush size	: 64
cache_alignment	: 64
address sizes	: 36 bits physical, 48 bits virtual
power management:

processor	: 3
vendor_id	: GenuineIntel
cpu family	: 6
model		: 42
model name	: Intel(R) Core(TM) i7-2600 CPU @ 3.40GHz
stepping	: 7
microcode	: 0x14
cpu MHz		: 1600.000
cache size	: 8192 KB
physical id	: 0
siblings	: 8
core id		: 3
cpu cores	: 4
apicid		: 6
initial apicid	: 6
fpu		: yes
fpu_exception	: yes
cpuid level	: 13
wp		: yes
flags		: fpu vme de pse tsc msr pae mce cx8 apic sep mtrr pge mca cmov pat pse36 clflush dts acpi mmx fxsr sse sse2 ss ht tm pbe syscall nx rdtscp lm constant_tsc arch_perfmon pebs bts rep_good nopl xtopology nonstop_tsc aperfmperf eagerfpu pni pclmulqdq dtes64 monitor ds_cpl vmx smx est tm2 ssse3 cx16 xtpr pdcm pcid sse4_1 sse4_2 x2apic popcnt tsc_deadline_timer aes xsave avx lahf_lm ida arat epb xsaveopt pln pts dtherm tpr_shadow vnmi flexpriority ept vpid
bogomips	: 6785.09
clflush size	: 64
cache_alignment	: 64
address sizes	: 36 bits physical, 48 bits virtual
power management:

processor	: 4
vendor_id	: GenuineIntel
cpu family	: 6
model		: 42
model name	: Intel(R) Core(TM) i7-2600 CPU @ 3.40GHz
stepping	: 7
microcode	: 0x14
cpu MHz		: 1600.000
cache size	: 8192 KB
physical id	: 0
siblings	: 8
core id		: 0
cpu cores	: 4
apicid		: 1
initial apicid	: 1
fpu		: yes
fpu_exception	: yes
cpuid level	: 13
wp		: yes
flags		: fpu vme de pse tsc msr pae mce cx8 apic sep mtrr pge mca cmov pat pse36 clflush dts acpi mmx fxsr sse sse2 ss ht tm pbe syscall nx rdtscp lm constant_tsc arch_perfmon pebs bts rep_good nopl xtopology nonstop_tsc aperfmperf eagerfpu pni pclmulqdq dtes64 monitor ds_cpl vmx smx est tm2 ssse3 cx16 xtpr pdcm pcid sse4_1 sse4_2 x2apic popcnt tsc_deadline_timer aes xsave avx lahf_lm ida arat epb xsaveopt pln pts dtherm tpr_shadow vnmi flexpriority ept vpid
bogomips	: 6785.09
clflush size	: 64
cache_alignment	: 64
address sizes	: 36 bits physical, 48 bits virtual
power management:

processor	: 5
vendor_id	: GenuineIntel
cpu family	: 6
model		: 42
model name	: Intel(R) Core(TM) i7-2600 CPU @ 3.40GHz
stepping	: 7
microcode	: 0x14
cpu MHz		: 1600.000
cache size	: 8192 KB
physical id	: 0
siblings	: 8
core id		: 1
cpu cores	: 4
apicid		: 3
initial apicid	: 3
fpu		: yes
fpu_exception	: yes
cpuid level	: 13
wp		: yes
flags		: fpu vme de pse tsc msr pae mce cx8 apic sep mtrr pge mca cmov pat pse36 clflush dts acpi mmx fxsr sse sse2 ss ht tm pbe syscall nx rdtscp lm constant_tsc arch_perfmon pebs bts rep_good nopl xtopology nonstop_tsc aperfmperf eagerfpu pni pclmulqdq dtes64 monitor ds_cpl vmx smx est tm2 ssse3 cx16 xtpr pdcm pcid sse4_1 sse4_2 x2apic popcnt tsc_deadline_timer aes xsave avx lahf_lm ida arat epb xsaveopt pln pts dtherm tpr_shadow vnmi flexpriority ept vpid
bogomips	: 6785.09
clflush size	: 64
cache_alignment	: 64
address sizes	: 36 bits physical, 48 bits virtual
power management:

processor	: 6
vendor_id	: GenuineIntel
cpu family	: 6
model		: 42
model name	: Intel(R) Core(TM) i7-2600 CPU @ 3.40GHz
stepping	: 7
microcode	: 0x14
cpu MHz		: 1600.000
cache size	: 8192 KB
physical id	: 0
siblings	: 8
core id		: 2
cpu cores	: 4
apicid		: 5
initial apicid	: 5
fpu		: yes
fpu_exception	: yes
cpuid level	: 13
wp		: yes
flags		: fpu vme de pse tsc msr pae mce cx8 apic sep mtrr pge mca cmov pat pse36 clflush dts acpi mmx fxsr sse sse2 ss ht tm pbe syscall nx rdtscp lm constant_tsc arch_perfmon pebs bts rep_good nopl xtopology nonstop_tsc aperfmperf eagerfpu pni pclmulqdq dtes64 monitor ds_cpl vmx smx est tm2 ssse3 cx16 xtpr pdcm pcid sse4_1 sse4_2 x2apic popcnt tsc_deadline_timer aes xsave avx lahf_lm ida arat epb xsaveopt pln pts dtherm tpr_shadow vnmi flexpriority ept vpid
bogomips	: 6785.09
clflush size	: 64
cache_alignment	: 64
address sizes	: 36 bits physical, 48 bits virtual
power management:

processor	: 7
vendor_id	: GenuineIntel
cpu family	: 6
model		: 42
model name	: Intel(R) Core(TM) i7-2600 CPU @ 3.40GHz
stepping	: 7
microcode	: 0x14
cpu MHz		: 1600.000
cache size	: 8192 KB
physical id	: 0
siblings	: 8
core id		: 3
cpu cores	: 4
apicid		: 7
initial apicid	: 7
fpu		: yes
fpu_exception	: yes
cpuid level	: 13
wp		: yes
flags		: fpu vme de pse tsc msr pae mce cx8 apic sep mtrr pge mca cmov pat pse36 clflush dts acpi mmx fxsr sse sse2 ss ht tm pbe syscall nx rdtscp lm constant_tsc arch_perfmon pebs bts rep_good nopl xtopology nonstop_tsc aperfmperf eagerfpu pni pclmulqdq dtes64 monitor ds_cpl vmx smx est tm2 ssse3 cx16 xtpr pdcm pcid sse4_1 sse4_2 x2apic popcnt tsc_deadline_timer aes xsave avx lahf_lm ida arat epb xsaveopt pln pts dtherm tpr_shadow vnmi flexpriority ept vpid
bogomips	: 6785.09
clflush size	: 64
cache_alignment	: 64
address sizes	: 36 bits physical, 48 bits virtual
power management:



Memory: 4k page, physical 8131852k(4561516k free), swap 8342524k(8342524k free)

vm_info: Java HotSpot(TM) 64-Bit Server VM (23.3-b01) for linux-amd64 JRE (1.7.0_07-b10), built on Aug 28 2012 17:44:05 by "java_re" with gcc 4.3.0 20080428 (Red Hat 4.3.0-8)

time: Sun Apr 26 17:34:59 2015
elapsed time: 0 seconds

