#
# A fatal error has been detected by the Java Runtime Environment:
#
#  Internal Error (javaClasses.cpp:129), pid=27690, tid=140137815615232
#  fatal error: Invalid layout of preloaded class
#
# JRE version: 7.0_07-b10
# Java VM: Java HotSpot(TM) 64-Bit Server VM (23.3-b01 mixed mode linux-amd64 compressed oops)
# Failed to write core dump. Core dumps have been disabled. To enable core dumping, try "ulimit -c unlimited" before starting Java again
#
# If you would like to submit a bug report, please visit:
#   http://bugreport.sun.com/bugreport/crash.jsp
#

---------------  T H R E A D  ---------------

Current thread (0x00007f7458007000):  JavaThread "Unknown thread" [_thread_in_vm, id=27691, stack(0x00007f7460a82000,0x00007f7460b83000)]

Stack: [0x00007f7460a82000,0x00007f7460b83000],  sp=0x00007f7460b81800,  free space=1022k
Native frames: (J=compiled Java code, j=interpreted, Vv=VM code, C=native code)
V  [libjvm.so+0x8a511a]  VMError::report_and_die()+0x2ea
V  [libjvm.so+0x40ae59]  report_fatal(char const*, int, char const*)+0x59
V  [libjvm.so+0x555897]  compute_offset(int&, klassOopDesc*, Symbol*, Symbol*, bool)+0x137
V  [libjvm.so+0x556a59]  java_lang_String::compute_offsets()+0x39
V  [libjvm.so+0x8341d3]  SystemDictionary::initialize_preloaded_classes(Thread*)+0x143
V  [libjvm.so+0x880314]  Universe::genesis(Thread*)+0x474
V  [libjvm.so+0x8807c4]  universe2_init()+0x24
V  [libjvm.so+0x503cad]  init_globals()+0xbd
V  [libjvm.so+0x866d62]  Threads::create_vm(JavaVMInitArgs*, bool*)+0x1e2
V  [libjvm.so+0x563b64]  JNI_CreateJavaVM+0x74
C  [libjli.so+0x337e]  JavaMain+0x9e


---------------  P R O C E S S  ---------------

Java Threads: ( => current thread )

Other Threads:

=>0x00007f7458007000 (exited) JavaThread "Unknown thread" [_thread_in_vm, id=27691, stack(0x00007f7460a82000,0x00007f7460b83000)]

VM state:not at safepoint (not fully initialized)

VM Mutex/Monitor currently owned by a thread: None

GC Heap History (0 events):
No events

Deoptimization events (0 events):
No events

Internal exceptions (0 events):
No events

Events (10 events):
Event: 0.005 loading class 0x00007f74580311e0 done
Event: 0.005 loading class 0x00007f7458030a80 done
Event: 0.005 loading class 0x00007f7458030a50
Event: 0.005 loading class 0x00007f745805bc40
Event: 0.005 loading class 0x00007f745805bc40 done
Event: 0.005 loading class 0x00007f745805bc80
Event: 0.005 loading class 0x00007f745805bc80 done
Event: 0.005 loading class 0x00007f745805bcc0
Event: 0.005 loading class 0x00007f745805bcc0 done
Event: 0.005 loading class 0x00007f7458030a50 done


Dynamic libraries:
00400000-00401000 r-xp 00000000 08:01 3810547                            /usr/java/jdk1.7.0_07/bin/java
00600000-00601000 rw-p 00000000 08:01 3810547                            /usr/java/jdk1.7.0_07/bin/java
0219b000-021bc000 rw-p 00000000 00:00 0                                  [heap]
77ec00000-7800c0000 rw-p 00000000 00:00 0 
7800c0000-783e00000 rw-p 00000000 00:00 0 
783e00000-7890c0000 rw-p 00000000 00:00 0 
7890c0000-7d6a00000 rw-p 00000000 00:00 0 
7d6a00000-7d9360000 rw-p 00000000 00:00 0 
7d9360000-800000000 rw-p 00000000 00:00 0 
7f7423f60000-7f7428000000 rw-p 00000000 00:00 0 
7f7428000000-7f7428021000 rw-p 00000000 00:00 0 
7f7428021000-7f742c000000 ---p 00000000 00:00 0 
7f7430000000-7f7430021000 rw-p 00000000 00:00 0 
7f7430021000-7f7434000000 ---p 00000000 00:00 0 
7f7434000000-7f7434021000 rw-p 00000000 00:00 0 
7f7434021000-7f7438000000 ---p 00000000 00:00 0 
7f7438000000-7f7438021000 rw-p 00000000 00:00 0 
7f7438021000-7f743c000000 ---p 00000000 00:00 0 
7f7440000000-7f7440021000 rw-p 00000000 00:00 0 
7f7440021000-7f7444000000 ---p 00000000 00:00 0 
7f7448000000-7f7448021000 rw-p 00000000 00:00 0 
7f7448021000-7f744c000000 ---p 00000000 00:00 0 
7f744c000000-7f744c021000 rw-p 00000000 00:00 0 
7f744c021000-7f7450000000 ---p 00000000 00:00 0 
7f7450000000-7f7450021000 rw-p 00000000 00:00 0 
7f7450021000-7f7454000000 ---p 00000000 00:00 0 
7f7455000000-7f7455270000 rwxp 00000000 00:00 0 
7f7455270000-7f7458065000 rw-p 00000000 00:00 0 
7f7458065000-7f745c000000 ---p 00000000 00:00 0 
7f745c4c5000-7f745c6bc000 rw-p 00000000 00:00 0 
7f745c6bc000-7f745c782000 r--s 0116f000 08:01 5509709                    /usr/local/android-sdk-linux/platforms/android-17/android.jar
7f745c782000-7f745d7aa000 rw-p 00000000 00:00 0 
7f745d7aa000-7f745d7ab000 ---p 00000000 00:00 0 
7f745d7ab000-7f745d8ab000 rw-p 00000000 00:00 0                          [stack:27699]
7f745d8ab000-7f745d8ac000 ---p 00000000 00:00 0 
7f745d8ac000-7f745d9ac000 rw-p 00000000 00:00 0                          [stack:27698]
7f745d9ac000-7f745d9ad000 ---p 00000000 00:00 0 
7f745d9ad000-7f745daad000 rw-p 00000000 00:00 0                          [stack:27697]
7f745daad000-7f745daae000 ---p 00000000 00:00 0 
7f745daae000-7f745dbae000 rw-p 00000000 00:00 0                          [stack:27696]
7f745dbae000-7f745dbaf000 ---p 00000000 00:00 0 
7f745dbaf000-7f745dcaf000 rw-p 00000000 00:00 0                          [stack:27695]
7f745dcaf000-7f745dcb0000 ---p 00000000 00:00 0 
7f745dcb0000-7f745ddb0000 rw-p 00000000 00:00 0                          [stack:27694]
7f745ddb0000-7f745ddb1000 ---p 00000000 00:00 0 
7f745ddb1000-7f745deb1000 rw-p 00000000 00:00 0                          [stack:27693]
7f745deb1000-7f745deb2000 ---p 00000000 00:00 0 
7f745deb2000-7f745dfdc000 rw-p 00000000 00:00 0                          [stack:27692]
7f745dfdc000-7f745e248000 rw-p 00000000 00:00 0 
7f745e248000-7f745e253000 rw-p 00000000 00:00 0 
7f745e253000-7f745e271000 rw-p 00000000 00:00 0 
7f745e271000-7f745e29b000 rw-p 00000000 00:00 0 
7f745e29b000-7f745e507000 rw-p 00000000 00:00 0 
7f745e507000-7f745e51c000 rw-p 00000000 00:00 0 
7f745e51c000-7f745e652000 rw-p 00000000 00:00 0 
7f745e652000-7f745e65d000 rw-p 00000000 00:00 0 
7f745e65d000-7f745e713000 rw-p 00000000 00:00 0 
7f745e713000-7f745e72d000 r-xp 00000000 08:01 4199757                    /usr/java/jdk1.7.0_07/jre/lib/amd64/libzip.so
7f745e72d000-7f745e92d000 ---p 0001a000 08:01 4199757                    /usr/java/jdk1.7.0_07/jre/lib/amd64/libzip.so
7f745e92d000-7f745e92e000 rw-p 0001a000 08:01 4199757                    /usr/java/jdk1.7.0_07/jre/lib/amd64/libzip.so
7f745e92e000-7f745e957000 r-xp 00000000 08:01 4199747                    /usr/java/jdk1.7.0_07/jre/lib/amd64/libjava.so
7f745e957000-7f745eb57000 ---p 00029000 08:01 4199747                    /usr/java/jdk1.7.0_07/jre/lib/amd64/libjava.so
7f745eb57000-7f745eb59000 rw-p 00029000 08:01 4199747                    /usr/java/jdk1.7.0_07/jre/lib/amd64/libjava.so
7f745eb59000-7f745eb66000 r-xp 00000000 08:01 4199745                    /usr/java/jdk1.7.0_07/jre/lib/amd64/libverify.so
7f745eb66000-7f745ed65000 ---p 0000d000 08:01 4199745                    /usr/java/jdk1.7.0_07/jre/lib/amd64/libverify.so
7f745ed65000-7f745ed67000 rw-p 0000c000 08:01 4199745                    /usr/java/jdk1.7.0_07/jre/lib/amd64/libverify.so
7f745ed67000-7f745ed6e000 r-xp 00000000 08:01 4461605                    /lib/x86_64-linux-gnu/librt-2.19.so
7f745ed6e000-7f745ef6d000 ---p 00007000 08:01 4461605                    /lib/x86_64-linux-gnu/librt-2.19.so
7f745ef6d000-7f745ef6e000 r--p 00006000 08:01 4461605                    /lib/x86_64-linux-gnu/librt-2.19.so
7f745ef6e000-7f745ef6f000 rw-p 00007000 08:01 4461605                    /lib/x86_64-linux-gnu/librt-2.19.so
7f745ef6f000-7f745f074000 r-xp 00000000 08:01 4461581                    /lib/x86_64-linux-gnu/libm-2.19.so
7f745f074000-7f745f273000 ---p 00105000 08:01 4461581                    /lib/x86_64-linux-gnu/libm-2.19.so
7f745f273000-7f745f274000 r--p 00104000 08:01 4461581                    /lib/x86_64-linux-gnu/libm-2.19.so
7f745f274000-7f745f275000 rw-p 00105000 08:01 4461581                    /lib/x86_64-linux-gnu/libm-2.19.so
7f745f275000-7f745fcbc000 r-xp 00000000 08:01 4460135                    /usr/java/jdk1.7.0_07/jre/lib/amd64/server/libjvm.so
7f745fcbc000-7f745febb000 ---p 00a47000 08:01 4460135                    /usr/java/jdk1.7.0_07/jre/lib/amd64/server/libjvm.so
7f745febb000-7f745ff5e000 rw-p 00a46000 08:01 4460135                    /usr/java/jdk1.7.0_07/jre/lib/amd64/server/libjvm.so
7f745ff5e000-7f745ff9a000 rw-p 00000000 00:00 0 
7f745ff9a000-7f7460155000 r-xp 00000000 08:01 4461603                    /lib/x86_64-linux-gnu/libc-2.19.so
7f7460155000-7f7460355000 ---p 001bb000 08:01 4461603                    /lib/x86_64-linux-gnu/libc-2.19.so
7f7460355000-7f7460359000 r--p 001bb000 08:01 4461603                    /lib/x86_64-linux-gnu/libc-2.19.so
7f7460359000-7f746035b000 rw-p 001bf000 08:01 4461603                    /lib/x86_64-linux-gnu/libc-2.19.so
7f746035b000-7f7460360000 rw-p 00000000 00:00 0 
7f7460360000-7f7460363000 r-xp 00000000 08:01 4461597                    /lib/x86_64-linux-gnu/libdl-2.19.so
7f7460363000-7f7460562000 ---p 00003000 08:01 4461597                    /lib/x86_64-linux-gnu/libdl-2.19.so
7f7460562000-7f7460563000 r--p 00002000 08:01 4461597                    /lib/x86_64-linux-gnu/libdl-2.19.so
7f7460563000-7f7460564000 rw-p 00003000 08:01 4461597                    /lib/x86_64-linux-gnu/libdl-2.19.so
7f7460564000-7f746057a000 r-xp 00000000 08:01 4333405                    /usr/java/jdk1.7.0_07/jre/lib/amd64/jli/libjli.so
7f746057a000-7f7460779000 ---p 00016000 08:01 4333405                    /usr/java/jdk1.7.0_07/jre/lib/amd64/jli/libjli.so
7f7460779000-7f746077a000 rw-p 00015000 08:01 4333405                    /usr/java/jdk1.7.0_07/jre/lib/amd64/jli/libjli.so
7f746077a000-7f7460793000 r-xp 00000000 08:01 4461592                    /lib/x86_64-linux-gnu/libpthread-2.19.so
7f7460793000-7f7460992000 ---p 00019000 08:01 4461592                    /lib/x86_64-linux-gnu/libpthread-2.19.so
7f7460992000-7f7460993000 r--p 00018000 08:01 4461592                    /lib/x86_64-linux-gnu/libpthread-2.19.so
7f7460993000-7f7460994000 rw-p 00019000 08:01 4461592                    /lib/x86_64-linux-gnu/libpthread-2.19.so
7f7460994000-7f7460998000 rw-p 00000000 00:00 0 
7f7460998000-7f74609bb000 r-xp 00000000 08:01 4461600                    /lib/x86_64-linux-gnu/ld-2.19.so
7f74609c6000-7f7460a2f000 rw-p 00000000 00:00 0 
7f7460a2f000-7f7460a4d000 rw-p 00000000 00:00 0 
7f7460a4d000-7f7460a82000 r--s 00000000 08:01 1050420                    /var/cache/nscd/passwd
7f7460a82000-7f7460a85000 ---p 00000000 00:00 0 
7f7460a85000-7f7460b87000 rw-p 00000000 00:00 0                          [stack:27691]
7f7460bac000-7f7460bae000 rw-p 00000000 00:00 0 
7f7460bae000-7f7460bb6000 rw-s 00000000 08:01 1838704                    /tmp/hsperfdata_millza04/27690
7f7460bb6000-7f7460bb7000 rw-p 00000000 00:00 0 
7f7460bb7000-7f7460bb8000 r--p 00000000 00:00 0 
7f7460bb8000-7f7460bba000 rw-p 00000000 00:00 0 
7f7460bba000-7f7460bbb000 r--p 00022000 08:01 4461600                    /lib/x86_64-linux-gnu/ld-2.19.so
7f7460bbb000-7f7460bbc000 rw-p 00023000 08:01 4461600                    /lib/x86_64-linux-gnu/ld-2.19.so
7f7460bbc000-7f7460bbd000 rw-p 00000000 00:00 0 
7fff0a659000-7fff0a67a000 rw-p 00000000 00:00 0                          [stack]
7fff0a7fe000-7fff0a800000 r-xp 00000000 00:00 0                          [vdso]
ffffffffff600000-ffffffffff601000 r-xp 00000000 00:00 0                  [vsyscall]

VM Arguments:
jvm_args: -Dfile.encoding=UTF-8 -Xbootclasspath/p:/usr/local/android-sdk-linux/platforms/android-17/android.jar 
java_command: com.example.cs112bandroid.BattleshipAdvisorGUI
Launcher Type: SUN_STANDARD

Environment Variables:
JAVA_HOME=/usr/java/latest
CLASSPATH=.:/Courses/general/src:/Courses/cs111
PATH=.:/Accounts/turing/students/s18/millza04/bin:/bin:/usr/bin:/usr/local/bin:/Courses/general/bin:/usr/local/lejos_nxj/bin:/usr/games:/usr/local/lejos_nxj/bin
LD_LIBRARY_PATH=/usr/local/lejos_nxj/bin:/usr/lib:/usr/local/lib
SHELL=/bin/bash
DISPLAY=:0.0

Signal Handlers:
SIGSEGV: [libjvm.so+0x8a5a80], sa_mask[0]=0x7ffbfeff, sa_flags=0x10000004
SIGBUS: [libjvm.so+0x8a5a80], sa_mask[0]=0x7ffbfeff, sa_flags=0x10000004
SIGFPE: [libjvm.so+0x741b60], sa_mask[0]=0x7ffbfeff, sa_flags=0x10000004
SIGPIPE: [libjvm.so+0x741b60], sa_mask[0]=0x7ffbfeff, sa_flags=0x10000004
SIGXFSZ: [libjvm.so+0x741b60], sa_mask[0]=0x7ffbfeff, sa_flags=0x10000004
SIGILL: [libjvm.so+0x741b60], sa_mask[0]=0x7ffbfeff, sa_flags=0x10000004
SIGUSR1: SIG_DFL, sa_mask[0]=0x00000000, sa_flags=0x00000000
SIGUSR2: [libjvm.so+0x7414b0], sa_mask[0]=0x00000004, sa_flags=0x10000004
SIGHUP: SIG_DFL, sa_mask[0]=0x00000000, sa_flags=0x00000000
SIGINT: SIG_DFL, sa_mask[0]=0x00000000, sa_flags=0x00000000
SIGTERM: SIG_DFL, sa_mask[0]=0x00000000, sa_flags=0x00000000
SIGQUIT: SIG_DFL, sa_mask[0]=0x00000000, sa_flags=0x00000000


---------------  S Y S T E M  ---------------

OS:jessie/sid

uname:Linux 3.13.0-43-generic #72-Ubuntu SMP Mon Dec 8 19:35:06 UTC 2014 x86_64
libc:glibc 2.19 NPTL 2.19 
rlimit: STACK 8192k, CORE 0k, NPROC 63361, NOFILE 4096, AS infinity
load average:0.57 0.36 0.34

/proc/meminfo:
MemTotal:        8131852 kB
MemFree:         1995532 kB
Buffers:          406700 kB
Cached:          2977968 kB
SwapCached:            0 kB
Active:          3764340 kB
Inactive:        1723140 kB
Active(anon):    2105212 kB
Inactive(anon):    13188 kB
Active(file):    1659128 kB
Inactive(file):  1709952 kB
Unevictable:          32 kB
Mlocked:              32 kB
SwapTotal:       8342524 kB
SwapFree:        8342524 kB
Dirty:                76 kB
Writeback:             0 kB
AnonPages:       2102776 kB
Mapped:           303832 kB
Shmem:             15588 kB
Slab:             310200 kB
SReclaimable:     256588 kB
SUnreclaim:        53612 kB
KernelStack:        5888 kB
PageTables:        41436 kB
NFS_Unstable:          0 kB
Bounce:                0 kB
WritebackTmp:          0 kB
CommitLimit:    12408448 kB
Committed_AS:    5832316 kB
VmallocTotal:   34359738367 kB
VmallocUsed:      113516 kB
VmallocChunk:   34359589924 kB
HardwareCorrupted:     0 kB
AnonHugePages:   1337344 kB
HugePages_Total:       0
HugePages_Free:        0
HugePages_Rsvd:        0
HugePages_Surp:        0
Hugepagesize:       2048 kB
DirectMap4k:      359888 kB
DirectMap2M:     7985152 kB


CPU:total 8 (4 cores per cpu, 2 threads per core) family 6 model 42 stepping 7, cmov, cx8, fxsr, mmx, sse, sse2, sse3, ssse3, sse4.1, sse4.2, popcnt, avx, ht, tsc, tscinvbit

/proc/cpuinfo:
processor	: 0
vendor_id	: GenuineIntel
cpu family	: 6
model		: 42
model name	: Intel(R) Core(TM) i7-2600 CPU @ 3.40GHz
stepping	: 7
microcode	: 0x14
cpu MHz		: 2000.000
cache size	: 8192 KB
physical id	: 0
siblings	: 8
core id		: 0
cpu cores	: 4
apicid		: 0
initial apicid	: 0
fpu		: yes
fpu_exception	: yes
cpuid level	: 13
wp		: yes
flags		: fpu vme de pse tsc msr pae mce cx8 apic sep mtrr pge mca cmov pat pse36 clflush dts acpi mmx fxsr sse sse2 ss ht tm pbe syscall nx rdtscp lm constant_tsc arch_perfmon pebs bts rep_good nopl xtopology nonstop_tsc aperfmperf eagerfpu pni pclmulqdq dtes64 monitor ds_cpl vmx smx est tm2 ssse3 cx16 xtpr pdcm pcid sse4_1 sse4_2 x2apic popcnt tsc_deadline_timer aes xsave avx lahf_lm ida arat epb xsaveopt pln pts dtherm tpr_shadow vnmi flexpriority ept vpid
bogomips	: 6784.63
clflush size	: 64
cache_alignment	: 64
address sizes	: 36 bits physical, 48 bits virtual
power management:

processor	: 1
vendor_id	: GenuineIntel
cpu family	: 6
model		: 42
model name	: Intel(R) Core(TM) i7-2600 CPU @ 3.40GHz
stepping	: 7
microcode	: 0x14
cpu MHz		: 1600.000
cache size	: 8192 KB
physical id	: 0
siblings	: 8
core id		: 1
cpu cores	: 4
apicid		: 2
initial apicid	: 2
fpu		: yes
fpu_exception	: yes
cpuid level	: 13
wp		: yes
flags		: fpu vme de pse tsc msr pae mce cx8 apic sep mtrr pge mca cmov pat pse36 clflush dts acpi mmx fxsr sse sse2 ss ht tm pbe syscall nx rdtscp lm constant_tsc arch_perfmon pebs bts rep_good nopl xtopology nonstop_tsc aperfmperf eagerfpu pni pclmulqdq dtes64 monitor ds_cpl vmx smx est tm2 ssse3 cx16 xtpr pdcm pcid sse4_1 sse4_2 x2apic popcnt tsc_deadline_timer aes xsave avx lahf_lm ida arat epb xsaveopt pln pts dtherm tpr_shadow vnmi flexpriority ept vpid
bogomips	: 6784.63
clflush size	: 64
cache_alignment	: 64
address sizes	: 36 bits physical, 48 bits virtual
power management:

processor	: 2
vendor_id	: GenuineIntel
cpu family	: 6
model		: 42
model name	: Intel(R) Core(TM) i7-2600 CPU @ 3.40GHz
stepping	: 7
microcode	: 0x14
cpu MHz		: 3401.000
cache size	: 8192 KB
physical id	: 0
siblings	: 8
core id		: 2
cpu cores	: 4
apicid		: 4
initial apicid	: 4
fpu		: yes
fpu_exception	: yes
cpuid level	: 13
wp		: yes
flags		: fpu vme de pse tsc msr pae mce cx8 apic sep mtrr pge mca cmov pat pse36 clflush dts acpi mmx fxsr sse sse2 ss ht tm pbe syscall nx rdtscp lm constant_tsc arch_perfmon pebs bts rep_good nopl xtopology nonstop_tsc aperfmperf eagerfpu pni pclmulqdq dtes64 monitor ds_cpl vmx smx est tm2 ssse3 cx16 xtpr pdcm pcid sse4_1 sse4_2 x2apic popcnt tsc_deadline_timer aes xsave avx lahf_lm ida arat epb xsaveopt pln pts dtherm tpr_shadow vnmi flexpriority ept vpid
bogomips	: 6784.63
clflush size	: 64
cache_alignment	: 64
address sizes	: 36 bits physical, 48 bits virtual
power management:

processor	: 3
vendor_id	: GenuineIntel
cpu family	: 6
model		: 42
model name	: Intel(R) Core(TM) i7-2600 CPU @ 3.40GHz
stepping	: 7
microcode	: 0x14
cpu MHz		: 1600.000
cache size	: 8192 KB
physical id	: 0
siblings	: 8
core id		: 3
cpu cores	: 4
apicid		: 6
initial apicid	: 6
fpu		: yes
fpu_exception	: yes
cpuid level	: 13
wp		: yes
flags		: fpu vme de pse tsc msr pae mce cx8 apic sep mtrr pge mca cmov pat pse36 clflush dts acpi mmx fxsr sse sse2 ss ht tm pbe syscall nx rdtscp lm constant_tsc arch_perfmon pebs bts rep_good nopl xtopology nonstop_tsc aperfmperf eagerfpu pni pclmulqdq dtes64 monitor ds_cpl vmx smx est tm2 ssse3 cx16 xtpr pdcm pcid sse4_1 sse4_2 x2apic popcnt tsc_deadline_timer aes xsave avx lahf_lm ida arat epb xsaveopt pln pts dtherm tpr_shadow vnmi flexpriority ept vpid
bogomips	: 6784.63
clflush size	: 64
cache_alignment	: 64
address sizes	: 36 bits physical, 48 bits virtual
power management:

processor	: 4
vendor_id	: GenuineIntel
cpu family	: 6
model		: 42
model name	: Intel(R) Core(TM) i7-2600 CPU @ 3.40GHz
stepping	: 7
microcode	: 0x14
cpu MHz		: 1600.000
cache size	: 8192 KB
physical id	: 0
siblings	: 8
core id		: 0
cpu cores	: 4
apicid		: 1
initial apicid	: 1
fpu		: yes
fpu_exception	: yes
cpuid level	: 13
wp		: yes
flags		: fpu vme de pse tsc msr pae mce cx8 apic sep mtrr pge mca cmov pat pse36 clflush dts acpi mmx fxsr sse sse2 ss ht tm pbe syscall nx rdtscp lm constant_tsc arch_perfmon pebs bts rep_good nopl xtopology nonstop_tsc aperfmperf eagerfpu pni pclmulqdq dtes64 monitor ds_cpl vmx smx est tm2 ssse3 cx16 xtpr pdcm pcid sse4_1 sse4_2 x2apic popcnt tsc_deadline_timer aes xsave avx lahf_lm ida arat epb xsaveopt pln pts dtherm tpr_shadow vnmi flexpriority ept vpid
bogomips	: 6784.63
clflush size	: 64
cache_alignment	: 64
address sizes	: 36 bits physical, 48 bits virtual
power management:

processor	: 5
vendor_id	: GenuineIntel
cpu family	: 6
model		: 42
model name	: Intel(R) Core(TM) i7-2600 CPU @ 3.40GHz
stepping	: 7
microcode	: 0x14
cpu MHz		: 1600.000
cache size	: 8192 KB
physical id	: 0
siblings	: 8
core id		: 1
cpu cores	: 4
apicid		: 3
initial apicid	: 3
fpu		: yes
fpu_exception	: yes
cpuid level	: 13
wp		: yes
flags		: fpu vme de pse tsc msr pae mce cx8 apic sep mtrr pge mca cmov pat pse36 clflush dts acpi mmx fxsr sse sse2 ss ht tm pbe syscall nx rdtscp lm constant_tsc arch_perfmon pebs bts rep_good nopl xtopology nonstop_tsc aperfmperf eagerfpu pni pclmulqdq dtes64 monitor ds_cpl vmx smx est tm2 ssse3 cx16 xtpr pdcm pcid sse4_1 sse4_2 x2apic popcnt tsc_deadline_timer aes xsave avx lahf_lm ida arat epb xsaveopt pln pts dtherm tpr_shadow vnmi flexpriority ept vpid
bogomips	: 6784.63
clflush size	: 64
cache_alignment	: 64
address sizes	: 36 bits physical, 48 bits virtual
power management:

processor	: 6
vendor_id	: GenuineIntel
cpu family	: 6
model		: 42
model name	: Intel(R) Core(TM) i7-2600 CPU @ 3.40GHz
stepping	: 7
microcode	: 0x14
cpu MHz		: 3401.000
cache size	: 8192 KB
physical id	: 0
siblings	: 8
core id		: 2
cpu cores	: 4
apicid		: 5
initial apicid	: 5
fpu		: yes
fpu_exception	: yes
cpuid level	: 13
wp		: yes
flags		: fpu vme de pse tsc msr pae mce cx8 apic sep mtrr pge mca cmov pat pse36 clflush dts acpi mmx fxsr sse sse2 ss ht tm pbe syscall nx rdtscp lm constant_tsc arch_perfmon pebs bts rep_good nopl xtopology nonstop_tsc aperfmperf eagerfpu pni pclmulqdq dtes64 monitor ds_cpl vmx smx est tm2 ssse3 cx16 xtpr pdcm pcid sse4_1 sse4_2 x2apic popcnt tsc_deadline_timer aes xsave avx lahf_lm ida arat epb xsaveopt pln pts dtherm tpr_shadow vnmi flexpriority ept vpid
bogomips	: 6784.63
clflush size	: 64
cache_alignment	: 64
address sizes	: 36 bits physical, 48 bits virtual
power management:

processor	: 7
vendor_id	: GenuineIntel
cpu family	: 6
model		: 42
model name	: Intel(R) Core(TM) i7-2600 CPU @ 3.40GHz
stepping	: 7
microcode	: 0x14
cpu MHz		: 1600.000
cache size	: 8192 KB
physical id	: 0
siblings	: 8
core id		: 3
cpu cores	: 4
apicid		: 7
initial apicid	: 7
fpu		: yes
fpu_exception	: yes
cpuid level	: 13
wp		: yes
flags		: fpu vme de pse tsc msr pae mce cx8 apic sep mtrr pge mca cmov pat pse36 clflush dts acpi mmx fxsr sse sse2 ss ht tm pbe syscall nx rdtscp lm constant_tsc arch_perfmon pebs bts rep_good nopl xtopology nonstop_tsc aperfmperf eagerfpu pni pclmulqdq dtes64 monitor ds_cpl vmx smx est tm2 ssse3 cx16 xtpr pdcm pcid sse4_1 sse4_2 x2apic popcnt tsc_deadline_timer aes xsave avx lahf_lm ida arat epb xsaveopt pln pts dtherm tpr_shadow vnmi flexpriority ept vpid
bogomips	: 6784.63
clflush size	: 64
cache_alignment	: 64
address sizes	: 36 bits physical, 48 bits virtual
power management:



Memory: 4k page, physical 8131852k(1995532k free), swap 8342524k(8342524k free)

vm_info: Java HotSpot(TM) 64-Bit Server VM (23.3-b01) for linux-amd64 JRE (1.7.0_07-b10), built on Aug 28 2012 17:44:05 by "java_re" with gcc 4.3.0 20080428 (Red Hat 4.3.0-8)

time: Tue Apr 21 18:04:10 2015
elapsed time: 0 seconds

