#
# A fatal error has been detected by the Java Runtime Environment:
#
#  Internal Error (javaClasses.cpp:129), pid=8702, tid=139736594589440
#  fatal error: Invalid layout of preloaded class
#
# JRE version: 7.0_07-b10
# Java VM: Java HotSpot(TM) 64-Bit Server VM (23.3-b01 mixed mode linux-amd64 compressed oops)
# Failed to write core dump. Core dumps have been disabled. To enable core dumping, try "ulimit -c unlimited" before starting Java again
#
# If you would like to submit a bug report, please visit:
#   http://bugreport.sun.com/bugreport/crash.jsp
#

---------------  T H R E A D  ---------------

Current thread (0x00007f16f0007000):  JavaThread "Unknown thread" [_thread_in_vm, id=8704, stack(0x00007f16f6052000,0x00007f16f6153000)]

Stack: [0x00007f16f6052000,0x00007f16f6153000],  sp=0x00007f16f6151800,  free space=1022k
Native frames: (J=compiled Java code, j=interpreted, Vv=VM code, C=native code)
V  [libjvm.so+0x8a511a]  VMError::report_and_die()+0x2ea
V  [libjvm.so+0x40ae59]  report_fatal(char const*, int, char const*)+0x59
V  [libjvm.so+0x555897]  compute_offset(int&, klassOopDesc*, Symbol*, Symbol*, bool)+0x137
V  [libjvm.so+0x556a59]  java_lang_String::compute_offsets()+0x39
V  [libjvm.so+0x8341d3]  SystemDictionary::initialize_preloaded_classes(Thread*)+0x143
V  [libjvm.so+0x880314]  Universe::genesis(Thread*)+0x474
V  [libjvm.so+0x8807c4]  universe2_init()+0x24
V  [libjvm.so+0x503cad]  init_globals()+0xbd
V  [libjvm.so+0x866d62]  Threads::create_vm(JavaVMInitArgs*, bool*)+0x1e2
V  [libjvm.so+0x563b64]  JNI_CreateJavaVM+0x74
C  [libjli.so+0x337e]  JavaMain+0x9e


---------------  P R O C E S S  ---------------

Java Threads: ( => current thread )

Other Threads:

=>0x00007f16f0007000 (exited) JavaThread "Unknown thread" [_thread_in_vm, id=8704, stack(0x00007f16f6052000,0x00007f16f6153000)]

VM state:not at safepoint (not fully initialized)

VM Mutex/Monitor currently owned by a thread: None

GC Heap History (0 events):
No events

Deoptimization events (0 events):
No events

Internal exceptions (0 events):
No events

Events (10 events):
Event: 0.005 loading class 0x00007f16f0031380 done
Event: 0.005 loading class 0x00007f16f0030c20 done
Event: 0.005 loading class 0x00007f16f0030bf0
Event: 0.005 loading class 0x00007f16f005bde0
Event: 0.005 loading class 0x00007f16f005bde0 done
Event: 0.005 loading class 0x00007f16f005be20
Event: 0.005 loading class 0x00007f16f005be20 done
Event: 0.005 loading class 0x00007f16f005be60
Event: 0.005 loading class 0x00007f16f005be60 done
Event: 0.006 loading class 0x00007f16f0030bf0 done


Dynamic libraries:
00400000-00401000 r-xp 00000000 08:01 3810547                            /usr/java/jdk1.7.0_07/bin/java
00600000-00601000 rw-p 00000000 08:01 3810547                            /usr/java/jdk1.7.0_07/bin/java
01624000-01645000 rw-p 00000000 00:00 0                                  [heap]
77ec00000-7800c0000 rw-p 00000000 00:00 0 
7800c0000-783e00000 rw-p 00000000 00:00 0 
783e00000-7890c0000 rw-p 00000000 00:00 0 
7890c0000-7d6a00000 rw-p 00000000 00:00 0 
7d6a00000-7d9360000 rw-p 00000000 00:00 0 
7d9360000-800000000 rw-p 00000000 00:00 0 
7f16b7f60000-7f16bc000000 rw-p 00000000 00:00 0 
7f16bc000000-7f16bc021000 rw-p 00000000 00:00 0 
7f16bc021000-7f16c0000000 ---p 00000000 00:00 0 
7f16c4000000-7f16c4021000 rw-p 00000000 00:00 0 
7f16c4021000-7f16c8000000 ---p 00000000 00:00 0 
7f16cc000000-7f16cc021000 rw-p 00000000 00:00 0 
7f16cc021000-7f16d0000000 ---p 00000000 00:00 0 
7f16d0000000-7f16d0021000 rw-p 00000000 00:00 0 
7f16d0021000-7f16d4000000 ---p 00000000 00:00 0 
7f16d4000000-7f16d4021000 rw-p 00000000 00:00 0 
7f16d4021000-7f16d8000000 ---p 00000000 00:00 0 
7f16dc000000-7f16dc021000 rw-p 00000000 00:00 0 
7f16dc021000-7f16e0000000 ---p 00000000 00:00 0 
7f16e0000000-7f16e0021000 rw-p 00000000 00:00 0 
7f16e0021000-7f16e4000000 ---p 00000000 00:00 0 
7f16e4000000-7f16e4021000 rw-p 00000000 00:00 0 
7f16e4021000-7f16e8000000 ---p 00000000 00:00 0 
7f16eaa2c000-7f16eac23000 rw-p 00000000 00:00 0 
7f16eac23000-7f16eace9000 r--s 0116f000 08:01 5509709                    /usr/local/android-sdk-linux/platforms/android-17/android.jar
7f16eace9000-7f16ebd11000 rw-p 00000000 00:00 0 
7f16ebd11000-7f16ebd12000 ---p 00000000 00:00 0 
7f16ebd12000-7f16ebe12000 rw-p 00000000 00:00 0                          [stack:8712]
7f16ebe12000-7f16ebe13000 ---p 00000000 00:00 0 
7f16ebe13000-7f16ebf13000 rw-p 00000000 00:00 0                          [stack:8711]
7f16ebf13000-7f16ebf14000 ---p 00000000 00:00 0 
7f16ebf14000-7f16ec014000 rw-p 00000000 00:00 0                          [stack:8710]
7f16ec014000-7f16ec015000 ---p 00000000 00:00 0 
7f16ec015000-7f16ec115000 rw-p 00000000 00:00 0                          [stack:8709]
7f16ec115000-7f16ec116000 ---p 00000000 00:00 0 
7f16ec116000-7f16ec216000 rw-p 00000000 00:00 0                          [stack:8708]
7f16ec216000-7f16ec217000 ---p 00000000 00:00 0 
7f16ec217000-7f16ec317000 rw-p 00000000 00:00 0                          [stack:8707]
7f16ec317000-7f16ec318000 ---p 00000000 00:00 0 
7f16ec318000-7f16ec418000 rw-p 00000000 00:00 0                          [stack:8706]
7f16ec418000-7f16ec419000 ---p 00000000 00:00 0 
7f16ec419000-7f16ec543000 rw-p 00000000 00:00 0                          [stack:8705]
7f16ec543000-7f16ec7af000 rw-p 00000000 00:00 0 
7f16ec7af000-7f16ec7ba000 rw-p 00000000 00:00 0 
7f16ec7ba000-7f16ec7d8000 rw-p 00000000 00:00 0 
7f16ec7d8000-7f16ec802000 rw-p 00000000 00:00 0 
7f16ec802000-7f16eca6e000 rw-p 00000000 00:00 0 
7f16eca6e000-7f16eca83000 rw-p 00000000 00:00 0 
7f16eca83000-7f16ecbb9000 rw-p 00000000 00:00 0 
7f16ecbb9000-7f16ecbba000 rw-p 00000000 00:00 0 
7f16ecbba000-7f16ece2a000 rwxp 00000000 00:00 0 
7f16ece2a000-7f16efbba000 rw-p 00000000 00:00 0 
7f16efbba000-7f16efbd4000 r-xp 00000000 08:01 4199757                    /usr/java/jdk1.7.0_07/jre/lib/amd64/libzip.so
7f16efbd4000-7f16efdd4000 ---p 0001a000 08:01 4199757                    /usr/java/jdk1.7.0_07/jre/lib/amd64/libzip.so
7f16efdd4000-7f16efdd5000 rw-p 0001a000 08:01 4199757                    /usr/java/jdk1.7.0_07/jre/lib/amd64/libzip.so
7f16efdd5000-7f16efdfe000 r-xp 00000000 08:01 4199747                    /usr/java/jdk1.7.0_07/jre/lib/amd64/libjava.so
7f16efdfe000-7f16efffe000 ---p 00029000 08:01 4199747                    /usr/java/jdk1.7.0_07/jre/lib/amd64/libjava.so
7f16efffe000-7f16f0000000 rw-p 00029000 08:01 4199747                    /usr/java/jdk1.7.0_07/jre/lib/amd64/libjava.so
7f16f0000000-7f16f0065000 rw-p 00000000 00:00 0 
7f16f0065000-7f16f4000000 ---p 00000000 00:00 0 
7f16f4069000-7f16f4073000 rw-p 00000000 00:00 0 
7f16f4073000-7f16f4129000 rw-p 00000000 00:00 0 
7f16f4129000-7f16f4136000 r-xp 00000000 08:01 4199745                    /usr/java/jdk1.7.0_07/jre/lib/amd64/libverify.so
7f16f4136000-7f16f4335000 ---p 0000d000 08:01 4199745                    /usr/java/jdk1.7.0_07/jre/lib/amd64/libverify.so
7f16f4335000-7f16f4337000 rw-p 0000c000 08:01 4199745                    /usr/java/jdk1.7.0_07/jre/lib/amd64/libverify.so
7f16f4337000-7f16f433e000 r-xp 00000000 08:01 4461605                    /lib/x86_64-linux-gnu/librt-2.19.so
7f16f433e000-7f16f453d000 ---p 00007000 08:01 4461605                    /lib/x86_64-linux-gnu/librt-2.19.so
7f16f453d000-7f16f453e000 r--p 00006000 08:01 4461605                    /lib/x86_64-linux-gnu/librt-2.19.so
7f16f453e000-7f16f453f000 rw-p 00007000 08:01 4461605                    /lib/x86_64-linux-gnu/librt-2.19.so
7f16f453f000-7f16f4644000 r-xp 00000000 08:01 4461581                    /lib/x86_64-linux-gnu/libm-2.19.so
7f16f4644000-7f16f4843000 ---p 00105000 08:01 4461581                    /lib/x86_64-linux-gnu/libm-2.19.so
7f16f4843000-7f16f4844000 r--p 00104000 08:01 4461581                    /lib/x86_64-linux-gnu/libm-2.19.so
7f16f4844000-7f16f4845000 rw-p 00105000 08:01 4461581                    /lib/x86_64-linux-gnu/libm-2.19.so
7f16f4845000-7f16f528c000 r-xp 00000000 08:01 4460135                    /usr/java/jdk1.7.0_07/jre/lib/amd64/server/libjvm.so
7f16f528c000-7f16f548b000 ---p 00a47000 08:01 4460135                    /usr/java/jdk1.7.0_07/jre/lib/amd64/server/libjvm.so
7f16f548b000-7f16f552e000 rw-p 00a46000 08:01 4460135                    /usr/java/jdk1.7.0_07/jre/lib/amd64/server/libjvm.so
7f16f552e000-7f16f556a000 rw-p 00000000 00:00 0 
7f16f556a000-7f16f5725000 r-xp 00000000 08:01 4461603                    /lib/x86_64-linux-gnu/libc-2.19.so
7f16f5725000-7f16f5925000 ---p 001bb000 08:01 4461603                    /lib/x86_64-linux-gnu/libc-2.19.so
7f16f5925000-7f16f5929000 r--p 001bb000 08:01 4461603                    /lib/x86_64-linux-gnu/libc-2.19.so
7f16f5929000-7f16f592b000 rw-p 001bf000 08:01 4461603                    /lib/x86_64-linux-gnu/libc-2.19.so
7f16f592b000-7f16f5930000 rw-p 00000000 00:00 0 
7f16f5930000-7f16f5933000 r-xp 00000000 08:01 4461597                    /lib/x86_64-linux-gnu/libdl-2.19.so
7f16f5933000-7f16f5b32000 ---p 00003000 08:01 4461597                    /lib/x86_64-linux-gnu/libdl-2.19.so
7f16f5b32000-7f16f5b33000 r--p 00002000 08:01 4461597                    /lib/x86_64-linux-gnu/libdl-2.19.so
7f16f5b33000-7f16f5b34000 rw-p 00003000 08:01 4461597                    /lib/x86_64-linux-gnu/libdl-2.19.so
7f16f5b34000-7f16f5b4a000 r-xp 00000000 08:01 4333405                    /usr/java/jdk1.7.0_07/jre/lib/amd64/jli/libjli.so
7f16f5b4a000-7f16f5d49000 ---p 00016000 08:01 4333405                    /usr/java/jdk1.7.0_07/jre/lib/amd64/jli/libjli.so
7f16f5d49000-7f16f5d4a000 rw-p 00015000 08:01 4333405                    /usr/java/jdk1.7.0_07/jre/lib/amd64/jli/libjli.so
7f16f5d4a000-7f16f5d63000 r-xp 00000000 08:01 4461592                    /lib/x86_64-linux-gnu/libpthread-2.19.so
7f16f5d63000-7f16f5f62000 ---p 00019000 08:01 4461592                    /lib/x86_64-linux-gnu/libpthread-2.19.so
7f16f5f62000-7f16f5f63000 r--p 00018000 08:01 4461592                    /lib/x86_64-linux-gnu/libpthread-2.19.so
7f16f5f63000-7f16f5f64000 rw-p 00019000 08:01 4461592                    /lib/x86_64-linux-gnu/libpthread-2.19.so
7f16f5f64000-7f16f5f68000 rw-p 00000000 00:00 0 
7f16f5f68000-7f16f5f8b000 r-xp 00000000 08:01 4461600                    /lib/x86_64-linux-gnu/ld-2.19.so
7f16f5f96000-7f16f5fff000 rw-p 00000000 00:00 0 
7f16f5fff000-7f16f601d000 rw-p 00000000 00:00 0 
7f16f601d000-7f16f6052000 r--s 00000000 08:01 1050420                    /var/cache/nscd/passwd
7f16f6052000-7f16f6055000 ---p 00000000 00:00 0 
7f16f6055000-7f16f6157000 rw-p 00000000 00:00 0                          [stack:8704]
7f16f617c000-7f16f617e000 rw-p 00000000 00:00 0 
7f16f617e000-7f16f6186000 rw-s 00000000 08:01 1844771                    /tmp/hsperfdata_millza04/8702
7f16f6186000-7f16f6187000 rw-p 00000000 00:00 0 
7f16f6187000-7f16f6188000 r--p 00000000 00:00 0 
7f16f6188000-7f16f618a000 rw-p 00000000 00:00 0 
7f16f618a000-7f16f618b000 r--p 00022000 08:01 4461600                    /lib/x86_64-linux-gnu/ld-2.19.so
7f16f618b000-7f16f618c000 rw-p 00023000 08:01 4461600                    /lib/x86_64-linux-gnu/ld-2.19.so
7f16f618c000-7f16f618d000 rw-p 00000000 00:00 0 
7fff43d76000-7fff43d97000 rw-p 00000000 00:00 0                          [stack]
7fff43dfe000-7fff43e00000 r-xp 00000000 00:00 0                          [vdso]
ffffffffff600000-ffffffffff601000 r-xp 00000000 00:00 0                  [vsyscall]

VM Arguments:
jvm_args: -Dfile.encoding=UTF-8 -Xbootclasspath/p:/usr/local/android-sdk-linux/platforms/android-17/android.jar 
java_command: com.example.cs112bandroid.BattleshipAdvisorGUI
Launcher Type: SUN_STANDARD

Environment Variables:
JAVA_HOME=/usr/java/latest
CLASSPATH=.:/Courses/general/src:/Courses/cs111
PATH=.:/Accounts/turing/students/s18/millza04/bin:/bin:/usr/bin:/usr/local/bin:/Courses/general/bin:/usr/local/lejos_nxj/bin:/usr/games:/usr/local/lejos_nxj/bin
LD_LIBRARY_PATH=/usr/local/lejos_nxj/bin:/usr/lib:/usr/local/lib
SHELL=/bin/bash
DISPLAY=:0.0

Signal Handlers:
SIGSEGV: [libjvm.so+0x8a5a80], sa_mask[0]=0x7ffbfeff, sa_flags=0x10000004
SIGBUS: [libjvm.so+0x8a5a80], sa_mask[0]=0x7ffbfeff, sa_flags=0x10000004
SIGFPE: [libjvm.so+0x741b60], sa_mask[0]=0x7ffbfeff, sa_flags=0x10000004
SIGPIPE: [libjvm.so+0x741b60], sa_mask[0]=0x7ffbfeff, sa_flags=0x10000004
SIGXFSZ: [libjvm.so+0x741b60], sa_mask[0]=0x7ffbfeff, sa_flags=0x10000004
SIGILL: [libjvm.so+0x741b60], sa_mask[0]=0x7ffbfeff, sa_flags=0x10000004
SIGUSR1: SIG_DFL, sa_mask[0]=0x00000000, sa_flags=0x00000000
SIGUSR2: [libjvm.so+0x7414b0], sa_mask[0]=0x00000004, sa_flags=0x10000004
SIGHUP: SIG_DFL, sa_mask[0]=0x00000000, sa_flags=0x00000000
SIGINT: SIG_DFL, sa_mask[0]=0x00000000, sa_flags=0x00000000
SIGTERM: SIG_DFL, sa_mask[0]=0x00000000, sa_flags=0x00000000
SIGQUIT: SIG_DFL, sa_mask[0]=0x00000000, sa_flags=0x00000000


---------------  S Y S T E M  ---------------

OS:jessie/sid

uname:Linux 3.13.0-43-generic #72-Ubuntu SMP Mon Dec 8 19:35:06 UTC 2014 x86_64
libc:glibc 2.19 NPTL 2.19 
rlimit: STACK 8192k, CORE 0k, NPROC 63361, NOFILE 4096, AS infinity
load average:0.69 0.64 0.41

/proc/meminfo:
MemTotal:        8131852 kB
MemFree:         1926928 kB
Buffers:          440944 kB
Cached:          3944404 kB
SwapCached:            0 kB
Active:          3276048 kB
Inactive:        2252096 kB
Active(anon):    1145788 kB
Inactive(anon):    10296 kB
Active(file):    2130260 kB
Inactive(file):  2241800 kB
Unevictable:          32 kB
Mlocked:              32 kB
SwapTotal:       8342524 kB
SwapFree:        8342524 kB
Dirty:             52704 kB
Writeback:             0 kB
AnonPages:       1142840 kB
Mapped:           192264 kB
Shmem:             13292 kB
Slab:             420180 kB
SReclaimable:     353736 kB
SUnreclaim:        66444 kB
KernelStack:        4952 kB
PageTables:        38864 kB
NFS_Unstable:          0 kB
Bounce:                0 kB
WritebackTmp:          0 kB
CommitLimit:    12408448 kB
Committed_AS:    4504524 kB
VmallocTotal:   34359738367 kB
VmallocUsed:      115176 kB
VmallocChunk:   34359589924 kB
HardwareCorrupted:     0 kB
AnonHugePages:    661504 kB
HugePages_Total:       0
HugePages_Free:        0
HugePages_Rsvd:        0
HugePages_Surp:        0
Hugepagesize:       2048 kB
DirectMap4k:      576976 kB
DirectMap2M:     7768064 kB


CPU:total 8 (4 cores per cpu, 2 threads per core) family 6 model 42 stepping 7, cmov, cx8, fxsr, mmx, sse, sse2, sse3, ssse3, sse4.1, sse4.2, popcnt, avx, ht, tsc, tscinvbit

/proc/cpuinfo:
processor	: 0
vendor_id	: GenuineIntel
cpu family	: 6
model		: 42
model name	: Intel(R) Core(TM) i7-2600 CPU @ 3.40GHz
stepping	: 7
microcode	: 0x14
cpu MHz		: 1600.000
cache size	: 8192 KB
physical id	: 0
siblings	: 8
core id		: 0
cpu cores	: 4
apicid		: 0
initial apicid	: 0
fpu		: yes
fpu_exception	: yes
cpuid level	: 13
wp		: yes
flags		: fpu vme de pse tsc msr pae mce cx8 apic sep mtrr pge mca cmov pat pse36 clflush dts acpi mmx fxsr sse sse2 ss ht tm pbe syscall nx rdtscp lm constant_tsc arch_perfmon pebs bts rep_good nopl xtopology nonstop_tsc aperfmperf eagerfpu pni pclmulqdq dtes64 monitor ds_cpl vmx smx est tm2 ssse3 cx16 xtpr pdcm pcid sse4_1 sse4_2 x2apic popcnt tsc_deadline_timer aes xsave avx lahf_lm ida arat epb xsaveopt pln pts dtherm tpr_shadow vnmi flexpriority ept vpid
bogomips	: 6784.63
clflush size	: 64
cache_alignment	: 64
address sizes	: 36 bits physical, 48 bits virtual
power management:

processor	: 1
vendor_id	: GenuineIntel
cpu family	: 6
model		: 42
model name	: Intel(R) Core(TM) i7-2600 CPU @ 3.40GHz
stepping	: 7
microcode	: 0x14
cpu MHz		: 1600.000
cache size	: 8192 KB
physical id	: 0
siblings	: 8
core id		: 1
cpu cores	: 4
apicid		: 2
initial apicid	: 2
fpu		: yes
fpu_exception	: yes
cpuid level	: 13
wp		: yes
flags		: fpu vme de pse tsc msr pae mce cx8 apic sep mtrr pge mca cmov pat pse36 clflush dts acpi mmx fxsr sse sse2 ss ht tm pbe syscall nx rdtscp lm constant_tsc arch_perfmon pebs bts rep_good nopl xtopology nonstop_tsc aperfmperf eagerfpu pni pclmulqdq dtes64 monitor ds_cpl vmx smx est tm2 ssse3 cx16 xtpr pdcm pcid sse4_1 sse4_2 x2apic popcnt tsc_deadline_timer aes xsave avx lahf_lm ida arat epb xsaveopt pln pts dtherm tpr_shadow vnmi flexpriority ept vpid
bogomips	: 6784.63
clflush size	: 64
cache_alignment	: 64
address sizes	: 36 bits physical, 48 bits virtual
power management:

processor	: 2
vendor_id	: GenuineIntel
cpu family	: 6
model		: 42
model name	: Intel(R) Core(TM) i7-2600 CPU @ 3.40GHz
stepping	: 7
microcode	: 0x14
cpu MHz		: 3400.000
cache size	: 8192 KB
physical id	: 0
siblings	: 8
core id		: 2
cpu cores	: 4
apicid		: 4
initial apicid	: 4
fpu		: yes
fpu_exception	: yes
cpuid level	: 13
wp		: yes
flags		: fpu vme de pse tsc msr pae mce cx8 apic sep mtrr pge mca cmov pat pse36 clflush dts acpi mmx fxsr sse sse2 ss ht tm pbe syscall nx rdtscp lm constant_tsc arch_perfmon pebs bts rep_good nopl xtopology nonstop_tsc aperfmperf eagerfpu pni pclmulqdq dtes64 monitor ds_cpl vmx smx est tm2 ssse3 cx16 xtpr pdcm pcid sse4_1 sse4_2 x2apic popcnt tsc_deadline_timer aes xsave avx lahf_lm ida arat epb xsaveopt pln pts dtherm tpr_shadow vnmi flexpriority ept vpid
bogomips	: 6784.63
clflush size	: 64
cache_alignment	: 64
address sizes	: 36 bits physical, 48 bits virtual
power management:

processor	: 3
vendor_id	: GenuineIntel
cpu family	: 6
model		: 42
model name	: Intel(R) Core(TM) i7-2600 CPU @ 3.40GHz
stepping	: 7
microcode	: 0x14
cpu MHz		: 3401.000
cache size	: 8192 KB
physical id	: 0
siblings	: 8
core id		: 3
cpu cores	: 4
apicid		: 6
initial apicid	: 6
fpu		: yes
fpu_exception	: yes
cpuid level	: 13
wp		: yes
flags		: fpu vme de pse tsc msr pae mce cx8 apic sep mtrr pge mca cmov pat pse36 clflush dts acpi mmx fxsr sse sse2 ss ht tm pbe syscall nx rdtscp lm constant_tsc arch_perfmon pebs bts rep_good nopl xtopology nonstop_tsc aperfmperf eagerfpu pni pclmulqdq dtes64 monitor ds_cpl vmx smx est tm2 ssse3 cx16 xtpr pdcm pcid sse4_1 sse4_2 x2apic popcnt tsc_deadline_timer aes xsave avx lahf_lm ida arat epb xsaveopt pln pts dtherm tpr_shadow vnmi flexpriority ept vpid
bogomips	: 6784.63
clflush size	: 64
cache_alignment	: 64
address sizes	: 36 bits physical, 48 bits virtual
power management:

processor	: 4
vendor_id	: GenuineIntel
cpu family	: 6
model		: 42
model name	: Intel(R) Core(TM) i7-2600 CPU @ 3.40GHz
stepping	: 7
microcode	: 0x14
cpu MHz		: 1600.000
cache size	: 8192 KB
physical id	: 0
siblings	: 8
core id		: 0
cpu cores	: 4
apicid		: 1
initial apicid	: 1
fpu		: yes
fpu_exception	: yes
cpuid level	: 13
wp		: yes
flags		: fpu vme de pse tsc msr pae mce cx8 apic sep mtrr pge mca cmov pat pse36 clflush dts acpi mmx fxsr sse sse2 ss ht tm pbe syscall nx rdtscp lm constant_tsc arch_perfmon pebs bts rep_good nopl xtopology nonstop_tsc aperfmperf eagerfpu pni pclmulqdq dtes64 monitor ds_cpl vmx smx est tm2 ssse3 cx16 xtpr pdcm pcid sse4_1 sse4_2 x2apic popcnt tsc_deadline_timer aes xsave avx lahf_lm ida arat epb xsaveopt pln pts dtherm tpr_shadow vnmi flexpriority ept vpid
bogomips	: 6784.63
clflush size	: 64
cache_alignment	: 64
address sizes	: 36 bits physical, 48 bits virtual
power management:

processor	: 5
vendor_id	: GenuineIntel
cpu family	: 6
model		: 42
model name	: Intel(R) Core(TM) i7-2600 CPU @ 3.40GHz
stepping	: 7
microcode	: 0x14
cpu MHz		: 1600.000
cache size	: 8192 KB
physical id	: 0
siblings	: 8
core id		: 1
cpu cores	: 4
apicid		: 3
initial apicid	: 3
fpu		: yes
fpu_exception	: yes
cpuid level	: 13
wp		: yes
flags		: fpu vme de pse tsc msr pae mce cx8 apic sep mtrr pge mca cmov pat pse36 clflush dts acpi mmx fxsr sse sse2 ss ht tm pbe syscall nx rdtscp lm constant_tsc arch_perfmon pebs bts rep_good nopl xtopology nonstop_tsc aperfmperf eagerfpu pni pclmulqdq dtes64 monitor ds_cpl vmx smx est tm2 ssse3 cx16 xtpr pdcm pcid sse4_1 sse4_2 x2apic popcnt tsc_deadline_timer aes xsave avx lahf_lm ida arat epb xsaveopt pln pts dtherm tpr_shadow vnmi flexpriority ept vpid
bogomips	: 6784.63
clflush size	: 64
cache_alignment	: 64
address sizes	: 36 bits physical, 48 bits virtual
power management:

processor	: 6
vendor_id	: GenuineIntel
cpu family	: 6
model		: 42
model name	: Intel(R) Core(TM) i7-2600 CPU @ 3.40GHz
stepping	: 7
microcode	: 0x14
cpu MHz		: 1600.000
cache size	: 8192 KB
physical id	: 0
siblings	: 8
core id		: 2
cpu cores	: 4
apicid		: 5
initial apicid	: 5
fpu		: yes
fpu_exception	: yes
cpuid level	: 13
wp		: yes
flags		: fpu vme de pse tsc msr pae mce cx8 apic sep mtrr pge mca cmov pat pse36 clflush dts acpi mmx fxsr sse sse2 ss ht tm pbe syscall nx rdtscp lm constant_tsc arch_perfmon pebs bts rep_good nopl xtopology nonstop_tsc aperfmperf eagerfpu pni pclmulqdq dtes64 monitor ds_cpl vmx smx est tm2 ssse3 cx16 xtpr pdcm pcid sse4_1 sse4_2 x2apic popcnt tsc_deadline_timer aes xsave avx lahf_lm ida arat epb xsaveopt pln pts dtherm tpr_shadow vnmi flexpriority ept vpid
bogomips	: 6784.63
clflush size	: 64
cache_alignment	: 64
address sizes	: 36 bits physical, 48 bits virtual
power management:

processor	: 7
vendor_id	: GenuineIntel
cpu family	: 6
model		: 42
model name	: Intel(R) Core(TM) i7-2600 CPU @ 3.40GHz
stepping	: 7
microcode	: 0x14
cpu MHz		: 1600.000
cache size	: 8192 KB
physical id	: 0
siblings	: 8
core id		: 3
cpu cores	: 4
apicid		: 7
initial apicid	: 7
fpu		: yes
fpu_exception	: yes
cpuid level	: 13
wp		: yes
flags		: fpu vme de pse tsc msr pae mce cx8 apic sep mtrr pge mca cmov pat pse36 clflush dts acpi mmx fxsr sse sse2 ss ht tm pbe syscall nx rdtscp lm constant_tsc arch_perfmon pebs bts rep_good nopl xtopology nonstop_tsc aperfmperf eagerfpu pni pclmulqdq dtes64 monitor ds_cpl vmx smx est tm2 ssse3 cx16 xtpr pdcm pcid sse4_1 sse4_2 x2apic popcnt tsc_deadline_timer aes xsave avx lahf_lm ida arat epb xsaveopt pln pts dtherm tpr_shadow vnmi flexpriority ept vpid
bogomips	: 6784.63
clflush size	: 64
cache_alignment	: 64
address sizes	: 36 bits physical, 48 bits virtual
power management:



Memory: 4k page, physical 8131852k(1926928k free), swap 8342524k(8342524k free)

vm_info: Java HotSpot(TM) 64-Bit Server VM (23.3-b01) for linux-amd64 JRE (1.7.0_07-b10), built on Aug 28 2012 17:44:05 by "java_re" with gcc 4.3.0 20080428 (Red Hat 4.3.0-8)

time: Fri Apr 24 13:01:37 2015
elapsed time: 0 seconds

