#
# A fatal error has been detected by the Java Runtime Environment:
#
#  Internal Error (javaClasses.cpp:129), pid=26396, tid=140484933777152
#  fatal error: Invalid layout of preloaded class
#
# JRE version: 7.0_07-b10
# Java VM: Java HotSpot(TM) 64-Bit Server VM (23.3-b01 mixed mode linux-amd64 compressed oops)
# Failed to write core dump. Core dumps have been disabled. To enable core dumping, try "ulimit -c unlimited" before starting Java again
#
# If you would like to submit a bug report, please visit:
#   http://bugreport.sun.com/bugreport/crash.jsp
#

---------------  T H R E A D  ---------------

Current thread (0x00007fc52c007000):  JavaThread "Unknown thread" [_thread_in_vm, id=26401, stack(0x00007fc53282f000,0x00007fc532930000)]

Stack: [0x00007fc53282f000,0x00007fc532930000],  sp=0x00007fc53292e800,  free space=1022k
Native frames: (J=compiled Java code, j=interpreted, Vv=VM code, C=native code)
V  [libjvm.so+0x8a511a]  VMError::report_and_die()+0x2ea
V  [libjvm.so+0x40ae59]  report_fatal(char const*, int, char const*)+0x59
V  [libjvm.so+0x555897]  compute_offset(int&, klassOopDesc*, Symbol*, Symbol*, bool)+0x137
V  [libjvm.so+0x556a59]  java_lang_String::compute_offsets()+0x39
V  [libjvm.so+0x8341d3]  SystemDictionary::initialize_preloaded_classes(Thread*)+0x143
V  [libjvm.so+0x880314]  Universe::genesis(Thread*)+0x474
V  [libjvm.so+0x8807c4]  universe2_init()+0x24
V  [libjvm.so+0x503cad]  init_globals()+0xbd
V  [libjvm.so+0x866d62]  Threads::create_vm(JavaVMInitArgs*, bool*)+0x1e2
V  [libjvm.so+0x563b64]  JNI_CreateJavaVM+0x74
C  [libjli.so+0x337e]  JavaMain+0x9e


---------------  P R O C E S S  ---------------

Java Threads: ( => current thread )

Other Threads:

=>0x00007fc52c007000 (exited) JavaThread "Unknown thread" [_thread_in_vm, id=26401, stack(0x00007fc53282f000,0x00007fc532930000)]

VM state:not at safepoint (not fully initialized)

VM Mutex/Monitor currently owned by a thread: None

GC Heap History (0 events):
No events

Deoptimization events (0 events):
No events

Internal exceptions (0 events):
No events

Events (10 events):
Event: 0.005 loading class 0x00007fc52c0311e0 done
Event: 0.005 loading class 0x00007fc52c030a80 done
Event: 0.005 loading class 0x00007fc52c030a50
Event: 0.005 loading class 0x00007fc52c05bc40
Event: 0.005 loading class 0x00007fc52c05bc40 done
Event: 0.005 loading class 0x00007fc52c05bc80
Event: 0.005 loading class 0x00007fc52c05bc80 done
Event: 0.005 loading class 0x00007fc52c05bcc0
Event: 0.005 loading class 0x00007fc52c05bcc0 done
Event: 0.005 loading class 0x00007fc52c030a50 done


Dynamic libraries:
00400000-00401000 r-xp 00000000 08:01 3810547                            /usr/java/jdk1.7.0_07/bin/java
00600000-00601000 rw-p 00000000 08:01 3810547                            /usr/java/jdk1.7.0_07/bin/java
0104e000-0106f000 rw-p 00000000 00:00 0                                  [heap]
77ec00000-7800c0000 rw-p 00000000 00:00 0 
7800c0000-783e00000 rw-p 00000000 00:00 0 
783e00000-7890c0000 rw-p 00000000 00:00 0 
7890c0000-7d6a00000 rw-p 00000000 00:00 0 
7d6a00000-7d9360000 rw-p 00000000 00:00 0 
7d9360000-800000000 rw-p 00000000 00:00 0 
7fc4e7f60000-7fc4ec000000 rw-p 00000000 00:00 0 
7fc4ec000000-7fc4ec021000 rw-p 00000000 00:00 0 
7fc4ec021000-7fc4f0000000 ---p 00000000 00:00 0 
7fc4f4000000-7fc4f4021000 rw-p 00000000 00:00 0 
7fc4f4021000-7fc4f8000000 ---p 00000000 00:00 0 
7fc4fc000000-7fc4fc021000 rw-p 00000000 00:00 0 
7fc4fc021000-7fc500000000 ---p 00000000 00:00 0 
7fc504000000-7fc504021000 rw-p 00000000 00:00 0 
7fc504021000-7fc508000000 ---p 00000000 00:00 0 
7fc50c000000-7fc50c021000 rw-p 00000000 00:00 0 
7fc50c021000-7fc510000000 ---p 00000000 00:00 0 
7fc514000000-7fc514021000 rw-p 00000000 00:00 0 
7fc514021000-7fc518000000 ---p 00000000 00:00 0 
7fc51c000000-7fc51c021000 rw-p 00000000 00:00 0 
7fc51c021000-7fc520000000 ---p 00000000 00:00 0 
7fc522fd8000-7fc524000000 rw-p 00000000 00:00 0 
7fc524000000-7fc524021000 rw-p 00000000 00:00 0 
7fc524021000-7fc528000000 ---p 00000000 00:00 0 
7fc528231000-7fc528428000 rw-p 00000000 00:00 0 
7fc528428000-7fc5284ee000 r--s 0116f000 08:01 5509709                    /usr/local/android-sdk-linux/platforms/android-17/android.jar
7fc5284ee000-7fc5284ef000 ---p 00000000 00:00 0 
7fc5284ef000-7fc5285ef000 rw-p 00000000 00:00 0                          [stack:26409]
7fc5285ef000-7fc5285f0000 ---p 00000000 00:00 0 
7fc5285f0000-7fc5286f0000 rw-p 00000000 00:00 0                          [stack:26408]
7fc5286f0000-7fc5286f1000 ---p 00000000 00:00 0 
7fc5286f1000-7fc5287f1000 rw-p 00000000 00:00 0                          [stack:26407]
7fc5287f1000-7fc5287f2000 ---p 00000000 00:00 0 
7fc5287f2000-7fc5288f2000 rw-p 00000000 00:00 0                          [stack:26406]
7fc5288f2000-7fc5288f3000 ---p 00000000 00:00 0 
7fc5288f3000-7fc5289f3000 rw-p 00000000 00:00 0                          [stack:26405]
7fc5289f3000-7fc5289f4000 ---p 00000000 00:00 0 
7fc5289f4000-7fc528af4000 rw-p 00000000 00:00 0                          [stack:26404]
7fc528af4000-7fc528af5000 ---p 00000000 00:00 0 
7fc528af5000-7fc528c00000 rw-p 00000000 00:00 0                          [stack:26403]
7fc528c00000-7fc528c1e000 rw-p 00000000 00:00 0 
7fc528c1e000-7fc528c48000 rw-p 00000000 00:00 0 
7fc528c48000-7fc528eb4000 rw-p 00000000 00:00 0 
7fc528eb4000-7fc528ec9000 rw-p 00000000 00:00 0 
7fc528ec9000-7fc528fff000 rw-p 00000000 00:00 0 
7fc528fff000-7fc529000000 rw-p 00000000 00:00 0 
7fc529000000-7fc529270000 rwxp 00000000 00:00 0 
7fc529270000-7fc52c065000 rw-p 00000000 00:00 0 
7fc52c065000-7fc530000000 ---p 00000000 00:00 0 
7fc530069000-7fc53006a000 ---p 00000000 00:00 0 
7fc53006a000-7fc530194000 rw-p 00000000 00:00 0                          [stack:26402]
7fc530194000-7fc530400000 rw-p 00000000 00:00 0 
7fc530400000-7fc53040a000 rw-p 00000000 00:00 0 
7fc53040a000-7fc5304c0000 rw-p 00000000 00:00 0 
7fc5304c0000-7fc5304da000 r-xp 00000000 08:01 4199757                    /usr/java/jdk1.7.0_07/jre/lib/amd64/libzip.so
7fc5304da000-7fc5306da000 ---p 0001a000 08:01 4199757                    /usr/java/jdk1.7.0_07/jre/lib/amd64/libzip.so
7fc5306da000-7fc5306db000 rw-p 0001a000 08:01 4199757                    /usr/java/jdk1.7.0_07/jre/lib/amd64/libzip.so
7fc5306db000-7fc530704000 r-xp 00000000 08:01 4199747                    /usr/java/jdk1.7.0_07/jre/lib/amd64/libjava.so
7fc530704000-7fc530904000 ---p 00029000 08:01 4199747                    /usr/java/jdk1.7.0_07/jre/lib/amd64/libjava.so
7fc530904000-7fc530906000 rw-p 00029000 08:01 4199747                    /usr/java/jdk1.7.0_07/jre/lib/amd64/libjava.so
7fc530906000-7fc530913000 r-xp 00000000 08:01 4199745                    /usr/java/jdk1.7.0_07/jre/lib/amd64/libverify.so
7fc530913000-7fc530b12000 ---p 0000d000 08:01 4199745                    /usr/java/jdk1.7.0_07/jre/lib/amd64/libverify.so
7fc530b12000-7fc530b14000 rw-p 0000c000 08:01 4199745                    /usr/java/jdk1.7.0_07/jre/lib/amd64/libverify.so
7fc530b14000-7fc530b1b000 r-xp 00000000 08:01 4461605                    /lib/x86_64-linux-gnu/librt-2.19.so
7fc530b1b000-7fc530d1a000 ---p 00007000 08:01 4461605                    /lib/x86_64-linux-gnu/librt-2.19.so
7fc530d1a000-7fc530d1b000 r--p 00006000 08:01 4461605                    /lib/x86_64-linux-gnu/librt-2.19.so
7fc530d1b000-7fc530d1c000 rw-p 00007000 08:01 4461605                    /lib/x86_64-linux-gnu/librt-2.19.so
7fc530d1c000-7fc530e21000 r-xp 00000000 08:01 4461581                    /lib/x86_64-linux-gnu/libm-2.19.so
7fc530e21000-7fc531020000 ---p 00105000 08:01 4461581                    /lib/x86_64-linux-gnu/libm-2.19.so
7fc531020000-7fc531021000 r--p 00104000 08:01 4461581                    /lib/x86_64-linux-gnu/libm-2.19.so
7fc531021000-7fc531022000 rw-p 00105000 08:01 4461581                    /lib/x86_64-linux-gnu/libm-2.19.so
7fc531022000-7fc531a69000 r-xp 00000000 08:01 4460135                    /usr/java/jdk1.7.0_07/jre/lib/amd64/server/libjvm.so
7fc531a69000-7fc531c68000 ---p 00a47000 08:01 4460135                    /usr/java/jdk1.7.0_07/jre/lib/amd64/server/libjvm.so
7fc531c68000-7fc531d0b000 rw-p 00a46000 08:01 4460135                    /usr/java/jdk1.7.0_07/jre/lib/amd64/server/libjvm.so
7fc531d0b000-7fc531d47000 rw-p 00000000 00:00 0 
7fc531d47000-7fc531f02000 r-xp 00000000 08:01 4461603                    /lib/x86_64-linux-gnu/libc-2.19.so
7fc531f02000-7fc532102000 ---p 001bb000 08:01 4461603                    /lib/x86_64-linux-gnu/libc-2.19.so
7fc532102000-7fc532106000 r--p 001bb000 08:01 4461603                    /lib/x86_64-linux-gnu/libc-2.19.so
7fc532106000-7fc532108000 rw-p 001bf000 08:01 4461603                    /lib/x86_64-linux-gnu/libc-2.19.so
7fc532108000-7fc53210d000 rw-p 00000000 00:00 0 
7fc53210d000-7fc532110000 r-xp 00000000 08:01 4461597                    /lib/x86_64-linux-gnu/libdl-2.19.so
7fc532110000-7fc53230f000 ---p 00003000 08:01 4461597                    /lib/x86_64-linux-gnu/libdl-2.19.so
7fc53230f000-7fc532310000 r--p 00002000 08:01 4461597                    /lib/x86_64-linux-gnu/libdl-2.19.so
7fc532310000-7fc532311000 rw-p 00003000 08:01 4461597                    /lib/x86_64-linux-gnu/libdl-2.19.so
7fc532311000-7fc532327000 r-xp 00000000 08:01 4333405                    /usr/java/jdk1.7.0_07/jre/lib/amd64/jli/libjli.so
7fc532327000-7fc532526000 ---p 00016000 08:01 4333405                    /usr/java/jdk1.7.0_07/jre/lib/amd64/jli/libjli.so
7fc532526000-7fc532527000 rw-p 00015000 08:01 4333405                    /usr/java/jdk1.7.0_07/jre/lib/amd64/jli/libjli.so
7fc532527000-7fc532540000 r-xp 00000000 08:01 4461592                    /lib/x86_64-linux-gnu/libpthread-2.19.so
7fc532540000-7fc53273f000 ---p 00019000 08:01 4461592                    /lib/x86_64-linux-gnu/libpthread-2.19.so
7fc53273f000-7fc532740000 r--p 00018000 08:01 4461592                    /lib/x86_64-linux-gnu/libpthread-2.19.so
7fc532740000-7fc532741000 rw-p 00019000 08:01 4461592                    /lib/x86_64-linux-gnu/libpthread-2.19.so
7fc532741000-7fc532745000 rw-p 00000000 00:00 0 
7fc532745000-7fc532768000 r-xp 00000000 08:01 4461600                    /lib/x86_64-linux-gnu/ld-2.19.so
7fc532773000-7fc5327dc000 rw-p 00000000 00:00 0 
7fc5327dc000-7fc5327fa000 rw-p 00000000 00:00 0 
7fc5327fa000-7fc53282f000 r--s 00000000 08:01 1050420                    /var/cache/nscd/passwd
7fc53282f000-7fc532832000 ---p 00000000 00:00 0 
7fc532832000-7fc532934000 rw-p 00000000 00:00 0                          [stack:26401]
7fc532959000-7fc53295b000 rw-p 00000000 00:00 0 
7fc53295b000-7fc532963000 rw-s 00000000 08:01 1838592                    /tmp/hsperfdata_millza04/26396
7fc532963000-7fc532964000 rw-p 00000000 00:00 0 
7fc532964000-7fc532965000 r--p 00000000 00:00 0 
7fc532965000-7fc532967000 rw-p 00000000 00:00 0 
7fc532967000-7fc532968000 r--p 00022000 08:01 4461600                    /lib/x86_64-linux-gnu/ld-2.19.so
7fc532968000-7fc532969000 rw-p 00023000 08:01 4461600                    /lib/x86_64-linux-gnu/ld-2.19.so
7fc532969000-7fc53296a000 rw-p 00000000 00:00 0 
7fff71fc1000-7fff71fe2000 rw-p 00000000 00:00 0                          [stack]
7fff71ffe000-7fff72000000 r-xp 00000000 00:00 0                          [vdso]
ffffffffff600000-ffffffffff601000 r-xp 00000000 00:00 0                  [vsyscall]

VM Arguments:
jvm_args: -Dfile.encoding=UTF-8 -Xbootclasspath/p:/usr/local/android-sdk-linux/platforms/android-17/android.jar 
java_command: com.example.cs112bandroid.BattleshipAdvisor
Launcher Type: SUN_STANDARD

Environment Variables:
JAVA_HOME=/usr/java/latest
CLASSPATH=.:/Courses/general/src:/Courses/cs111
PATH=.:/Accounts/turing/students/s18/millza04/bin:/bin:/usr/bin:/usr/local/bin:/Courses/general/bin:/usr/local/lejos_nxj/bin:/usr/games:/usr/local/lejos_nxj/bin
LD_LIBRARY_PATH=/usr/local/lejos_nxj/bin:/usr/lib:/usr/local/lib
SHELL=/bin/bash
DISPLAY=:0.0

Signal Handlers:
SIGSEGV: [libjvm.so+0x8a5a80], sa_mask[0]=0x7ffbfeff, sa_flags=0x10000004
SIGBUS: [libjvm.so+0x8a5a80], sa_mask[0]=0x7ffbfeff, sa_flags=0x10000004
SIGFPE: [libjvm.so+0x741b60], sa_mask[0]=0x7ffbfeff, sa_flags=0x10000004
SIGPIPE: [libjvm.so+0x741b60], sa_mask[0]=0x7ffbfeff, sa_flags=0x10000004
SIGXFSZ: [libjvm.so+0x741b60], sa_mask[0]=0x7ffbfeff, sa_flags=0x10000004
SIGILL: [libjvm.so+0x741b60], sa_mask[0]=0x7ffbfeff, sa_flags=0x10000004
SIGUSR1: SIG_DFL, sa_mask[0]=0x00000000, sa_flags=0x00000000
SIGUSR2: [libjvm.so+0x7414b0], sa_mask[0]=0x00000004, sa_flags=0x10000004
SIGHUP: SIG_DFL, sa_mask[0]=0x00000000, sa_flags=0x00000000
SIGINT: SIG_DFL, sa_mask[0]=0x00000000, sa_flags=0x00000000
SIGTERM: SIG_DFL, sa_mask[0]=0x00000000, sa_flags=0x00000000
SIGQUIT: SIG_DFL, sa_mask[0]=0x00000000, sa_flags=0x00000000


---------------  S Y S T E M  ---------------

OS:jessie/sid

uname:Linux 3.13.0-43-generic #72-Ubuntu SMP Mon Dec 8 19:35:06 UTC 2014 x86_64
libc:glibc 2.19 NPTL 2.19 
rlimit: STACK 8192k, CORE 0k, NPROC 63361, NOFILE 4096, AS infinity
load average:0.34 0.37 0.32

/proc/meminfo:
MemTotal:        8131852 kB
MemFree:         2137496 kB
Buffers:          406312 kB
Cached:          2953072 kB
SwapCached:            0 kB
Active:          3649220 kB
Inactive:        1712416 kB
Active(anon):    2004640 kB
Inactive(anon):    10996 kB
Active(file):    1644580 kB
Inactive(file):  1701420 kB
Unevictable:          32 kB
Mlocked:              32 kB
SwapTotal:       8342524 kB
SwapFree:        8342524 kB
Dirty:               104 kB
Writeback:             0 kB
AnonPages:       2002324 kB
Mapped:           288320 kB
Shmem:             13388 kB
Slab:             309648 kB
SReclaimable:     255880 kB
SUnreclaim:        53768 kB
KernelStack:        5952 kB
PageTables:        41500 kB
NFS_Unstable:          0 kB
Bounce:                0 kB
WritebackTmp:          0 kB
CommitLimit:    12408448 kB
Committed_AS:    5779984 kB
VmallocTotal:   34359738367 kB
VmallocUsed:      113516 kB
VmallocChunk:   34359589924 kB
HardwareCorrupted:     0 kB
AnonHugePages:   1288192 kB
HugePages_Total:       0
HugePages_Free:        0
HugePages_Rsvd:        0
HugePages_Surp:        0
Hugepagesize:       2048 kB
DirectMap4k:      359888 kB
DirectMap2M:     7985152 kB


CPU:total 8 (4 cores per cpu, 2 threads per core) family 6 model 42 stepping 7, cmov, cx8, fxsr, mmx, sse, sse2, sse3, ssse3, sse4.1, sse4.2, popcnt, avx, ht, tsc, tscinvbit

/proc/cpuinfo:
processor	: 0
vendor_id	: GenuineIntel
cpu family	: 6
model		: 42
model name	: Intel(R) Core(TM) i7-2600 CPU @ 3.40GHz
stepping	: 7
microcode	: 0x14
cpu MHz		: 3401.000
cache size	: 8192 KB
physical id	: 0
siblings	: 8
core id		: 0
cpu cores	: 4
apicid		: 0
initial apicid	: 0
fpu		: yes
fpu_exception	: yes
cpuid level	: 13
wp		: yes
flags		: fpu vme de pse tsc msr pae mce cx8 apic sep mtrr pge mca cmov pat pse36 clflush dts acpi mmx fxsr sse sse2 ss ht tm pbe syscall nx rdtscp lm constant_tsc arch_perfmon pebs bts rep_good nopl xtopology nonstop_tsc aperfmperf eagerfpu pni pclmulqdq dtes64 monitor ds_cpl vmx smx est tm2 ssse3 cx16 xtpr pdcm pcid sse4_1 sse4_2 x2apic popcnt tsc_deadline_timer aes xsave avx lahf_lm ida arat epb xsaveopt pln pts dtherm tpr_shadow vnmi flexpriority ept vpid
bogomips	: 6784.63
clflush size	: 64
cache_alignment	: 64
address sizes	: 36 bits physical, 48 bits virtual
power management:

processor	: 1
vendor_id	: GenuineIntel
cpu family	: 6
model		: 42
model name	: Intel(R) Core(TM) i7-2600 CPU @ 3.40GHz
stepping	: 7
microcode	: 0x14
cpu MHz		: 3400.000
cache size	: 8192 KB
physical id	: 0
siblings	: 8
core id		: 1
cpu cores	: 4
apicid		: 2
initial apicid	: 2
fpu		: yes
fpu_exception	: yes
cpuid level	: 13
wp		: yes
flags		: fpu vme de pse tsc msr pae mce cx8 apic sep mtrr pge mca cmov pat pse36 clflush dts acpi mmx fxsr sse sse2 ss ht tm pbe syscall nx rdtscp lm constant_tsc arch_perfmon pebs bts rep_good nopl xtopology nonstop_tsc aperfmperf eagerfpu pni pclmulqdq dtes64 monitor ds_cpl vmx smx est tm2 ssse3 cx16 xtpr pdcm pcid sse4_1 sse4_2 x2apic popcnt tsc_deadline_timer aes xsave avx lahf_lm ida arat epb xsaveopt pln pts dtherm tpr_shadow vnmi flexpriority ept vpid
bogomips	: 6784.63
clflush size	: 64
cache_alignment	: 64
address sizes	: 36 bits physical, 48 bits virtual
power management:

processor	: 2
vendor_id	: GenuineIntel
cpu family	: 6
model		: 42
model name	: Intel(R) Core(TM) i7-2600 CPU @ 3.40GHz
stepping	: 7
microcode	: 0x14
cpu MHz		: 1600.000
cache size	: 8192 KB
physical id	: 0
siblings	: 8
core id		: 2
cpu cores	: 4
apicid		: 4
initial apicid	: 4
fpu		: yes
fpu_exception	: yes
cpuid level	: 13
wp		: yes
flags		: fpu vme de pse tsc msr pae mce cx8 apic sep mtrr pge mca cmov pat pse36 clflush dts acpi mmx fxsr sse sse2 ss ht tm pbe syscall nx rdtscp lm constant_tsc arch_perfmon pebs bts rep_good nopl xtopology nonstop_tsc aperfmperf eagerfpu pni pclmulqdq dtes64 monitor ds_cpl vmx smx est tm2 ssse3 cx16 xtpr pdcm pcid sse4_1 sse4_2 x2apic popcnt tsc_deadline_timer aes xsave avx lahf_lm ida arat epb xsaveopt pln pts dtherm tpr_shadow vnmi flexpriority ept vpid
bogomips	: 6784.63
clflush size	: 64
cache_alignment	: 64
address sizes	: 36 bits physical, 48 bits virtual
power management:

processor	: 3
vendor_id	: GenuineIntel
cpu family	: 6
model		: 42
model name	: Intel(R) Core(TM) i7-2600 CPU @ 3.40GHz
stepping	: 7
microcode	: 0x14
cpu MHz		: 1600.000
cache size	: 8192 KB
physical id	: 0
siblings	: 8
core id		: 3
cpu cores	: 4
apicid		: 6
initial apicid	: 6
fpu		: yes
fpu_exception	: yes
cpuid level	: 13
wp		: yes
flags		: fpu vme de pse tsc msr pae mce cx8 apic sep mtrr pge mca cmov pat pse36 clflush dts acpi mmx fxsr sse sse2 ss ht tm pbe syscall nx rdtscp lm constant_tsc arch_perfmon pebs bts rep_good nopl xtopology nonstop_tsc aperfmperf eagerfpu pni pclmulqdq dtes64 monitor ds_cpl vmx smx est tm2 ssse3 cx16 xtpr pdcm pcid sse4_1 sse4_2 x2apic popcnt tsc_deadline_timer aes xsave avx lahf_lm ida arat epb xsaveopt pln pts dtherm tpr_shadow vnmi flexpriority ept vpid
bogomips	: 6784.63
clflush size	: 64
cache_alignment	: 64
address sizes	: 36 bits physical, 48 bits virtual
power management:

processor	: 4
vendor_id	: GenuineIntel
cpu family	: 6
model		: 42
model name	: Intel(R) Core(TM) i7-2600 CPU @ 3.40GHz
stepping	: 7
microcode	: 0x14
cpu MHz		: 3401.000
cache size	: 8192 KB
physical id	: 0
siblings	: 8
core id		: 0
cpu cores	: 4
apicid		: 1
initial apicid	: 1
fpu		: yes
fpu_exception	: yes
cpuid level	: 13
wp		: yes
flags		: fpu vme de pse tsc msr pae mce cx8 apic sep mtrr pge mca cmov pat pse36 clflush dts acpi mmx fxsr sse sse2 ss ht tm pbe syscall nx rdtscp lm constant_tsc arch_perfmon pebs bts rep_good nopl xtopology nonstop_tsc aperfmperf eagerfpu pni pclmulqdq dtes64 monitor ds_cpl vmx smx est tm2 ssse3 cx16 xtpr pdcm pcid sse4_1 sse4_2 x2apic popcnt tsc_deadline_timer aes xsave avx lahf_lm ida arat epb xsaveopt pln pts dtherm tpr_shadow vnmi flexpriority ept vpid
bogomips	: 6784.63
clflush size	: 64
cache_alignment	: 64
address sizes	: 36 bits physical, 48 bits virtual
power management:

processor	: 5
vendor_id	: GenuineIntel
cpu family	: 6
model		: 42
model name	: Intel(R) Core(TM) i7-2600 CPU @ 3.40GHz
stepping	: 7
microcode	: 0x14
cpu MHz		: 1600.000
cache size	: 8192 KB
physical id	: 0
siblings	: 8
core id		: 1
cpu cores	: 4
apicid		: 3
initial apicid	: 3
fpu		: yes
fpu_exception	: yes
cpuid level	: 13
wp		: yes
flags		: fpu vme de pse tsc msr pae mce cx8 apic sep mtrr pge mca cmov pat pse36 clflush dts acpi mmx fxsr sse sse2 ss ht tm pbe syscall nx rdtscp lm constant_tsc arch_perfmon pebs bts rep_good nopl xtopology nonstop_tsc aperfmperf eagerfpu pni pclmulqdq dtes64 monitor ds_cpl vmx smx est tm2 ssse3 cx16 xtpr pdcm pcid sse4_1 sse4_2 x2apic popcnt tsc_deadline_timer aes xsave avx lahf_lm ida arat epb xsaveopt pln pts dtherm tpr_shadow vnmi flexpriority ept vpid
bogomips	: 6784.63
clflush size	: 64
cache_alignment	: 64
address sizes	: 36 bits physical, 48 bits virtual
power management:

processor	: 6
vendor_id	: GenuineIntel
cpu family	: 6
model		: 42
model name	: Intel(R) Core(TM) i7-2600 CPU @ 3.40GHz
stepping	: 7
microcode	: 0x14
cpu MHz		: 1600.000
cache size	: 8192 KB
physical id	: 0
siblings	: 8
core id		: 2
cpu cores	: 4
apicid		: 5
initial apicid	: 5
fpu		: yes
fpu_exception	: yes
cpuid level	: 13
wp		: yes
flags		: fpu vme de pse tsc msr pae mce cx8 apic sep mtrr pge mca cmov pat pse36 clflush dts acpi mmx fxsr sse sse2 ss ht tm pbe syscall nx rdtscp lm constant_tsc arch_perfmon pebs bts rep_good nopl xtopology nonstop_tsc aperfmperf eagerfpu pni pclmulqdq dtes64 monitor ds_cpl vmx smx est tm2 ssse3 cx16 xtpr pdcm pcid sse4_1 sse4_2 x2apic popcnt tsc_deadline_timer aes xsave avx lahf_lm ida arat epb xsaveopt pln pts dtherm tpr_shadow vnmi flexpriority ept vpid
bogomips	: 6784.63
clflush size	: 64
cache_alignment	: 64
address sizes	: 36 bits physical, 48 bits virtual
power management:

processor	: 7
vendor_id	: GenuineIntel
cpu family	: 6
model		: 42
model name	: Intel(R) Core(TM) i7-2600 CPU @ 3.40GHz
stepping	: 7
microcode	: 0x14
cpu MHz		: 1600.000
cache size	: 8192 KB
physical id	: 0
siblings	: 8
core id		: 3
cpu cores	: 4
apicid		: 7
initial apicid	: 7
fpu		: yes
fpu_exception	: yes
cpuid level	: 13
wp		: yes
flags		: fpu vme de pse tsc msr pae mce cx8 apic sep mtrr pge mca cmov pat pse36 clflush dts acpi mmx fxsr sse sse2 ss ht tm pbe syscall nx rdtscp lm constant_tsc arch_perfmon pebs bts rep_good nopl xtopology nonstop_tsc aperfmperf eagerfpu pni pclmulqdq dtes64 monitor ds_cpl vmx smx est tm2 ssse3 cx16 xtpr pdcm pcid sse4_1 sse4_2 x2apic popcnt tsc_deadline_timer aes xsave avx lahf_lm ida arat epb xsaveopt pln pts dtherm tpr_shadow vnmi flexpriority ept vpid
bogomips	: 6784.63
clflush size	: 64
cache_alignment	: 64
address sizes	: 36 bits physical, 48 bits virtual
power management:



Memory: 4k page, physical 8131852k(2137496k free), swap 8342524k(8342524k free)

vm_info: Java HotSpot(TM) 64-Bit Server VM (23.3-b01) for linux-amd64 JRE (1.7.0_07-b10), built on Aug 28 2012 17:44:05 by "java_re" with gcc 4.3.0 20080428 (Red Hat 4.3.0-8)

time: Tue Apr 21 17:41:11 2015
elapsed time: 0 seconds

