#
# A fatal error has been detected by the Java Runtime Environment:
#
#  Internal Error (javaClasses.cpp:129), pid=19640, tid=140059215767296
#  fatal error: Invalid layout of preloaded class
#
# JRE version: 7.0_07-b10
# Java VM: Java HotSpot(TM) 64-Bit Server VM (23.3-b01 mixed mode linux-amd64 compressed oops)
# Failed to write core dump. Core dumps have been disabled. To enable core dumping, try "ulimit -c unlimited" before starting Java again
#
# If you would like to submit a bug report, please visit:
#   http://bugreport.sun.com/bugreport/crash.jsp
#

---------------  T H R E A D  ---------------

Current thread (0x00007f620c007000):  JavaThread "Unknown thread" [_thread_in_vm, id=19642, stack(0x00007f6213bda000,0x00007f6213cdb000)]

Stack: [0x00007f6213bda000,0x00007f6213cdb000],  sp=0x00007f6213cd9800,  free space=1022k
Native frames: (J=compiled Java code, j=interpreted, Vv=VM code, C=native code)
V  [libjvm.so+0x8a511a]  VMError::report_and_die()+0x2ea
V  [libjvm.so+0x40ae59]  report_fatal(char const*, int, char const*)+0x59
V  [libjvm.so+0x555897]  compute_offset(int&, klassOopDesc*, Symbol*, Symbol*, bool)+0x137
V  [libjvm.so+0x556a59]  java_lang_String::compute_offsets()+0x39
V  [libjvm.so+0x8341d3]  SystemDictionary::initialize_preloaded_classes(Thread*)+0x143
V  [libjvm.so+0x880314]  Universe::genesis(Thread*)+0x474
V  [libjvm.so+0x8807c4]  universe2_init()+0x24
V  [libjvm.so+0x503cad]  init_globals()+0xbd
V  [libjvm.so+0x866d62]  Threads::create_vm(JavaVMInitArgs*, bool*)+0x1e2
V  [libjvm.so+0x563b64]  JNI_CreateJavaVM+0x74
C  [libjli.so+0x337e]  JavaMain+0x9e


---------------  P R O C E S S  ---------------

Java Threads: ( => current thread )

Other Threads:

=>0x00007f620c007000 (exited) JavaThread "Unknown thread" [_thread_in_vm, id=19642, stack(0x00007f6213bda000,0x00007f6213cdb000)]

VM state:not at safepoint (not fully initialized)

VM Mutex/Monitor currently owned by a thread: None

GC Heap History (0 events):
No events

Deoptimization events (0 events):
No events

Internal exceptions (0 events):
No events

Events (10 events):
Event: 0.005 loading class 0x00007f620c031200 done
Event: 0.005 loading class 0x00007f620c030aa0 done
Event: 0.005 loading class 0x00007f620c030a70
Event: 0.005 loading class 0x00007f620c05bc60
Event: 0.005 loading class 0x00007f620c05bc60 done
Event: 0.005 loading class 0x00007f620c05bca0
Event: 0.005 loading class 0x00007f620c05bca0 done
Event: 0.005 loading class 0x00007f620c05bce0
Event: 0.005 loading class 0x00007f620c05bce0 done
Event: 0.005 loading class 0x00007f620c030a70 done


Dynamic libraries:
00400000-00401000 r-xp 00000000 08:01 1848205                            /usr/java/jdk1.7.0_07/bin/java
00600000-00601000 rw-p 00000000 08:01 1848205                            /usr/java/jdk1.7.0_07/bin/java
02240000-02261000 rw-p 00000000 00:00 0                                  [heap]
77ec00000-7800c0000 rw-p 00000000 00:00 0 
7800c0000-783e00000 rw-p 00000000 00:00 0 
783e00000-7890c0000 rw-p 00000000 00:00 0 
7890c0000-7d6a00000 rw-p 00000000 00:00 0 
7d6a00000-7d9360000 rw-p 00000000 00:00 0 
7d9360000-800000000 rw-p 00000000 00:00 0 
7f61d7f60000-7f61dc000000 rw-p 00000000 00:00 0 
7f61dc000000-7f61dc021000 rw-p 00000000 00:00 0 
7f61dc021000-7f61e0000000 ---p 00000000 00:00 0 
7f61e4000000-7f61e4021000 rw-p 00000000 00:00 0 
7f61e4021000-7f61e8000000 ---p 00000000 00:00 0 
7f61ec000000-7f61ec021000 rw-p 00000000 00:00 0 
7f61ec021000-7f61f0000000 ---p 00000000 00:00 0 
7f61f0000000-7f61f0021000 rw-p 00000000 00:00 0 
7f61f0021000-7f61f4000000 ---p 00000000 00:00 0 
7f61f4000000-7f61f4021000 rw-p 00000000 00:00 0 
7f61f4021000-7f61f8000000 ---p 00000000 00:00 0 
7f61f8000000-7f61f8021000 rw-p 00000000 00:00 0 
7f61f8021000-7f61fc000000 ---p 00000000 00:00 0 
7f61fc000000-7f61fc021000 rw-p 00000000 00:00 0 
7f61fc021000-7f6200000000 ---p 00000000 00:00 0 
7f6202fd8000-7f6204000000 rw-p 00000000 00:00 0 
7f6204000000-7f6204021000 rw-p 00000000 00:00 0 
7f6204021000-7f6208000000 ---p 00000000 00:00 0 
7f6209000000-7f6209270000 rwxp 00000000 00:00 0 
7f6209270000-7f620c065000 rw-p 00000000 00:00 0 
7f620c065000-7f6210000000 ---p 00000000 00:00 0 
7f6210645000-7f621083c000 rw-p 00000000 00:00 0 
7f621083c000-7f6210902000 r--s 0116f000 08:01 3419098                    /usr/local/android-sdk-linux/platforms/android-17/android.jar
7f6210902000-7f6210903000 ---p 00000000 00:00 0 
7f6210903000-7f6210a03000 rw-p 00000000 00:00 0                          [stack:19650]
7f6210a03000-7f6210a04000 ---p 00000000 00:00 0 
7f6210a04000-7f6210b04000 rw-p 00000000 00:00 0                          [stack:19649]
7f6210b04000-7f6210b05000 ---p 00000000 00:00 0 
7f6210b05000-7f6210c05000 rw-p 00000000 00:00 0                          [stack:19648]
7f6210c05000-7f6210c06000 ---p 00000000 00:00 0 
7f6210c06000-7f6210d06000 rw-p 00000000 00:00 0                          [stack:19647]
7f6210d06000-7f6210d07000 ---p 00000000 00:00 0 
7f6210d07000-7f6210e07000 rw-p 00000000 00:00 0                          [stack:19646]
7f6210e07000-7f6210e08000 ---p 00000000 00:00 0 
7f6210e08000-7f6210f08000 rw-p 00000000 00:00 0                          [stack:19645]
7f6210f08000-7f6210f09000 ---p 00000000 00:00 0 
7f6210f09000-7f6211009000 rw-p 00000000 00:00 0                          [stack:19644]
7f6211009000-7f621100a000 ---p 00000000 00:00 0 
7f621100a000-7f6211134000 rw-p 00000000 00:00 0                          [stack:19643]
7f6211134000-7f62113a0000 rw-p 00000000 00:00 0 
7f62113a0000-7f62113ab000 rw-p 00000000 00:00 0 
7f62113ab000-7f62113c9000 rw-p 00000000 00:00 0 
7f62113c9000-7f62113f3000 rw-p 00000000 00:00 0 
7f62113f3000-7f621165f000 rw-p 00000000 00:00 0 
7f621165f000-7f6211674000 rw-p 00000000 00:00 0 
7f6211674000-7f62117aa000 rw-p 00000000 00:00 0 
7f62117aa000-7f62117b5000 rw-p 00000000 00:00 0 
7f62117b5000-7f621186b000 rw-p 00000000 00:00 0 
7f621186b000-7f6211885000 r-xp 00000000 08:01 3420910                    /usr/java/jdk1.7.0_07/jre/lib/amd64/libzip.so
7f6211885000-7f6211a85000 ---p 0001a000 08:01 3420910                    /usr/java/jdk1.7.0_07/jre/lib/amd64/libzip.so
7f6211a85000-7f6211a86000 rw-p 0001a000 08:01 3420910                    /usr/java/jdk1.7.0_07/jre/lib/amd64/libzip.so
7f6211a86000-7f6211aaf000 r-xp 00000000 08:01 3420900                    /usr/java/jdk1.7.0_07/jre/lib/amd64/libjava.so
7f6211aaf000-7f6211caf000 ---p 00029000 08:01 3420900                    /usr/java/jdk1.7.0_07/jre/lib/amd64/libjava.so
7f6211caf000-7f6211cb1000 rw-p 00029000 08:01 3420900                    /usr/java/jdk1.7.0_07/jre/lib/amd64/libjava.so
7f6211cb1000-7f6211cbe000 r-xp 00000000 08:01 3420898                    /usr/java/jdk1.7.0_07/jre/lib/amd64/libverify.so
7f6211cbe000-7f6211ebd000 ---p 0000d000 08:01 3420898                    /usr/java/jdk1.7.0_07/jre/lib/amd64/libverify.so
7f6211ebd000-7f6211ebf000 rw-p 0000c000 08:01 3420898                    /usr/java/jdk1.7.0_07/jre/lib/amd64/libverify.so
7f6211ebf000-7f6211ec6000 r-xp 00000000 08:01 1054955                    /lib/x86_64-linux-gnu/librt-2.19.so
7f6211ec6000-7f62120c5000 ---p 00007000 08:01 1054955                    /lib/x86_64-linux-gnu/librt-2.19.so
7f62120c5000-7f62120c6000 r--p 00006000 08:01 1054955                    /lib/x86_64-linux-gnu/librt-2.19.so
7f62120c6000-7f62120c7000 rw-p 00007000 08:01 1054955                    /lib/x86_64-linux-gnu/librt-2.19.so
7f62120c7000-7f62121cc000 r-xp 00000000 08:01 1054937                    /lib/x86_64-linux-gnu/libm-2.19.so
7f62121cc000-7f62123cb000 ---p 00105000 08:01 1054937                    /lib/x86_64-linux-gnu/libm-2.19.so
7f62123cb000-7f62123cc000 r--p 00104000 08:01 1054937                    /lib/x86_64-linux-gnu/libm-2.19.so
7f62123cc000-7f62123cd000 rw-p 00105000 08:01 1054937                    /lib/x86_64-linux-gnu/libm-2.19.so
7f62123cd000-7f6212e14000 r-xp 00000000 08:01 3539515                    /usr/java/jdk1.7.0_07/jre/lib/amd64/server/libjvm.so
7f6212e14000-7f6213013000 ---p 00a47000 08:01 3539515                    /usr/java/jdk1.7.0_07/jre/lib/amd64/server/libjvm.so
7f6213013000-7f62130b6000 rw-p 00a46000 08:01 3539515                    /usr/java/jdk1.7.0_07/jre/lib/amd64/server/libjvm.so
7f62130b6000-7f62130f2000 rw-p 00000000 00:00 0 
7f62130f2000-7f62132ad000 r-xp 00000000 08:01 1054953                    /lib/x86_64-linux-gnu/libc-2.19.so
7f62132ad000-7f62134ad000 ---p 001bb000 08:01 1054953                    /lib/x86_64-linux-gnu/libc-2.19.so
7f62134ad000-7f62134b1000 r--p 001bb000 08:01 1054953                    /lib/x86_64-linux-gnu/libc-2.19.so
7f62134b1000-7f62134b3000 rw-p 001bf000 08:01 1054953                    /lib/x86_64-linux-gnu/libc-2.19.so
7f62134b3000-7f62134b8000 rw-p 00000000 00:00 0 
7f62134b8000-7f62134bb000 r-xp 00000000 08:01 1054947                    /lib/x86_64-linux-gnu/libdl-2.19.so
7f62134bb000-7f62136ba000 ---p 00003000 08:01 1054947                    /lib/x86_64-linux-gnu/libdl-2.19.so
7f62136ba000-7f62136bb000 r--p 00002000 08:01 1054947                    /lib/x86_64-linux-gnu/libdl-2.19.so
7f62136bb000-7f62136bc000 rw-p 00003000 08:01 1054947                    /lib/x86_64-linux-gnu/libdl-2.19.so
7f62136bc000-7f62136d2000 r-xp 00000000 08:01 3539470                    /usr/java/jdk1.7.0_07/jre/lib/amd64/jli/libjli.so
7f62136d2000-7f62138d1000 ---p 00016000 08:01 3539470                    /usr/java/jdk1.7.0_07/jre/lib/amd64/jli/libjli.so
7f62138d1000-7f62138d2000 rw-p 00015000 08:01 3539470                    /usr/java/jdk1.7.0_07/jre/lib/amd64/jli/libjli.so
7f62138d2000-7f62138eb000 r-xp 00000000 08:01 1054942                    /lib/x86_64-linux-gnu/libpthread-2.19.so
7f62138eb000-7f6213aea000 ---p 00019000 08:01 1054942                    /lib/x86_64-linux-gnu/libpthread-2.19.so
7f6213aea000-7f6213aeb000 r--p 00018000 08:01 1054942                    /lib/x86_64-linux-gnu/libpthread-2.19.so
7f6213aeb000-7f6213aec000 rw-p 00019000 08:01 1054942                    /lib/x86_64-linux-gnu/libpthread-2.19.so
7f6213aec000-7f6213af0000 rw-p 00000000 00:00 0 
7f6213af0000-7f6213b13000 r-xp 00000000 08:01 1054950                    /lib/x86_64-linux-gnu/ld-2.19.so
7f6213b1e000-7f6213b87000 rw-p 00000000 00:00 0 
7f6213b87000-7f6213ba5000 rw-p 00000000 00:00 0 
7f6213ba5000-7f6213bda000 r--s 00000000 08:01 5770122                    /var/cache/nscd/passwd
7f6213bda000-7f6213bdd000 ---p 00000000 00:00 0 
7f6213bdd000-7f6213cdf000 rw-p 00000000 00:00 0                          [stack:19642]
7f6213d04000-7f6213d06000 rw-p 00000000 00:00 0 
7f6213d06000-7f6213d0e000 rw-s 00000000 08:01 6949235                    /tmp/hsperfdata_edwasa01/19640
7f6213d0e000-7f6213d0f000 rw-p 00000000 00:00 0 
7f6213d0f000-7f6213d10000 r--p 00000000 00:00 0 
7f6213d10000-7f6213d12000 rw-p 00000000 00:00 0 
7f6213d12000-7f6213d13000 r--p 00022000 08:01 1054950                    /lib/x86_64-linux-gnu/ld-2.19.so
7f6213d13000-7f6213d14000 rw-p 00023000 08:01 1054950                    /lib/x86_64-linux-gnu/ld-2.19.so
7f6213d14000-7f6213d15000 rw-p 00000000 00:00 0 
7fff6db60000-7fff6db81000 rw-p 00000000 00:00 0                          [stack]
7fff6dbfe000-7fff6dc00000 r-xp 00000000 00:00 0                          [vdso]
ffffffffff600000-ffffffffff601000 r-xp 00000000 00:00 0                  [vsyscall]

VM Arguments:
jvm_args: -Dfile.encoding=UTF-8 -Xbootclasspath/p:/usr/local/android-sdk-linux/platforms/android-17/android.jar 
java_command: com.example.cs112bandroid.BattleshipAdvisorGUI
Launcher Type: SUN_STANDARD

Environment Variables:
JAVA_HOME=/usr/java/latest
CLASSPATH=.:/Courses/general/src:/Courses/cs111
PATH=.:/Accounts/turing/students/s17/edwasa01/bin:/bin:/usr/bin:/usr/local/bin:/Courses/general/bin:/usr/local/lejos_nxj/bin:/usr/games:/usr/local/lejos_nxj/bin
LD_LIBRARY_PATH=/usr/local/lejos_nxj/bin:/usr/lib:/usr/local/lib
SHELL=/bin/bash
DISPLAY=:0.0

Signal Handlers:
SIGSEGV: [libjvm.so+0x8a5a80], sa_mask[0]=0x7ffbfeff, sa_flags=0x10000004
SIGBUS: [libjvm.so+0x8a5a80], sa_mask[0]=0x7ffbfeff, sa_flags=0x10000004
SIGFPE: [libjvm.so+0x741b60], sa_mask[0]=0x7ffbfeff, sa_flags=0x10000004
SIGPIPE: [libjvm.so+0x741b60], sa_mask[0]=0x7ffbfeff, sa_flags=0x10000004
SIGXFSZ: [libjvm.so+0x741b60], sa_mask[0]=0x7ffbfeff, sa_flags=0x10000004
SIGILL: [libjvm.so+0x741b60], sa_mask[0]=0x7ffbfeff, sa_flags=0x10000004
SIGUSR1: SIG_DFL, sa_mask[0]=0x00000000, sa_flags=0x00000000
SIGUSR2: [libjvm.so+0x7414b0], sa_mask[0]=0x00000004, sa_flags=0x10000004
SIGHUP: SIG_DFL, sa_mask[0]=0x00000000, sa_flags=0x00000000
SIGINT: SIG_DFL, sa_mask[0]=0x00000000, sa_flags=0x00000000
SIGTERM: SIG_DFL, sa_mask[0]=0x00000000, sa_flags=0x00000000
SIGQUIT: SIG_DFL, sa_mask[0]=0x00000000, sa_flags=0x00000000


---------------  S Y S T E M  ---------------

OS:jessie/sid

uname:Linux 3.13.0-43-generic #72-Ubuntu SMP Mon Dec 8 19:35:06 UTC 2014 x86_64
libc:glibc 2.19 NPTL 2.19 
rlimit: STACK 8192k, CORE 0k, NPROC 63361, NOFILE 4096, AS infinity
load average:0.17 0.14 0.14

/proc/meminfo:
MemTotal:        8131852 kB
MemFree:          875204 kB
Buffers:          427004 kB
Cached:          4787716 kB
SwapCached:            0 kB
Active:          3637256 kB
Inactive:        2915000 kB
Active(anon):    1306956 kB
Inactive(anon):    63944 kB
Active(file):    2330300 kB
Inactive(file):  2851056 kB
Unevictable:          32 kB
Mlocked:              32 kB
SwapTotal:       8342524 kB
SwapFree:        8342524 kB
Dirty:               176 kB
Writeback:             0 kB
AnonPages:       1337696 kB
Mapped:           328772 kB
Shmem:             33248 kB
Slab:             350508 kB
SReclaimable:     286096 kB
SUnreclaim:        64412 kB
KernelStack:        5352 kB
PageTables:        45588 kB
NFS_Unstable:          0 kB
Bounce:                0 kB
WritebackTmp:          0 kB
CommitLimit:    12408448 kB
Committed_AS:    4612124 kB
VmallocTotal:   34359738367 kB
VmallocUsed:      113996 kB
VmallocChunk:   34359591500 kB
HardwareCorrupted:     0 kB
AnonHugePages:    681984 kB
HugePages_Total:       0
HugePages_Free:        0
HugePages_Rsvd:        0
HugePages_Surp:        0
Hugepagesize:       2048 kB
DirectMap4k:      671184 kB
DirectMap2M:     7673856 kB


CPU:total 8 (4 cores per cpu, 2 threads per core) family 6 model 42 stepping 7, cmov, cx8, fxsr, mmx, sse, sse2, sse3, ssse3, sse4.1, sse4.2, popcnt, avx, ht, tsc, tscinvbit

/proc/cpuinfo:
processor	: 0
vendor_id	: GenuineIntel
cpu family	: 6
model		: 42
model name	: Intel(R) Core(TM) i7-2600 CPU @ 3.40GHz
stepping	: 7
microcode	: 0x14
cpu MHz		: 2000.000
cache size	: 8192 KB
physical id	: 0
siblings	: 8
core id		: 0
cpu cores	: 4
apicid		: 0
initial apicid	: 0
fpu		: yes
fpu_exception	: yes
cpuid level	: 13
wp		: yes
flags		: fpu vme de pse tsc msr pae mce cx8 apic sep mtrr pge mca cmov pat pse36 clflush dts acpi mmx fxsr sse sse2 ss ht tm pbe syscall nx rdtscp lm constant_tsc arch_perfmon pebs bts rep_good nopl xtopology nonstop_tsc aperfmperf eagerfpu pni pclmulqdq dtes64 monitor ds_cpl vmx smx est tm2 ssse3 cx16 xtpr pdcm pcid sse4_1 sse4_2 x2apic popcnt tsc_deadline_timer aes xsave avx lahf_lm ida arat epb xsaveopt pln pts dtherm tpr_shadow vnmi flexpriority ept vpid
bogomips	: 6784.85
clflush size	: 64
cache_alignment	: 64
address sizes	: 36 bits physical, 48 bits virtual
power management:

processor	: 1
vendor_id	: GenuineIntel
cpu family	: 6
model		: 42
model name	: Intel(R) Core(TM) i7-2600 CPU @ 3.40GHz
stepping	: 7
microcode	: 0x14
cpu MHz		: 3401.000
cache size	: 8192 KB
physical id	: 0
siblings	: 8
core id		: 1
cpu cores	: 4
apicid		: 2
initial apicid	: 2
fpu		: yes
fpu_exception	: yes
cpuid level	: 13
wp		: yes
flags		: fpu vme de pse tsc msr pae mce cx8 apic sep mtrr pge mca cmov pat pse36 clflush dts acpi mmx fxsr sse sse2 ss ht tm pbe syscall nx rdtscp lm constant_tsc arch_perfmon pebs bts rep_good nopl xtopology nonstop_tsc aperfmperf eagerfpu pni pclmulqdq dtes64 monitor ds_cpl vmx smx est tm2 ssse3 cx16 xtpr pdcm pcid sse4_1 sse4_2 x2apic popcnt tsc_deadline_timer aes xsave avx lahf_lm ida arat epb xsaveopt pln pts dtherm tpr_shadow vnmi flexpriority ept vpid
bogomips	: 6784.85
clflush size	: 64
cache_alignment	: 64
address sizes	: 36 bits physical, 48 bits virtual
power management:

processor	: 2
vendor_id	: GenuineIntel
cpu family	: 6
model		: 42
model name	: Intel(R) Core(TM) i7-2600 CPU @ 3.40GHz
stepping	: 7
microcode	: 0x14
cpu MHz		: 3400.000
cache size	: 8192 KB
physical id	: 0
siblings	: 8
core id		: 2
cpu cores	: 4
apicid		: 4
initial apicid	: 4
fpu		: yes
fpu_exception	: yes
cpuid level	: 13
wp		: yes
flags		: fpu vme de pse tsc msr pae mce cx8 apic sep mtrr pge mca cmov pat pse36 clflush dts acpi mmx fxsr sse sse2 ss ht tm pbe syscall nx rdtscp lm constant_tsc arch_perfmon pebs bts rep_good nopl xtopology nonstop_tsc aperfmperf eagerfpu pni pclmulqdq dtes64 monitor ds_cpl vmx smx est tm2 ssse3 cx16 xtpr pdcm pcid sse4_1 sse4_2 x2apic popcnt tsc_deadline_timer aes xsave avx lahf_lm ida arat epb xsaveopt pln pts dtherm tpr_shadow vnmi flexpriority ept vpid
bogomips	: 6784.85
clflush size	: 64
cache_alignment	: 64
address sizes	: 36 bits physical, 48 bits virtual
power management:

processor	: 3
vendor_id	: GenuineIntel
cpu family	: 6
model		: 42
model name	: Intel(R) Core(TM) i7-2600 CPU @ 3.40GHz
stepping	: 7
microcode	: 0x14
cpu MHz		: 1600.000
cache size	: 8192 KB
physical id	: 0
siblings	: 8
core id		: 3
cpu cores	: 4
apicid		: 6
initial apicid	: 6
fpu		: yes
fpu_exception	: yes
cpuid level	: 13
wp		: yes
flags		: fpu vme de pse tsc msr pae mce cx8 apic sep mtrr pge mca cmov pat pse36 clflush dts acpi mmx fxsr sse sse2 ss ht tm pbe syscall nx rdtscp lm constant_tsc arch_perfmon pebs bts rep_good nopl xtopology nonstop_tsc aperfmperf eagerfpu pni pclmulqdq dtes64 monitor ds_cpl vmx smx est tm2 ssse3 cx16 xtpr pdcm pcid sse4_1 sse4_2 x2apic popcnt tsc_deadline_timer aes xsave avx lahf_lm ida arat epb xsaveopt pln pts dtherm tpr_shadow vnmi flexpriority ept vpid
bogomips	: 6784.85
clflush size	: 64
cache_alignment	: 64
address sizes	: 36 bits physical, 48 bits virtual
power management:

processor	: 4
vendor_id	: GenuineIntel
cpu family	: 6
model		: 42
model name	: Intel(R) Core(TM) i7-2600 CPU @ 3.40GHz
stepping	: 7
microcode	: 0x14
cpu MHz		: 1600.000
cache size	: 8192 KB
physical id	: 0
siblings	: 8
core id		: 0
cpu cores	: 4
apicid		: 1
initial apicid	: 1
fpu		: yes
fpu_exception	: yes
cpuid level	: 13
wp		: yes
flags		: fpu vme de pse tsc msr pae mce cx8 apic sep mtrr pge mca cmov pat pse36 clflush dts acpi mmx fxsr sse sse2 ss ht tm pbe syscall nx rdtscp lm constant_tsc arch_perfmon pebs bts rep_good nopl xtopology nonstop_tsc aperfmperf eagerfpu pni pclmulqdq dtes64 monitor ds_cpl vmx smx est tm2 ssse3 cx16 xtpr pdcm pcid sse4_1 sse4_2 x2apic popcnt tsc_deadline_timer aes xsave avx lahf_lm ida arat epb xsaveopt pln pts dtherm tpr_shadow vnmi flexpriority ept vpid
bogomips	: 6784.85
clflush size	: 64
cache_alignment	: 64
address sizes	: 36 bits physical, 48 bits virtual
power management:

processor	: 5
vendor_id	: GenuineIntel
cpu family	: 6
model		: 42
model name	: Intel(R) Core(TM) i7-2600 CPU @ 3.40GHz
stepping	: 7
microcode	: 0x14
cpu MHz		: 3000.000
cache size	: 8192 KB
physical id	: 0
siblings	: 8
core id		: 1
cpu cores	: 4
apicid		: 3
initial apicid	: 3
fpu		: yes
fpu_exception	: yes
cpuid level	: 13
wp		: yes
flags		: fpu vme de pse tsc msr pae mce cx8 apic sep mtrr pge mca cmov pat pse36 clflush dts acpi mmx fxsr sse sse2 ss ht tm pbe syscall nx rdtscp lm constant_tsc arch_perfmon pebs bts rep_good nopl xtopology nonstop_tsc aperfmperf eagerfpu pni pclmulqdq dtes64 monitor ds_cpl vmx smx est tm2 ssse3 cx16 xtpr pdcm pcid sse4_1 sse4_2 x2apic popcnt tsc_deadline_timer aes xsave avx lahf_lm ida arat epb xsaveopt pln pts dtherm tpr_shadow vnmi flexpriority ept vpid
bogomips	: 6784.85
clflush size	: 64
cache_alignment	: 64
address sizes	: 36 bits physical, 48 bits virtual
power management:

processor	: 6
vendor_id	: GenuineIntel
cpu family	: 6
model		: 42
model name	: Intel(R) Core(TM) i7-2600 CPU @ 3.40GHz
stepping	: 7
microcode	: 0x14
cpu MHz		: 1600.000
cache size	: 8192 KB
physical id	: 0
siblings	: 8
core id		: 2
cpu cores	: 4
apicid		: 5
initial apicid	: 5
fpu		: yes
fpu_exception	: yes
cpuid level	: 13
wp		: yes
flags		: fpu vme de pse tsc msr pae mce cx8 apic sep mtrr pge mca cmov pat pse36 clflush dts acpi mmx fxsr sse sse2 ss ht tm pbe syscall nx rdtscp lm constant_tsc arch_perfmon pebs bts rep_good nopl xtopology nonstop_tsc aperfmperf eagerfpu pni pclmulqdq dtes64 monitor ds_cpl vmx smx est tm2 ssse3 cx16 xtpr pdcm pcid sse4_1 sse4_2 x2apic popcnt tsc_deadline_timer aes xsave avx lahf_lm ida arat epb xsaveopt pln pts dtherm tpr_shadow vnmi flexpriority ept vpid
bogomips	: 6784.85
clflush size	: 64
cache_alignment	: 64
address sizes	: 36 bits physical, 48 bits virtual
power management:

processor	: 7
vendor_id	: GenuineIntel
cpu family	: 6
model		: 42
model name	: Intel(R) Core(TM) i7-2600 CPU @ 3.40GHz
stepping	: 7
microcode	: 0x14
cpu MHz		: 1600.000
cache size	: 8192 KB
physical id	: 0
siblings	: 8
core id		: 3
cpu cores	: 4
apicid		: 7
initial apicid	: 7
fpu		: yes
fpu_exception	: yes
cpuid level	: 13
wp		: yes
flags		: fpu vme de pse tsc msr pae mce cx8 apic sep mtrr pge mca cmov pat pse36 clflush dts acpi mmx fxsr sse sse2 ss ht tm pbe syscall nx rdtscp lm constant_tsc arch_perfmon pebs bts rep_good nopl xtopology nonstop_tsc aperfmperf eagerfpu pni pclmulqdq dtes64 monitor ds_cpl vmx smx est tm2 ssse3 cx16 xtpr pdcm pcid sse4_1 sse4_2 x2apic popcnt tsc_deadline_timer aes xsave avx lahf_lm ida arat epb xsaveopt pln pts dtherm tpr_shadow vnmi flexpriority ept vpid
bogomips	: 6784.85
clflush size	: 64
cache_alignment	: 64
address sizes	: 36 bits physical, 48 bits virtual
power management:



Memory: 4k page, physical 8131852k(875204k free), swap 8342524k(8342524k free)

vm_info: Java HotSpot(TM) 64-Bit Server VM (23.3-b01) for linux-amd64 JRE (1.7.0_07-b10), built on Aug 28 2012 17:44:05 by "java_re" with gcc 4.3.0 20080428 (Red Hat 4.3.0-8)

time: Tue Apr 28 09:34:55 2015
elapsed time: 0 seconds

